#
# A fatal error has been detected by the Java Runtime Environment:
#
#  Internal Error (macroAssembler_x86.cpp:864), pid=10020, tid=12372
#  fatal error: DEBUG MESSAGE: unimplemented bytecode
#
# JRE version: OpenJDK Runtime Environment JBR-17.0.11+1-1207.24-jcef (17.0.11+1) (build 17.0.11+1-b1207.24)
# Java VM: OpenJDK 64-Bit Server VM JBR-17.0.11+1-1207.24-jcef (17.0.11+1-b1207.24, mixed mode, tiered, compressed oops, compressed class ptrs, g1 gc, windows-amd64)
# No core dump will be written. Minidumps are not enabled by default on client versions of Windows
#
# If you would like to submit a bug report, please visit:
#   https://youtrack.jetbrains.com/issues/JBR
#

---------------  S U M M A R Y ------------

Command Line: -Djava.rmi.server.hostname=127.0.0.1 -Duser.timezone=UTC -Xmx2048m -Xms128m -Djdbc.classpath=C:\Program Files\JetBrains\IntelliJ IDEA 2024.1.2\plugins\DatabaseTools\lib\jdbc-console.jar;C:\Users\User\AppData\Roaming\JetBrains\IntelliJIdea2024.1\jdbc-drivers\PostgreSQL\42.6.0\org\postgresql\postgresql\42.6.0\postgresql-42.6.0.jar;C:\Users\User\AppData\Roaming\JetBrains\IntelliJIdea2024.1\jdbc-drivers\PostgreSQL\42.6.0\org\checkerframework\checker-qual\3.31.0\checker-qual-3.31.0.jar;C:\Users\User\AppData\Roaming\JetBrains\IntelliJIdea2024.1\jdbc-drivers\PostgreSQL\42.6.0\com\github\waffle\waffle-jna\1.9.1\waffle-jna-1.9.1.jar;C:\Users\User\AppData\Roaming\JetBrains\IntelliJIdea2024.1\jdbc-drivers\PostgreSQL\42.6.0\net\java\dev\jna\jna\4.5.1\jna-4.5.1.jar;C:\Users\User\AppData\Roaming\JetBrains\IntelliJIdea2024.1\jdbc-drivers\PostgreSQL\42.6.0\net\java\dev\jna\jna-platform\4.5.1\jna-platform-4.5.1.jar;C:\Users\User\AppData\Roaming\JetBrains\IntelliJIdea2024.1\jdbc-drivers\PostgreSQL\42.6.0\org\slf4j\jcl-over-slf4j\1.7.25\jcl-over-slf4j-1.7.25.jar;C:\Users\User\AppData\Roaming\JetBrains\IntelliJIdea2024.1\jdbc-drivers\PostgreSQL\42.6.0\org\slf4j\slf4j-api\1.7.25\slf4j-api-1.7.25.jar;C:\Users\User\AppData\Roaming\JetBrains\IntelliJIdea2024.1\jdbc-drivers\PostgreSQL\42.6.0\com\github\ben-manes\caffeine\caffeine\2.6.2\caffeine-2.6.2.jar --add-exports=java.desktop/sun.awt=ALL-UNNAMED --add-exports=java.desktop/java.awt.peer=ALL-UNNAMED --add-opens=java.desktop/java.awt=ALL-UNNAMED --add-opens=jdk.unsupported/sun.misc=ALL-UNNAMED --add-opens=java.base/java.nio=ALL-UNNAMED --add-opens=java.base/java.util=ALL-UNNAMED -Dfile.encoding=UTF-8 com.intellij.database.remote.RemoteJdbcServer org.postgresql.Driver

Host: Intel(R) Core(TM) i5-4200U CPU @ 1.60GHz, 4 cores, 15G,  Windows 10 , 64 bit Build 19041 (10.0.19041.3636)
Time: Thu May 30 22:24:09 2024 Central Daylight Time elapsed time: 1.048918 seconds (0d 0h 0m 1s)

---------------  T H R E A D  ---------------

Current thread (0x000002a1ad14bd60):  JavaThread "RMI TCP Connection(4)-127.0.0.1" daemon [_thread_in_Java, id=12372, stack(0x000000b265a00000,0x000000b265b00000)]

Stack: [0x000000b265a00000,0x000000b265b00000]
Native frames: (J=compiled Java code, j=interpreted, Vv=VM code, C=native code)
V  [jvm.dll+0x6877f9]
V  [jvm.dll+0x8411aa]
V  [jvm.dll+0x842e2e]
V  [jvm.dll+0x249cfb]
V  [jvm.dll+0x5bcb1e]
C  0x000002a199af905b

The last pc belongs to error exits (printed below).
error exits  [0x000002a199af9040, 0x000002a199af9080]  64 bytes
[MachCode]
  0x000002a199af9040: 48b9 d03c | 0346 fa7f | 0000 4883 | e4f0 49ba | 70ca c145 | fa7f 0000 | 41ff d2f4 | 48b9 e83c 
  0x000002a199af9060: 0346 fa7f | 0000 4883 | e4f0 49ba | 70ca c145 | fa7f 0000 | 41ff d2f4 | 0000 0000 | 0000 0000 
[/MachCode]

---------------  P R O C E S S  ---------------

Threads class SMR info:
_java_thread_list=0x000002a1ad1d2860, length=23, elements={
0x000002a18ee2bcb0, 0x000002a1a86cdd40, 0x000002a1a86cead0, 0x000002a1a88505c0,
0x000002a1a8852fa0, 0x000002a1a8862ac0, 0x000002a1a8863db0, 0x000002a1a8867eb0,
0x000002a1a88687c0, 0x000002a1a886bce0, 0x000002a1a89f9f60, 0x000002a1a89fc450,
0x000002a1ad0ff0f0, 0x000002a1ad11bfc0, 0x000002a1ad11c4a0, 0x000002a1ad11c980,
0x000002a1ad126a50, 0x000002a1ad12cfe0, 0x000002a1ad279bb0, 0x000002a1ad1de8c0,
0x000002a1ad14bd60, 0x000002a1ad0f86f0, 0x000002a1ad0f6da0
}

Java Threads: ( => current thread )
  0x000002a18ee2bcb0 JavaThread "main" [_thread_blocked, id=9396, stack(0x000000b263f00000,0x000000b264000000)]
  0x000002a1a86cdd40 JavaThread "Reference Handler" daemon [_thread_blocked, id=7652, stack(0x000000b264600000,0x000000b264700000)]
  0x000002a1a86cead0 JavaThread "Finalizer" daemon [_thread_blocked, id=3668, stack(0x000000b264700000,0x000000b264800000)]
  0x000002a1a88505c0 JavaThread "Signal Dispatcher" daemon [_thread_blocked, id=1876, stack(0x000000b264800000,0x000000b264900000)]
  0x000002a1a8852fa0 JavaThread "Attach Listener" daemon [_thread_blocked, id=13668, stack(0x000000b264900000,0x000000b264a00000)]
  0x000002a1a8862ac0 JavaThread "Service Thread" daemon [_thread_blocked, id=9232, stack(0x000000b264a00000,0x000000b264b00000)]
  0x000002a1a8863db0 JavaThread "Monitor Deflation Thread" daemon [_thread_blocked, id=8952, stack(0x000000b264b00000,0x000000b264c00000)]
  0x000002a1a8867eb0 JavaThread "C2 CompilerThread0" daemon [_thread_blocked, id=11340, stack(0x000000b264c00000,0x000000b264d00000)]
  0x000002a1a88687c0 JavaThread "C1 CompilerThread0" daemon [_thread_blocked, id=14296, stack(0x000000b264d00000,0x000000b264e00000)]
  0x000002a1a886bce0 JavaThread "Sweeper thread" daemon [_thread_blocked, id=13968, stack(0x000000b264e00000,0x000000b264f00000)]
  0x000002a1a89f9f60 JavaThread "Common-Cleaner" daemon [_thread_blocked, id=12876, stack(0x000000b264f00000,0x000000b265000000)]
  0x000002a1a89fc450 JavaThread "Notification Thread" daemon [_thread_blocked, id=4076, stack(0x000000b265000000,0x000000b265100000)]
  0x000002a1ad0ff0f0 JavaThread "RMI TCP Accept-46691" daemon [_thread_in_native, id=9440, stack(0x000000b265200000,0x000000b265300000)]
  0x000002a1ad11bfc0 JavaThread "RMI TCP Accept-0" daemon [_thread_in_native, id=1768, stack(0x000000b265300000,0x000000b265400000)]
  0x000002a1ad11c4a0 JavaThread "RMI Reaper" [_thread_blocked, id=4820, stack(0x000000b265400000,0x000000b265500000)]
  0x000002a1ad11c980 JavaThread "RMI GC Daemon" daemon [_thread_blocked, id=13424, stack(0x000000b265500000,0x000000b265600000)]
  0x000002a1ad126a50 JavaThread "RMI TCP Connection(1)-127.0.0.1" daemon [_thread_in_native, id=13140, stack(0x000000b265600000,0x000000b265700000)]
  0x000002a1ad12cfe0 JavaThread "RMI TCP Connection(2)-127.0.0.1" daemon [_thread_in_native, id=7492, stack(0x000000b265700000,0x000000b265800000)]
  0x000002a1ad279bb0 JavaThread "C2 CompilerThread1" daemon [_thread_in_native, id=13780, stack(0x000000b265800000,0x000000b265900000)]
  0x000002a1ad1de8c0 JavaThread "RMI TCP Connection(3)-127.0.0.1" daemon [_thread_in_native, id=7916, stack(0x000000b265900000,0x000000b265a00000)]
=>0x000002a1ad14bd60 JavaThread "RMI TCP Connection(4)-127.0.0.1" daemon [_thread_in_Java, id=12372, stack(0x000000b265a00000,0x000000b265b00000)]
  0x000002a1ad0f86f0 JavaThread "RMI Scheduler(0)" daemon [_thread_blocked, id=13200, stack(0x000000b265b00000,0x000000b265c00000)]
  0x000002a1ad0f6da0 JavaThread "RMI RenewClean-[127.0.0.1:49919]" daemon [_thread_blocked, id=2244, stack(0x000000b265c00000,0x000000b265d00000)]

Other Threads:
  0x000002a1a86e2960 VMThread "VM Thread" [stack: 0x000000b264500000,0x000000b264600000] [id=12504]
  0x000002a1a88e2f90 WatcherThread [stack: 0x000000b265100000,0x000000b265200000] [id=9044]
  0x000002a18ee85180 GCTaskThread "GC Thread#0" [stack: 0x000000b264000000,0x000000b264100000] [id=460]
  0x000002a1ad3a0760 GCTaskThread "GC Thread#1" [stack: 0x000000b265e00000,0x000000b265f00000] [id=12952]
  0x000002a1ad3a0a20 GCTaskThread "GC Thread#2" [stack: 0x000000b265f00000,0x000000b266000000] [id=3900]
  0x000002a1ad7f0c70 GCTaskThread "GC Thread#3" [stack: 0x000000b266000000,0x000000b266100000] [id=500]
  0x000002a18ee95fe0 ConcurrentGCThread "G1 Main Marker" [stack: 0x000000b264100000,0x000000b264200000] [id=4828]
  0x000002a18ee970b0 ConcurrentGCThread "G1 Conc#0" [stack: 0x000000b264200000,0x000000b264300000] [id=13116]
  0x000002a1a85124b0 ConcurrentGCThread "G1 Refine#0" [stack: 0x000000b264300000,0x000000b264400000] [id=11416]
  0x000002a1adbdfd90 ConcurrentGCThread "G1 Refine#1" [stack: 0x000000b266100000,0x000000b266200000] [id=7360]
  0x000002a1ad34c4b0 ConcurrentGCThread "G1 Refine#2" [stack: 0x000000b266200000,0x000000b266300000] [id=12464]
  0x000002a1a8512a00 ConcurrentGCThread "G1 Service" [stack: 0x000000b264400000,0x000000b264500000] [id=9576]

Threads with active compile tasks:
C2 CompilerThread1     1066  887       4       jdk.internal.org.objectweb.asm.Frame::execute (2305 bytes)

VM state: not at safepoint (normal execution)

VM Mutex/Monitor currently owned by a thread: None

Heap address: 0x0000000080000000, size: 2048 MB, Compressed Oops mode: 32-bit

CDS archive(s) not mapped
Compressed class space mapped at: 0x0000000100000000-0x0000000140000000, reserved size: 1073741824
Narrow klass base: 0x0000000000000000, Narrow klass shift: 3, Narrow klass range: 0x140000000

GC Precious Log:
 CPUs: 4 total, 4 available
 Memory: 16268M
 Large Page Support: Disabled
 NUMA Support: Disabled
 Compressed Oops: Enabled (32-bit)
 Heap Region Size: 1M
 Heap Min Capacity: 128M
 Heap Initial Capacity: 128M
 Heap Max Capacity: 2G
 Pre-touch: Disabled
 Parallel Workers: 4
 Concurrent Workers: 1
 Concurrent Refinement Workers: 4
 Periodic GC: Disabled

Heap:
 garbage-first heap   total 131072K, used 7920K [0x0000000080000000, 0x0000000100000000)
  region size 1024K, 4 young (4096K), 2 survivors (2048K)
 Metaspace       used 15837K, committed 16192K, reserved 1114112K
  class space    used 1688K, committed 1856K, reserved 1048576K

Heap Regions: E=young(eden), S=young(survivor), O=old, HS=humongous(starts), HC=humongous(continues), CS=collection set, F=free, OA=open archive, CA=closed archive, TAMS=top-at-mark-start (previous, next)
|   0|0x0000000080000000, 0x0000000080100000, 0x0000000080100000|100%|HS|  |TAMS 0x0000000080000000, 0x0000000080000000| Complete 
|   1|0x0000000080100000, 0x0000000080200000, 0x0000000080200000|100%|HC|  |TAMS 0x0000000080100000, 0x0000000080100000| Complete 
|   2|0x0000000080200000, 0x0000000080300000, 0x0000000080300000|100%|HC|  |TAMS 0x0000000080200000, 0x0000000080200000| Complete 
|   3|0x0000000080300000, 0x0000000080400000, 0x0000000080400000|100%| O|  |TAMS 0x0000000080300000, 0x0000000080300000| Untracked 
|   4|0x0000000080400000, 0x00000000804bc200, 0x0000000080500000| 73%| O|  |TAMS 0x0000000080400000, 0x0000000080400000| Untracked 
|   5|0x0000000080500000, 0x0000000080500000, 0x0000000080600000|  0%| F|  |TAMS 0x0000000080500000, 0x0000000080500000| Untracked 
|   6|0x0000000080600000, 0x0000000080600000, 0x0000000080700000|  0%| F|  |TAMS 0x0000000080600000, 0x0000000080600000| Untracked 
|   7|0x0000000080700000, 0x0000000080700000, 0x0000000080800000|  0%| F|  |TAMS 0x0000000080700000, 0x0000000080700000| Untracked 
|   8|0x0000000080800000, 0x0000000080800000, 0x0000000080900000|  0%| F|  |TAMS 0x0000000080800000, 0x0000000080800000| Untracked 
|   9|0x0000000080900000, 0x0000000080900000, 0x0000000080a00000|  0%| F|  |TAMS 0x0000000080900000, 0x0000000080900000| Untracked 
|  10|0x0000000080a00000, 0x0000000080a00000, 0x0000000080b00000|  0%| F|  |TAMS 0x0000000080a00000, 0x0000000080a00000| Untracked 
|  11|0x0000000080b00000, 0x0000000080b00000, 0x0000000080c00000|  0%| F|  |TAMS 0x0000000080b00000, 0x0000000080b00000| Untracked 
|  12|0x0000000080c00000, 0x0000000080c00000, 0x0000000080d00000|  0%| F|  |TAMS 0x0000000080c00000, 0x0000000080c00000| Untracked 
|  13|0x0000000080d00000, 0x0000000080d00000, 0x0000000080e00000|  0%| F|  |TAMS 0x0000000080d00000, 0x0000000080d00000| Untracked 
|  14|0x0000000080e00000, 0x0000000080e00000, 0x0000000080f00000|  0%| F|  |TAMS 0x0000000080e00000, 0x0000000080e00000| Untracked 
|  15|0x0000000080f00000, 0x0000000080f00000, 0x0000000081000000|  0%| F|  |TAMS 0x0000000080f00000, 0x0000000080f00000| Untracked 
|  16|0x0000000081000000, 0x0000000081000000, 0x0000000081100000|  0%| F|  |TAMS 0x0000000081000000, 0x0000000081000000| Untracked 
|  17|0x0000000081100000, 0x0000000081100000, 0x0000000081200000|  0%| F|  |TAMS 0x0000000081100000, 0x0000000081100000| Untracked 
|  18|0x0000000081200000, 0x0000000081200000, 0x0000000081300000|  0%| F|  |TAMS 0x0000000081200000, 0x0000000081200000| Untracked 
|  19|0x0000000081300000, 0x0000000081300000, 0x0000000081400000|  0%| F|  |TAMS 0x0000000081300000, 0x0000000081300000| Untracked 
|  20|0x0000000081400000, 0x0000000081400000, 0x0000000081500000|  0%| F|  |TAMS 0x0000000081400000, 0x0000000081400000| Untracked 
|  21|0x0000000081500000, 0x0000000081500000, 0x0000000081600000|  0%| F|  |TAMS 0x0000000081500000, 0x0000000081500000| Untracked 
|  22|0x0000000081600000, 0x0000000081600000, 0x0000000081700000|  0%| F|  |TAMS 0x0000000081600000, 0x0000000081600000| Untracked 
|  23|0x0000000081700000, 0x0000000081700000, 0x0000000081800000|  0%| F|  |TAMS 0x0000000081700000, 0x0000000081700000| Untracked 
|  24|0x0000000081800000, 0x0000000081800000, 0x0000000081900000|  0%| F|  |TAMS 0x0000000081800000, 0x0000000081800000| Untracked 
|  25|0x0000000081900000, 0x0000000081900000, 0x0000000081a00000|  0%| F|  |TAMS 0x0000000081900000, 0x0000000081900000| Untracked 
|  26|0x0000000081a00000, 0x0000000081a00000, 0x0000000081b00000|  0%| F|  |TAMS 0x0000000081a00000, 0x0000000081a00000| Untracked 
|  27|0x0000000081b00000, 0x0000000081b00000, 0x0000000081c00000|  0%| F|  |TAMS 0x0000000081b00000, 0x0000000081b00000| Untracked 
|  28|0x0000000081c00000, 0x0000000081c00000, 0x0000000081d00000|  0%| F|  |TAMS 0x0000000081c00000, 0x0000000081c00000| Untracked 
|  29|0x0000000081d00000, 0x0000000081d00000, 0x0000000081e00000|  0%| F|  |TAMS 0x0000000081d00000, 0x0000000081d00000| Untracked 
|  30|0x0000000081e00000, 0x0000000081e00000, 0x0000000081f00000|  0%| F|  |TAMS 0x0000000081e00000, 0x0000000081e00000| Untracked 
|  31|0x0000000081f00000, 0x0000000081f00000, 0x0000000082000000|  0%| F|  |TAMS 0x0000000081f00000, 0x0000000081f00000| Untracked 
|  32|0x0000000082000000, 0x0000000082000000, 0x0000000082100000|  0%| F|  |TAMS 0x0000000082000000, 0x0000000082000000| Untracked 
|  33|0x0000000082100000, 0x0000000082100000, 0x0000000082200000|  0%| F|  |TAMS 0x0000000082100000, 0x0000000082100000| Untracked 
|  34|0x0000000082200000, 0x0000000082200000, 0x0000000082300000|  0%| F|  |TAMS 0x0000000082200000, 0x0000000082200000| Untracked 
|  35|0x0000000082300000, 0x0000000082300000, 0x0000000082400000|  0%| F|  |TAMS 0x0000000082300000, 0x0000000082300000| Untracked 
|  36|0x0000000082400000, 0x0000000082400000, 0x0000000082500000|  0%| F|  |TAMS 0x0000000082400000, 0x0000000082400000| Untracked 
|  37|0x0000000082500000, 0x0000000082500000, 0x0000000082600000|  0%| F|  |TAMS 0x0000000082500000, 0x0000000082500000| Untracked 
|  38|0x0000000082600000, 0x0000000082600000, 0x0000000082700000|  0%| F|  |TAMS 0x0000000082600000, 0x0000000082600000| Untracked 
|  39|0x0000000082700000, 0x0000000082700000, 0x0000000082800000|  0%| F|  |TAMS 0x0000000082700000, 0x0000000082700000| Untracked 
|  40|0x0000000082800000, 0x0000000082800000, 0x0000000082900000|  0%| F|  |TAMS 0x0000000082800000, 0x0000000082800000| Untracked 
|  41|0x0000000082900000, 0x0000000082900000, 0x0000000082a00000|  0%| F|  |TAMS 0x0000000082900000, 0x0000000082900000| Untracked 
|  42|0x0000000082a00000, 0x0000000082a00000, 0x0000000082b00000|  0%| F|  |TAMS 0x0000000082a00000, 0x0000000082a00000| Untracked 
|  43|0x0000000082b00000, 0x0000000082b00000, 0x0000000082c00000|  0%| F|  |TAMS 0x0000000082b00000, 0x0000000082b00000| Untracked 
|  44|0x0000000082c00000, 0x0000000082c00000, 0x0000000082d00000|  0%| F|  |TAMS 0x0000000082c00000, 0x0000000082c00000| Untracked 
|  45|0x0000000082d00000, 0x0000000082d00000, 0x0000000082e00000|  0%| F|  |TAMS 0x0000000082d00000, 0x0000000082d00000| Untracked 
|  46|0x0000000082e00000, 0x0000000082e00000, 0x0000000082f00000|  0%| F|  |TAMS 0x0000000082e00000, 0x0000000082e00000| Untracked 
|  47|0x0000000082f00000, 0x0000000082f00000, 0x0000000083000000|  0%| F|  |TAMS 0x0000000082f00000, 0x0000000082f00000| Untracked 
|  48|0x0000000083000000, 0x0000000083000000, 0x0000000083100000|  0%| F|  |TAMS 0x0000000083000000, 0x0000000083000000| Untracked 
|  49|0x0000000083100000, 0x0000000083100000, 0x0000000083200000|  0%| F|  |TAMS 0x0000000083100000, 0x0000000083100000| Untracked 
|  50|0x0000000083200000, 0x0000000083200000, 0x0000000083300000|  0%| F|  |TAMS 0x0000000083200000, 0x0000000083200000| Untracked 
|  51|0x0000000083300000, 0x0000000083300000, 0x0000000083400000|  0%| F|  |TAMS 0x0000000083300000, 0x0000000083300000| Untracked 
|  52|0x0000000083400000, 0x0000000083400000, 0x0000000083500000|  0%| F|  |TAMS 0x0000000083400000, 0x0000000083400000| Untracked 
|  53|0x0000000083500000, 0x0000000083500000, 0x0000000083600000|  0%| F|  |TAMS 0x0000000083500000, 0x0000000083500000| Untracked 
|  54|0x0000000083600000, 0x0000000083600000, 0x0000000083700000|  0%| F|  |TAMS 0x0000000083600000, 0x0000000083600000| Untracked 
|  55|0x0000000083700000, 0x0000000083700000, 0x0000000083800000|  0%| F|  |TAMS 0x0000000083700000, 0x0000000083700000| Untracked 
|  56|0x0000000083800000, 0x0000000083800000, 0x0000000083900000|  0%| F|  |TAMS 0x0000000083800000, 0x0000000083800000| Untracked 
|  57|0x0000000083900000, 0x0000000083900000, 0x0000000083a00000|  0%| F|  |TAMS 0x0000000083900000, 0x0000000083900000| Untracked 
|  58|0x0000000083a00000, 0x0000000083a00000, 0x0000000083b00000|  0%| F|  |TAMS 0x0000000083a00000, 0x0000000083a00000| Untracked 
|  59|0x0000000083b00000, 0x0000000083b00000, 0x0000000083c00000|  0%| F|  |TAMS 0x0000000083b00000, 0x0000000083b00000| Untracked 
|  60|0x0000000083c00000, 0x0000000083c00000, 0x0000000083d00000|  0%| F|  |TAMS 0x0000000083c00000, 0x0000000083c00000| Untracked 
|  61|0x0000000083d00000, 0x0000000083d00000, 0x0000000083e00000|  0%| F|  |TAMS 0x0000000083d00000, 0x0000000083d00000| Untracked 
|  62|0x0000000083e00000, 0x0000000083e00000, 0x0000000083f00000|  0%| F|  |TAMS 0x0000000083e00000, 0x0000000083e00000| Untracked 
|  63|0x0000000083f00000, 0x0000000083f00000, 0x0000000084000000|  0%| F|  |TAMS 0x0000000083f00000, 0x0000000083f00000| Untracked 
|  64|0x0000000084000000, 0x0000000084000000, 0x0000000084100000|  0%| F|  |TAMS 0x0000000084000000, 0x0000000084000000| Untracked 
|  65|0x0000000084100000, 0x0000000084100000, 0x0000000084200000|  0%| F|  |TAMS 0x0000000084100000, 0x0000000084100000| Untracked 
|  66|0x0000000084200000, 0x0000000084200000, 0x0000000084300000|  0%| F|  |TAMS 0x0000000084200000, 0x0000000084200000| Untracked 
|  67|0x0000000084300000, 0x0000000084300000, 0x0000000084400000|  0%| F|  |TAMS 0x0000000084300000, 0x0000000084300000| Untracked 
|  68|0x0000000084400000, 0x0000000084400000, 0x0000000084500000|  0%| F|  |TAMS 0x0000000084400000, 0x0000000084400000| Untracked 
|  69|0x0000000084500000, 0x0000000084500000, 0x0000000084600000|  0%| F|  |TAMS 0x0000000084500000, 0x0000000084500000| Untracked 
|  70|0x0000000084600000, 0x0000000084600000, 0x0000000084700000|  0%| F|  |TAMS 0x0000000084600000, 0x0000000084600000| Untracked 
|  71|0x0000000084700000, 0x0000000084700000, 0x0000000084800000|  0%| F|  |TAMS 0x0000000084700000, 0x0000000084700000| Untracked 
|  72|0x0000000084800000, 0x0000000084800000, 0x0000000084900000|  0%| F|  |TAMS 0x0000000084800000, 0x0000000084800000| Untracked 
|  73|0x0000000084900000, 0x0000000084900000, 0x0000000084a00000|  0%| F|  |TAMS 0x0000000084900000, 0x0000000084900000| Untracked 
|  74|0x0000000084a00000, 0x0000000084a00000, 0x0000000084b00000|  0%| F|  |TAMS 0x0000000084a00000, 0x0000000084a00000| Untracked 
|  75|0x0000000084b00000, 0x0000000084b00000, 0x0000000084c00000|  0%| F|  |TAMS 0x0000000084b00000, 0x0000000084b00000| Untracked 
|  76|0x0000000084c00000, 0x0000000084c00000, 0x0000000084d00000|  0%| F|  |TAMS 0x0000000084c00000, 0x0000000084c00000| Untracked 
|  77|0x0000000084d00000, 0x0000000084d00000, 0x0000000084e00000|  0%| F|  |TAMS 0x0000000084d00000, 0x0000000084d00000| Untracked 
|  78|0x0000000084e00000, 0x0000000084e00000, 0x0000000084f00000|  0%| F|  |TAMS 0x0000000084e00000, 0x0000000084e00000| Untracked 
|  79|0x0000000084f00000, 0x0000000084f00000, 0x0000000085000000|  0%| F|  |TAMS 0x0000000084f00000, 0x0000000084f00000| Untracked 
|  80|0x0000000085000000, 0x0000000085000000, 0x0000000085100000|  0%| F|  |TAMS 0x0000000085000000, 0x0000000085000000| Untracked 
|  81|0x0000000085100000, 0x0000000085100000, 0x0000000085200000|  0%| F|  |TAMS 0x0000000085100000, 0x0000000085100000| Untracked 
|  82|0x0000000085200000, 0x0000000085200000, 0x0000000085300000|  0%| F|  |TAMS 0x0000000085200000, 0x0000000085200000| Untracked 
|  83|0x0000000085300000, 0x0000000085300000, 0x0000000085400000|  0%| F|  |TAMS 0x0000000085300000, 0x0000000085300000| Untracked 
|  84|0x0000000085400000, 0x0000000085400000, 0x0000000085500000|  0%| F|  |TAMS 0x0000000085400000, 0x0000000085400000| Untracked 
|  85|0x0000000085500000, 0x0000000085500000, 0x0000000085600000|  0%| F|  |TAMS 0x0000000085500000, 0x0000000085500000| Untracked 
|  86|0x0000000085600000, 0x0000000085600000, 0x0000000085700000|  0%| F|  |TAMS 0x0000000085600000, 0x0000000085600000| Untracked 
|  87|0x0000000085700000, 0x0000000085700000, 0x0000000085800000|  0%| F|  |TAMS 0x0000000085700000, 0x0000000085700000| Untracked 
|  88|0x0000000085800000, 0x0000000085800000, 0x0000000085900000|  0%| F|  |TAMS 0x0000000085800000, 0x0000000085800000| Untracked 
|  89|0x0000000085900000, 0x0000000085900000, 0x0000000085a00000|  0%| F|  |TAMS 0x0000000085900000, 0x0000000085900000| Untracked 
|  90|0x0000000085a00000, 0x0000000085a00000, 0x0000000085b00000|  0%| F|  |TAMS 0x0000000085a00000, 0x0000000085a00000| Untracked 
|  91|0x0000000085b00000, 0x0000000085b00000, 0x0000000085c00000|  0%| F|  |TAMS 0x0000000085b00000, 0x0000000085b00000| Untracked 
|  92|0x0000000085c00000, 0x0000000085c00000, 0x0000000085d00000|  0%| F|  |TAMS 0x0000000085c00000, 0x0000000085c00000| Untracked 
|  93|0x0000000085d00000, 0x0000000085d00000, 0x0000000085e00000|  0%| F|  |TAMS 0x0000000085d00000, 0x0000000085d00000| Untracked 
|  94|0x0000000085e00000, 0x0000000085e00000, 0x0000000085f00000|  0%| F|  |TAMS 0x0000000085e00000, 0x0000000085e00000| Untracked 
|  95|0x0000000085f00000, 0x0000000085f00000, 0x0000000086000000|  0%| F|  |TAMS 0x0000000085f00000, 0x0000000085f00000| Untracked 
|  96|0x0000000086000000, 0x0000000086000000, 0x0000000086100000|  0%| F|  |TAMS 0x0000000086000000, 0x0000000086000000| Untracked 
|  97|0x0000000086100000, 0x0000000086100000, 0x0000000086200000|  0%| F|  |TAMS 0x0000000086100000, 0x0000000086100000| Untracked 
|  98|0x0000000086200000, 0x0000000086200000, 0x0000000086300000|  0%| F|  |TAMS 0x0000000086200000, 0x0000000086200000| Untracked 
|  99|0x0000000086300000, 0x0000000086300000, 0x0000000086400000|  0%| F|  |TAMS 0x0000000086300000, 0x0000000086300000| Untracked 
| 100|0x0000000086400000, 0x0000000086400000, 0x0000000086500000|  0%| F|  |TAMS 0x0000000086400000, 0x0000000086400000| Untracked 
| 101|0x0000000086500000, 0x0000000086500000, 0x0000000086600000|  0%| F|  |TAMS 0x0000000086500000, 0x0000000086500000| Untracked 
| 102|0x0000000086600000, 0x0000000086600000, 0x0000000086700000|  0%| F|  |TAMS 0x0000000086600000, 0x0000000086600000| Untracked 
| 103|0x0000000086700000, 0x0000000086700000, 0x0000000086800000|  0%| F|  |TAMS 0x0000000086700000, 0x0000000086700000| Untracked 
| 104|0x0000000086800000, 0x0000000086800000, 0x0000000086900000|  0%| F|  |TAMS 0x0000000086800000, 0x0000000086800000| Untracked 
| 105|0x0000000086900000, 0x0000000086900000, 0x0000000086a00000|  0%| F|  |TAMS 0x0000000086900000, 0x0000000086900000| Untracked 
| 106|0x0000000086a00000, 0x0000000086a00000, 0x0000000086b00000|  0%| F|  |TAMS 0x0000000086a00000, 0x0000000086a00000| Untracked 
| 107|0x0000000086b00000, 0x0000000086b00000, 0x0000000086c00000|  0%| F|  |TAMS 0x0000000086b00000, 0x0000000086b00000| Untracked 
| 108|0x0000000086c00000, 0x0000000086c00000, 0x0000000086d00000|  0%| F|  |TAMS 0x0000000086c00000, 0x0000000086c00000| Untracked 
| 109|0x0000000086d00000, 0x0000000086d00000, 0x0000000086e00000|  0%| F|  |TAMS 0x0000000086d00000, 0x0000000086d00000| Untracked 
| 110|0x0000000086e00000, 0x0000000086e00000, 0x0000000086f00000|  0%| F|  |TAMS 0x0000000086e00000, 0x0000000086e00000| Untracked 
| 111|0x0000000086f00000, 0x0000000086f00000, 0x0000000087000000|  0%| F|  |TAMS 0x0000000086f00000, 0x0000000086f00000| Untracked 
| 112|0x0000000087000000, 0x0000000087000000, 0x0000000087100000|  0%| F|  |TAMS 0x0000000087000000, 0x0000000087000000| Untracked 
| 113|0x0000000087100000, 0x0000000087200000, 0x0000000087200000|100%| S|CS|TAMS 0x0000000087100000, 0x0000000087100000| Complete 
| 114|0x0000000087200000, 0x0000000087300000, 0x0000000087300000|100%| S|CS|TAMS 0x0000000087200000, 0x0000000087200000| Complete 
| 115|0x0000000087300000, 0x0000000087300000, 0x0000000087400000|  0%| F|  |TAMS 0x0000000087300000, 0x0000000087300000| Untracked 
| 116|0x0000000087400000, 0x0000000087400000, 0x0000000087500000|  0%| F|  |TAMS 0x0000000087400000, 0x0000000087400000| Untracked 
| 117|0x0000000087500000, 0x0000000087500000, 0x0000000087600000|  0%| F|  |TAMS 0x0000000087500000, 0x0000000087500000| Untracked 
| 118|0x0000000087600000, 0x0000000087600000, 0x0000000087700000|  0%| F|  |TAMS 0x0000000087600000, 0x0000000087600000| Untracked 
| 119|0x0000000087700000, 0x0000000087700000, 0x0000000087800000|  0%| F|  |TAMS 0x0000000087700000, 0x0000000087700000| Untracked 
| 120|0x0000000087800000, 0x0000000087800000, 0x0000000087900000|  0%| F|  |TAMS 0x0000000087800000, 0x0000000087800000| Untracked 
| 121|0x0000000087900000, 0x0000000087900000, 0x0000000087a00000|  0%| F|  |TAMS 0x0000000087900000, 0x0000000087900000| Untracked 
| 122|0x0000000087a00000, 0x0000000087a00000, 0x0000000087b00000|  0%| F|  |TAMS 0x0000000087a00000, 0x0000000087a00000| Untracked 
| 123|0x0000000087b00000, 0x0000000087b00000, 0x0000000087c00000|  0%| F|  |TAMS 0x0000000087b00000, 0x0000000087b00000| Untracked 
| 124|0x0000000087c00000, 0x0000000087c00000, 0x0000000087d00000|  0%| F|  |TAMS 0x0000000087c00000, 0x0000000087c00000| Untracked 
| 125|0x0000000087d00000, 0x0000000087d00000, 0x0000000087e00000|  0%| F|  |TAMS 0x0000000087d00000, 0x0000000087d00000| Untracked 
| 126|0x0000000087e00000, 0x0000000087ec55c0, 0x0000000087f00000| 77%| E|  |TAMS 0x0000000087e00000, 0x0000000087e00000| Complete 
| 127|0x0000000087f00000, 0x0000000088000000, 0x0000000088000000|100%| E|CS|TAMS 0x0000000087f00000, 0x0000000087f00000| Complete 

Card table byte_map: [0x000002a1a19c0000,0x000002a1a1dc0000] _byte_map_base: 0x000002a1a15c0000

Marking Bits (Prev, Next): (CMBitMap*) 0x000002a18ee856b0, (CMBitMap*) 0x000002a18ee856f0
 Prev Bits: [0x000002a1a21c0000, 0x000002a1a41c0000)
 Next Bits: [0x000002a1a41c0000, 0x000002a1a61c0000)

Polling page: 0x000002a18cb70000

Metaspace:

Usage:
  Non-class:     13.82 MB used.
      Class:      1.65 MB used.
       Both:     15.47 MB used.

Virtual space:
  Non-class space:       64.00 MB reserved,      14.00 MB ( 22%) committed,  1 nodes.
      Class space:        1.00 GB reserved,       1.81 MB ( <1%) committed,  1 nodes.
             Both:        1.06 GB reserved,      15.81 MB (  1%) committed. 

Chunk freelists:
   Non-Class:  2.03 MB
       Class:  14.16 MB
        Both:  16.19 MB

MaxMetaspaceSize: unlimited
CompressedClassSpaceSize: 1.00 GB
Initial GC threshold: 21.00 MB
Current GC threshold: 21.00 MB
CDS: off
MetaspaceReclaimPolicy: balanced
 - commit_granule_bytes: 65536.
 - commit_granule_words: 8192.
 - virtual_space_node_default_size: 8388608.
 - enlarge_chunks_in_place: 1.
 - new_chunks_are_fully_committed: 0.
 - uncommit_free_chunks: 1.
 - use_allocation_guard: 0.
 - handle_deallocations: 1.


Internal statistics:

num_allocs_failed_limit: 0.
num_arena_births: 264.
num_arena_deaths: 0.
num_vsnodes_births: 2.
num_vsnodes_deaths: 0.
num_space_committed: 253.
num_space_uncommitted: 0.
num_chunks_returned_to_freelist: 0.
num_chunks_taken_from_freelist: 485.
num_chunk_merges: 0.
num_chunk_splits: 280.
num_chunks_enlarged: 122.
num_inconsistent_stats: 0.

CodeHeap 'non-profiled nmethods': size=120000Kb used=311Kb max_used=311Kb free=119688Kb
 bounds [0x000002a19a090000, 0x000002a19a300000, 0x000002a1a15c0000]
CodeHeap 'profiled nmethods': size=120000Kb used=1721Kb max_used=1721Kb free=118278Kb
 bounds [0x000002a1925c0000, 0x000002a192830000, 0x000002a199af0000]
CodeHeap 'non-nmethods': size=5760Kb used=1171Kb max_used=1185Kb free=4588Kb
 bounds [0x000002a199af0000, 0x000002a199d60000, 0x000002a19a090000]
 total_blobs=1499 nmethods=1033 adapters=379
 compilation: enabled
              stopped_count=0, restarted_count=0
 full_count=0

Compilation events (20 events):
Event: 1.012 Thread 0x000002a1a8867eb0 nmethod 1025 0x000002a19a0dca10 code [0x000002a19a0dcbc0, 0x000002a19a0dcf88]
Event: 1.012 Thread 0x000002a1a8867eb0 1027       4       java.lang.invoke.VarHandleByteArrayAsInts$ArrayHandle::get (36 bytes)
Event: 1.014 Thread 0x000002a1a8867eb0 nmethod 1027 0x000002a19a0dd390 code [0x000002a19a0dd520, 0x000002a19a0dd638]
Event: 1.014 Thread 0x000002a1a88687c0 nmethod 1024 0x000002a192762490 code [0x000002a192762f60, 0x000002a1927695b8]
Event: 1.014 Thread 0x000002a1a88687c0 1026       3       java.util.Arrays::fill (21 bytes)
Event: 1.015 Thread 0x000002a1a88687c0 nmethod 1026 0x000002a19276b310 code [0x000002a19276b4a0, 0x000002a19276b658]
Event: 1.015 Thread 0x000002a1a88687c0 1028   !   3       java.nio.DirectLongBufferU::get (36 bytes)
Event: 1.015 Thread 0x000002a1a88687c0 nmethod 1028 0x000002a19276b790 code [0x000002a19276b9c0, 0x000002a19276c1b8]
Event: 1.016 Thread 0x000002a1a88687c0 1029   !   3       jdk.internal.misc.ScopedMemoryAccess::getLong (20 bytes)
Event: 1.016 Thread 0x000002a1a88687c0 nmethod 1029 0x000002a19276c690 code [0x000002a19276c860, 0x000002a19276ccd8]
Event: 1.016 Thread 0x000002a1a88687c0 1030   !   3       jdk.internal.misc.ScopedMemoryAccess::getLongInternal (36 bytes)
Event: 1.016 Thread 0x000002a1a88687c0 nmethod 1030 0x000002a19276cf10 code [0x000002a19276d0c0, 0x000002a19276d328]
Event: 1.016 Thread 0x000002a1a88687c0 1031   !   3       java.nio.DirectLongBufferU::put (39 bytes)
Event: 1.017 Thread 0x000002a1a88687c0 nmethod 1031 0x000002a19276d490 code [0x000002a19276d6c0, 0x000002a19276ded8]
Event: 1.017 Thread 0x000002a1a88687c0 1032       1       java.nio.HeapByteBuffer::isDirect (2 bytes)
Event: 1.017 Thread 0x000002a1a88687c0 nmethod 1032 0x000002a19a0dd790 code [0x000002a19a0dd920, 0x000002a19a0dd9f8]
Event: 1.020 Thread 0x000002a1a88687c0 1033       1       java.util.concurrent.locks.AbstractOwnableSynchronizer::setExclusiveOwnerThread (6 bytes)
Event: 1.020 Thread 0x000002a1a88687c0 nmethod 1033 0x000002a19a0dda90 code [0x000002a19a0ddc20, 0x000002a19a0ddd38]
Event: 1.033 Thread 0x000002a1a88687c0 1034       3       java.util.ArrayDeque::inc (12 bytes)
Event: 1.033 Thread 0x000002a1a88687c0 nmethod 1034 0x000002a19276e390 code [0x000002a19276e520, 0x000002a19276e658]

GC Heap History (2 events):
Event: 0.899 GC heap before
{Heap before GC invocations=0 (full 0):
 garbage-first heap   total 131072K, used 15360K [0x0000000080000000, 0x0000000100000000)
  region size 1024K, 13 young (13312K), 0 survivors (0K)
 Metaspace       used 14599K, committed 14912K, reserved 1114112K
  class space    used 1540K, committed 1664K, reserved 1048576K
}
Event: 0.910 GC heap after
{Heap after GC invocations=1 (full 0):
 garbage-first heap   total 131072K, used 6896K [0x0000000080000000, 0x0000000100000000)
  region size 1024K, 2 young (2048K), 2 survivors (2048K)
 Metaspace       used 14599K, committed 14912K, reserved 1114112K
  class space    used 1540K, committed 1664K, reserved 1048576K
}

Dll operation events (1 events):
Event: 0.012 Loaded shared library C:\Program Files\JetBrains\IntelliJ IDEA 2024.1.2\jbr\bin\java.dll

Deoptimization events (16 events):
Event: 0.253 Thread 0x000002a18ee2bcb0 Uncommon trap: trap_request=0xffffff45 fr.pc=0x000002a19a0970f4 relative=0x00000000000005b4
Event: 0.253 Thread 0x000002a18ee2bcb0 Uncommon trap: reason=unstable_if action=reinterpret pc=0x000002a19a0970f4 method=java.util.zip.ZipFile$Source.checkAndAddEntry(II)I @ 50 c2
Event: 0.253 Thread 0x000002a18ee2bcb0 DEOPT PACKING pc=0x000002a19a0970f4 sp=0x000000b263ffdc00
Event: 0.253 Thread 0x000002a18ee2bcb0 DEOPT UNPACKING pc=0x000002a199b469a3 sp=0x000000b263ffdb70 mode 2
Event: 0.253 Thread 0x000002a18ee2bcb0 Uncommon trap: trap_request=0xffffff45 fr.pc=0x000002a19a09678c relative=0x000000000000026c
Event: 0.253 Thread 0x000002a18ee2bcb0 Uncommon trap: reason=unstable_if action=reinterpret pc=0x000002a19a09678c method=java.util.zip.ZipCoder$UTF8ZipCoder.checkedHash([BII)I @ 75 c2
Event: 0.253 Thread 0x000002a18ee2bcb0 DEOPT PACKING pc=0x000002a19a09678c sp=0x000000b263ffdb40
Event: 0.253 Thread 0x000002a18ee2bcb0 DEOPT UNPACKING pc=0x000002a199b469a3 sp=0x000000b263ffdad0 mode 2
Event: 0.253 Thread 0x000002a18ee2bcb0 Uncommon trap: trap_request=0xffffff45 fr.pc=0x000002a19a097b78 relative=0x0000000000000158
Event: 0.253 Thread 0x000002a18ee2bcb0 Uncommon trap: reason=unstable_if action=reinterpret pc=0x000002a19a097b78 method=java.util.zip.ZipFile$Source.isMetaName([BII)Z @ 15 c2
Event: 0.253 Thread 0x000002a18ee2bcb0 DEOPT PACKING pc=0x000002a19a097b78 sp=0x000000b263ffdc10
Event: 0.253 Thread 0x000002a18ee2bcb0 DEOPT UNPACKING pc=0x000002a199b469a3 sp=0x000000b263ffdbb8 mode 2
Event: 0.527 Thread 0x000002a18ee2bcb0 DEOPT PACKING pc=0x000002a1925d78e7 sp=0x000000b263ffdcd0
Event: 0.527 Thread 0x000002a18ee2bcb0 DEOPT UNPACKING pc=0x000002a199b47143 sp=0x000000b263ffd0f0 mode 0
Event: 0.539 Thread 0x000002a18ee2bcb0 DEOPT PACKING pc=0x000002a1925d45d1 sp=0x000000b263ffe670
Event: 0.539 Thread 0x000002a18ee2bcb0 DEOPT UNPACKING pc=0x000002a199b47143 sp=0x000000b263ffdae8 mode 0

Classes unloaded (0 events):
No events

Classes redefined (0 events):
No events

Internal exceptions (20 events):
Event: 0.371 Thread 0x000002a18ee2bcb0 Exception <a 'java/lang/IncompatibleClassChangeError'{0x0000000087ce3f50}: Found class java.lang.Object, but interface was expected> (0x0000000087ce3f50) 
thrown [s\src\hotspot\share\interpreter\linkResolver.cpp, line 838]
Event: 0.371 Thread 0x000002a18ee2bcb0 Exception <a 'java/lang/IncompatibleClassChangeError'{0x0000000087ce5430}: Found class java.lang.Object, but interface was expected> (0x0000000087ce5430) 
thrown [s\src\hotspot\share\interpreter\linkResolver.cpp, line 838]
Event: 0.372 Thread 0x000002a18ee2bcb0 Exception <a 'java/lang/IncompatibleClassChangeError'{0x0000000087ce63e8}: Found class java.lang.Object, but interface was expected> (0x0000000087ce63e8) 
thrown [s\src\hotspot\share\interpreter\linkResolver.cpp, line 838]
Event: 0.395 Thread 0x000002a18ee2bcb0 Exception <a 'java/lang/NoSuchMethodError'{0x0000000087cf21d8}: 'java.lang.Object java.lang.invoke.DirectMethodHandle$Holder.invokeStaticInit(java.lang.Object)'> (0x0000000087cf21d8) 
thrown [s\src\hotspot\share\interpreter\linkResolver.cpp, line 771]
Event: 0.426 Thread 0x000002a18ee2bcb0 Exception <a 'java/lang/NoSuchMethodError'{0x0000000087b51d90}: 'java.lang.Object java.lang.invoke.DirectMethodHandle$Holder.invokeStaticInit(java.lang.Object, int, int, int, int)'> (0x0000000087b51d90) 
thrown [s\src\hotspot\share\interpreter\linkResolver.cpp, line 771]
Event: 0.476 Thread 0x000002a18ee2bcb0 Exception <a 'java/lang/NoSuchMethodError'{0x0000000087b9edb8}: 'java.lang.Object java.lang.invoke.DirectMethodHandle$Holder.invokeStaticInit(java.lang.Object, java.lang.Object, int, int, int, int)'> (0x0000000087b9edb8) 
thrown [s\src\hotspot\share\interpreter\linkResolver.cpp, line 771]
Event: 0.590 Thread 0x000002a18ee2bcb0 Exception <a 'java/lang/NoSuchMethodError'{0x00000000879a7c18}: 'java.lang.Object java.lang.invoke.Invokers$Holder.linkToTargetMethod(java.lang.Object, long, java.lang.Object)'> (0x00000000879a7c18) 
thrown [s\src\hotspot\share\interpreter\linkResolver.cpp, line 771]
Event: 0.676 Thread 0x000002a1ad1de8c0 Exception <a 'java/lang/NoSuchMethodError'{0x00000000878ec020}: static [B.<clinit>()V> (0x00000000878ec020) 
thrown [s\src\hotspot\share\prims\jni.cpp, line 1127]
Event: 0.676 Thread 0x000002a1ad14bd60 Exception <a 'java/lang/NoSuchMethodError'{0x0000000087723eb0}: static [B.<clinit>()V> (0x0000000087723eb0) 
thrown [s\src\hotspot\share\prims\jni.cpp, line 1127]
Event: 0.695 Thread 0x000002a1ad14bd60 Exception <a 'java/lang/NoSuchMethodError'{0x00000000877969a0}: static [Ljava/rmi/server/ObjID;.<clinit>()V> (0x00000000877969a0) 
thrown [s\src\hotspot\share\prims\jni.cpp, line 1127]
Event: 0.698 Thread 0x000002a1ad0f6da0 Exception <a 'java/lang/InterruptedException'{0x00000000877ca3a8}> (0x00000000877ca3a8) 
thrown [s\src\hotspot\share\runtime\objectMonitor.cpp, line 1658]
Event: 0.699 Thread 0x000002a1ad14bd60 Exception <a 'java/lang/NoSuchMethodError'{0x000000008779e408}: 'void java.lang.invoke.DirectMethodHandle$Holder.invokeSpecial(java.lang.Object, java.lang.Object, java.lang.Object)'> (0x000000008779e408) 
thrown [s\src\hotspot\share\interpreter\linkResolver.cpp, line 771]
Event: 0.700 Thread 0x000002a1ad14bd60 Exception <a 'java/lang/NoSuchMethodError'{0x00000000877a1970}: 'void java.lang.invoke.Invokers$Holder.invoke_MT(java.lang.Object, java.lang.Object, java.lang.Object)'> (0x00000000877a1970) 
thrown [s\src\hotspot\share\interpreter\linkResolver.cpp, line 771]
Event: 0.700 Thread 0x000002a1ad0f6da0 Exception <a 'java/lang/NoSuchMethodError'{0x00000000877d2b48}: 'java.lang.Object java.lang.invoke.DirectMethodHandle$Holder.newInvokeSpecial(java.lang.Object, java.lang.Object, int, java.lang.Object, long)'> (0x00000000877d2b48) 
thrown [s\src\hotspot\share\interpreter\linkResolver.cpp, line 771]
Event: 0.806 Thread 0x000002a1ad14bd60 Exception <a 'java/lang/NoSuchMethodError'{0x0000000087443d30}: 'java.lang.Object java.lang.invoke.DirectMethodHandle$Holder.invokeInterface(java.lang.Object, java.lang.Object)'> (0x0000000087443d30) 
thrown [s\src\hotspot\share\interpreter\linkResolver.cpp, line 771]
Event: 0.838 Thread 0x000002a1ad14bd60 Exception <a 'java/lang/NoSuchMethodError'{0x00000000874e5508}: 'java.lang.Object java.lang.invoke.DirectMethodHandle$Holder.invokeVirtual(java.lang.Object, java.lang.Object, java.lang.Object, java.lang.Object)'> (0x00000000874e5508) 
thrown [s\src\hotspot\share\interpreter\linkResolver.cpp, line 771]
Event: 0.839 Thread 0x000002a1ad14bd60 Exception <a 'java/lang/NoSuchMethodError'{0x00000000874edd78}: 'void java.lang.invoke.DirectMethodHandle$Holder.invokeStatic(java.lang.Object, java.lang.Object, java.lang.Object, java.lang.Object)'> (0x00000000874edd78) 
thrown [s\src\hotspot\share\interpreter\linkResolver.cpp, line 771]
Event: 0.857 Thread 0x000002a1ad14bd60 Exception <a 'java/lang/NoSuchMethodError'{0x0000000087357850}: 'int java.lang.invoke.DirectMethodHandle$Holder.invokeStaticInit(java.lang.Object, java.lang.Object, java.lang.Object, java.lang.Object)'> (0x0000000087357850) 
thrown [s\src\hotspot\share\interpreter\linkResolver.cpp, line 771]
Event: 0.858 Thread 0x000002a1ad14bd60 Exception <a 'java/lang/IncompatibleClassChangeError'{0x0000000087360a30}: Found class java.lang.Object, but interface was expected> (0x0000000087360a30) 
thrown [s\src\hotspot\share\interpreter\linkResolver.cpp, line 838]
Event: 0.860 Thread 0x000002a1ad14bd60 Exception <a 'java/lang/NoSuchMethodError'{0x00000000873660d0}: 'int java.lang.invoke.DirectMethodHandle$Holder.invokeStaticInit(java.lang.Object, java.lang.Object)'> (0x00000000873660d0) 
thrown [s\src\hotspot\share\interpreter\linkResolver.cpp, line 771]

VM Operations (6 events):
Event: 0.209 Executing VM operation: HandshakeAllThreads
Event: 0.209 Executing VM operation: HandshakeAllThreads done
Event: 0.377 Executing VM operation: HandshakeAllThreads
Event: 0.377 Executing VM operation: HandshakeAllThreads done
Event: 0.899 Executing VM operation: G1CollectForAllocation
Event: 0.910 Executing VM operation: G1CollectForAllocation done

Events (20 events):
Event: 1.042 loading class jdk/internal/icu/text/Normalizer2
Event: 1.042 loading class jdk/internal/icu/text/Normalizer2 done
Event: 1.042 loading class jdk/internal/icu/impl/Norm2AllModes
Event: 1.042 loading class jdk/internal/icu/impl/Norm2AllModes done
Event: 1.042 loading class jdk/internal/icu/impl/Norm2AllModes$NoopNormalizer2
Event: 1.042 loading class jdk/internal/icu/impl/Norm2AllModes$NoopNormalizer2 done
Event: 1.042 loading class jdk/internal/icu/impl/Norm2AllModes$NFKCSingleton
Event: 1.042 loading class jdk/internal/icu/impl/Norm2AllModes$NFKCSingleton done
Event: 1.042 loading class jdk/internal/icu/impl/Norm2AllModes$Norm2AllModesSingleton
Event: 1.043 loading class jdk/internal/icu/impl/Norm2AllModes$Norm2AllModesSingleton done
Event: 1.043 loading class jdk/internal/icu/impl/NormalizerImpl
Event: 1.043 loading class jdk/internal/icu/impl/NormalizerImpl done
Event: 1.043 loading class jdk/internal/icu/impl/NormalizerImpl$IsAcceptable
Event: 1.043 loading class jdk/internal/icu/impl/ICUBinary$Authenticate
Event: 1.043 loading class jdk/internal/icu/impl/ICUBinary$Authenticate done
Event: 1.043 loading class jdk/internal/icu/impl/NormalizerImpl$IsAcceptable done
Event: 1.043 loading class jdk/internal/icu/impl/ICUBinary
Event: 1.044 loading class jdk/internal/icu/impl/ICUBinary done
Event: 1.044 loading class jdk/internal/icu/impl/ICUBinary$1
Event: 1.044 loading class jdk/internal/icu/impl/ICUBinary$1 done


Dynamic libraries:
0x00007ff704e30000 - 0x00007ff704e3a000 	C:\Program Files\JetBrains\IntelliJ IDEA 2024.1.2\jbr\bin\java.exe
0x00007ffaa7150000 - 0x00007ffaa7348000 	C:\WINDOWS\SYSTEM32\ntdll.dll
0x00007ffaa6990000 - 0x00007ffaa6a4d000 	C:\WINDOWS\System32\KERNEL32.DLL
0x00007ffaa4d30000 - 0x00007ffaa5026000 	C:\WINDOWS\System32\KERNELBASE.dll
0x00007ffaa4c30000 - 0x00007ffaa4d30000 	C:\WINDOWS\System32\ucrtbase.dll
0x00007ffa900d0000 - 0x00007ffa900eb000 	C:\Program Files\JetBrains\IntelliJ IDEA 2024.1.2\jbr\bin\VCRUNTIME140.dll
0x00007ffa8f000000 - 0x00007ffa8f017000 	C:\Program Files\JetBrains\IntelliJ IDEA 2024.1.2\jbr\bin\jli.dll
0x00007ffa953a0000 - 0x00007ffa9563a000 	C:\WINDOWS\WinSxS\amd64_microsoft.windows.common-controls_6595b64144ccf1df_6.0.19041.3636_none_60b6a03d71f818d5\COMCTL32.dll
0x00007ffaa55c0000 - 0x00007ffaa565e000 	C:\WINDOWS\System32\msvcrt.dll
0x00007ffaa59d0000 - 0x00007ffaa59fc000 	C:\WINDOWS\System32\GDI32.dll
0x00007ffaa48d0000 - 0x00007ffaa48f2000 	C:\WINDOWS\System32\win32u.dll
0x00007ffaa5a70000 - 0x00007ffaa5c0e000 	C:\WINDOWS\System32\USER32.dll
0x00007ffaa4900000 - 0x00007ffaa4a1a000 	C:\WINDOWS\System32\gdi32full.dll
0x00007ffaa4830000 - 0x00007ffaa48cd000 	C:\WINDOWS\System32\msvcp_win.dll
0x00007ffaa5870000 - 0x00007ffaa58a0000 	C:\WINDOWS\System32\IMM32.DLL
0x00007ffa9e160000 - 0x00007ffa9e16c000 	C:\Program Files\JetBrains\IntelliJ IDEA 2024.1.2\jbr\bin\vcruntime140_1.dll
0x00007ffa84920000 - 0x00007ffa849ad000 	C:\Program Files\JetBrains\IntelliJ IDEA 2024.1.2\jbr\bin\msvcp140.dll
0x00007ffa45660000 - 0x00007ffa462e3000 	C:\Program Files\JetBrains\IntelliJ IDEA 2024.1.2\jbr\bin\server\jvm.dll
0x00007ffaa6d00000 - 0x00007ffaa6daf000 	C:\WINDOWS\System32\ADVAPI32.dll
0x00007ffaa5290000 - 0x00007ffaa532c000 	C:\WINDOWS\System32\sechost.dll
0x00007ffaa6a50000 - 0x00007ffaa6b76000 	C:\WINDOWS\System32\RPCRT4.dll
0x00007ffaa3d50000 - 0x00007ffaa3d9b000 	C:\WINDOWS\SYSTEM32\POWRPROF.dll
0x00007ffaa1330000 - 0x00007ffaa1339000 	C:\WINDOWS\SYSTEM32\WSOCK32.dll
0x00007ffa8cc10000 - 0x00007ffa8cc37000 	C:\WINDOWS\SYSTEM32\WINMM.dll
0x00007ffaa5a00000 - 0x00007ffaa5a6b000 	C:\WINDOWS\System32\WS2_32.dll
0x00007ffa95790000 - 0x00007ffa9579a000 	C:\WINDOWS\SYSTEM32\VERSION.dll
0x00007ffaa3c10000 - 0x00007ffaa3c22000 	C:\WINDOWS\SYSTEM32\UMPDC.dll
0x00007ffaa26b0000 - 0x00007ffaa26c2000 	C:\WINDOWS\SYSTEM32\kernel.appcore.dll
0x00007ffa935d0000 - 0x00007ffa935da000 	C:\Program Files\JetBrains\IntelliJ IDEA 2024.1.2\jbr\bin\jimage.dll
0x00007ffa8ed30000 - 0x00007ffa8ef14000 	C:\WINDOWS\SYSTEM32\DBGHELP.DLL
0x00007ffa8ecf0000 - 0x00007ffa8ed24000 	C:\WINDOWS\SYSTEM32\dbgcore.DLL
0x00007ffaa50f0000 - 0x00007ffaa5172000 	C:\WINDOWS\System32\bcryptPrimitives.dll
0x00007ffa8fbc0000 - 0x00007ffa8fbe5000 	C:\Program Files\JetBrains\IntelliJ IDEA 2024.1.2\jbr\bin\java.dll
0x00007ffa8fba0000 - 0x00007ffa8fbb8000 	C:\Program Files\JetBrains\IntelliJ IDEA 2024.1.2\jbr\bin\zip.dll
0x00007ffaa60f0000 - 0x00007ffaa6835000 	C:\WINDOWS\System32\SHELL32.dll
0x00007ffaa28b0000 - 0x00007ffaa304b000 	C:\WINDOWS\SYSTEM32\windows.storage.dll
0x00007ffaa6db0000 - 0x00007ffaa7104000 	C:\WINDOWS\System32\combase.dll
0x00007ffaa4190000 - 0x00007ffaa41bd000 	C:\WINDOWS\SYSTEM32\Wldp.dll
0x00007ffaa6c50000 - 0x00007ffaa6cfd000 	C:\WINDOWS\System32\SHCORE.dll
0x00007ffaa68d0000 - 0x00007ffaa6925000 	C:\WINDOWS\System32\shlwapi.dll
0x00007ffaa4760000 - 0x00007ffaa4785000 	C:\WINDOWS\SYSTEM32\profapi.dll
0x00007ffa8fb80000 - 0x00007ffa8fb99000 	C:\Program Files\JetBrains\IntelliJ IDEA 2024.1.2\jbr\bin\net.dll
0x00007ffa9ab70000 - 0x00007ffa9ac7a000 	C:\WINDOWS\SYSTEM32\WINHTTP.dll
0x00007ffaa3f70000 - 0x00007ffaa3fda000 	C:\WINDOWS\system32\mswsock.dll
0x00007ffa8fb60000 - 0x00007ffa8fb76000 	C:\Program Files\JetBrains\IntelliJ IDEA 2024.1.2\jbr\bin\nio.dll
0x00007ffaa3c30000 - 0x00007ffaa3c6b000 	C:\WINDOWS\SYSTEM32\IPHLPAPI.DLL
0x00007ffaa54e0000 - 0x00007ffaa54e8000 	C:\WINDOWS\System32\NSI.dll
0x00007ffa9bc70000 - 0x00007ffa9bc87000 	C:\WINDOWS\SYSTEM32\dhcpcsvc6.DLL
0x00007ffa9df80000 - 0x00007ffa9df9d000 	C:\WINDOWS\SYSTEM32\dhcpcsvc.DLL
0x00007ffaa3c70000 - 0x00007ffaa3d3a000 	C:\WINDOWS\SYSTEM32\DNSAPI.dll
0x00007ffaa4330000 - 0x00007ffaa4348000 	C:\WINDOWS\SYSTEM32\CRYPTSP.dll
0x00007ffaa3850000 - 0x00007ffaa3884000 	C:\WINDOWS\system32\rsaenh.dll
0x00007ffaa5180000 - 0x00007ffaa51a7000 	C:\WINDOWS\System32\bcrypt.dll
0x00007ffaa46e0000 - 0x00007ffaa470e000 	C:\WINDOWS\SYSTEM32\USERENV.dll
0x00007ffaa4100000 - 0x00007ffaa410c000 	C:\WINDOWS\SYSTEM32\CRYPTBASE.dll
0x00007ffa8fb20000 - 0x00007ffa8fb29000 	C:\Program Files\JetBrains\IntelliJ IDEA 2024.1.2\jbr\bin\extnet.dll
0x00007ffa4c8f0000 - 0x00007ffa4c8f7000 	C:\Program Files\JetBrains\IntelliJ IDEA 2024.1.2\jbr\bin\rmi.dll
0x00007ffa95070000 - 0x00007ffa9507a000 	C:\Windows\System32\rasadhlp.dll
0x00007ffa96a00000 - 0x00007ffa96a80000 	C:\WINDOWS\System32\fwpuclnt.dll
0x00007ffa8f450000 - 0x00007ffa8f459000 	C:\Program Files\JetBrains\IntelliJ IDEA 2024.1.2\jbr\bin\management.dll
0x00007ffa8f400000 - 0x00007ffa8f40b000 	C:\Program Files\JetBrains\IntelliJ IDEA 2024.1.2\jbr\bin\management_ext.dll
0x00007ffaa5800000 - 0x00007ffaa5808000 	C:\WINDOWS\System32\PSAPI.DLL

dbghelp: loaded successfully - version: 4.0.5 - missing functions: none
symbol engine: initialized successfully - sym options: 0x614 - pdb path: .;C:\Program Files\JetBrains\IntelliJ IDEA 2024.1.2\jbr\bin;C:\WINDOWS\SYSTEM32;C:\WINDOWS\WinSxS\amd64_microsoft.windows.common-controls_6595b64144ccf1df_6.0.19041.3636_none_60b6a03d71f818d5;C:\Program Files\JetBrains\IntelliJ IDEA 2024.1.2\jbr\bin\server

VM Arguments:
jvm_args: -Djava.rmi.server.hostname=127.0.0.1 -Duser.timezone=UTC -Xmx2048m -Xms128m -Djdbc.classpath=C:\Program Files\JetBrains\IntelliJ IDEA 2024.1.2\plugins\DatabaseTools\lib\jdbc-console.jar;C:\Users\User\AppData\Roaming\JetBrains\IntelliJIdea2024.1\jdbc-drivers\PostgreSQL\42.6.0\org\postgresql\postgresql\42.6.0\postgresql-42.6.0.jar;C:\Users\User\AppData\Roaming\JetBrains\IntelliJIdea2024.1\jdbc-drivers\PostgreSQL\42.6.0\org\checkerframework\checker-qual\3.31.0\checker-qual-3.31.0.jar;C:\Users\User\AppData\Roaming\JetBrains\IntelliJIdea2024.1\jdbc-drivers\PostgreSQL\42.6.0\com\github\waffle\waffle-jna\1.9.1\waffle-jna-1.9.1.jar;C:\Users\User\AppData\Roaming\JetBrains\IntelliJIdea2024.1\jdbc-drivers\PostgreSQL\42.6.0\net\java\dev\jna\jna\4.5.1\jna-4.5.1.jar;C:\Users\User\AppData\Roaming\JetBrains\IntelliJIdea2024.1\jdbc-drivers\PostgreSQL\42.6.0\net\java\dev\jna\jna-platform\4.5.1\jna-platform-4.5.1.jar;C:\Users\User\AppData\Roaming\JetBrains\IntelliJIdea2024.1\jdbc-drivers\PostgreSQL\42.6.0\org\slf4j\jcl-over-slf4j\1.7.25\jcl-over-slf4j-1.7.25.jar;C:\Users\User\AppData\Roaming\JetBrains\IntelliJIdea2024.1\jdbc-drivers\PostgreSQL\42.6.0\org\slf4j\slf4j-api\1.7.25\slf4j-api-1.7.25.jar;C:\Users\User\AppData\Roaming\JetBrains\IntelliJIdea2024.1\jdbc-drivers\PostgreSQL\42.6.0\com\github\ben-manes\caffeine\caffeine\2.6.2\caffeine-2.6.2.jar --add-exports=java.desktop/sun.awt=ALL-UNNAMED --add-exports=java.desktop/java.awt.peer=ALL-UNNAMED --add-opens=java.desktop/java.awt=ALL-UNNAMED --add-opens=jdk.unsupported/sun.misc=ALL-UNNAMED --add-opens=java.base/java.nio=ALL-UNNAMED --add-opens=java.base/java.util=ALL-UNNAMED -Dfile.encoding=UTF-8 
java_command: com.intellij.database.remote.RemoteJdbcServer org.postgresql.Driver
java_class_path (initial): C:\Program Files\JetBrains\IntelliJ IDEA 2024.1.2\lib\util_rt.jar;C:\Program Files\JetBrains\IntelliJ IDEA 2024.1.2\lib\util-8.jar;C:\Program Files\JetBrains\IntelliJ IDEA 2024.1.2\lib\groovy.jar;C:\Program Files\JetBrains\IntelliJ IDEA 2024.1.2\plugins\DatabaseTools\lib\jdbc-console.jar;C:\Program Files\JetBrains\IntelliJ IDEA 2024.1.2\plugins\grid-core-impl\lib\jdbc-console-types.jar;C:\Program Files\JetBrains\IntelliJ IDEA 2024.1.2\lib\util.jar
Launcher Type: SUN_STANDARD

[Global flags]
     intx CICompilerCount                          = 3                                         {product} {ergonomic}
     uint ConcGCThreads                            = 1                                         {product} {ergonomic}
     uint G1ConcRefinementThreads                  = 4                                         {product} {ergonomic}
   size_t G1HeapRegionSize                         = 1048576                                   {product} {ergonomic}
    uintx GCDrainStackTargetSize                   = 64                                        {product} {ergonomic}
   size_t InitialHeapSize                          = 134217728                                 {product} {command line}
   size_t MarkStackSize                            = 4194304                                   {product} {ergonomic}
   size_t MaxHeapSize                              = 2147483648                                {product} {command line}
   size_t MaxNewSize                               = 1287651328                                {product} {ergonomic}
   size_t MinHeapDeltaBytes                        = 1048576                                   {product} {ergonomic}
   size_t MinHeapSize                              = 134217728                                 {product} {command line}
    uintx NonNMethodCodeHeapSize                   = 5832780                                {pd product} {ergonomic}
    uintx NonProfiledCodeHeapSize                  = 122912730                              {pd product} {ergonomic}
    uintx ProfiledCodeHeapSize                     = 122912730                              {pd product} {ergonomic}
    uintx ReservedCodeCacheSize                    = 251658240                              {pd product} {ergonomic}
     bool SegmentedCodeCache                       = true                                      {product} {ergonomic}
   size_t SoftMaxHeapSize                          = 2147483648                             {manageable} {ergonomic}
     bool UseCompressedClassPointers               = true                           {product lp64_product} {ergonomic}
     bool UseCompressedOops                        = true                           {product lp64_product} {ergonomic}
     bool UseG1GC                                  = true                                      {product} {ergonomic}
     bool UseLargePagesIndividualAllocation        = false                                  {pd product} {ergonomic}

Logging:
Log output configuration:
 #0: stdout all=warning uptime,level,tags
 #1: stderr all=off uptime,level,tags

Environment Variables:
JAVA_HOME=C:\Program Files\Java\jdk-21
PATH=C:\Program Files\Common Files\Oracle\Java\javapath;C:\WINDOWS\system32;C:\WINDOWS;C:\WINDOWS\System32\Wbem;C:\WINDOWS\System32\WindowsPowerShell\v1.0\;C:\WINDOWS\System32\OpenSSH\;C:\Program Files\apache-maven-3.9.7\bin;C:\Program Files\Docker\Docker\resources\bin;C:\Program Files\Java\jdk-21\bin;C:\Program Files\Git\cmd;C:\Users\User\AppData\Local\Microsoft\WindowsApps;;C:\Program Files\JetBrains\IntelliJ IDEA 2024.1.2\bin;
USERNAME=User
OS=Windows_NT
PROCESSOR_IDENTIFIER=Intel64 Family 6 Model 69 Stepping 1, GenuineIntel
TMP=C:\Users\User\AppData\Local\Temp
TEMP=C:\Users\User\AppData\Local\Temp



Periodic native trim disabled

JNI global refs:
JNI global refs: 16, weak refs: 0

JNI global refs memory usage: 843, weak refs: 841

Process memory usage:
Resident Set Size: 88164K (0% of 16658796K total physical memory with 6657420K free physical memory)

OOME stack traces (most recent first):
Classloader memory used:
Loader bootstrap                                                                       : 1711K
Loader jdk.internal.loader.ClassLoaders$AppClassLoader                                 : 147K
Loader com.intellij.database.remote.jdbc.impl.JdbcClassLoader$JdbcClassLoaderImpl      : 82450B
Loader jdk.internal.loader.ClassLoaders$PlatformClassLoader                            : 31319B
Loader jdk.internal.reflect.DelegatingClassLoader                                      : 9348B
Loader com.intellij.database.remote.jdbc.impl.JdbcClassLoader$1                        : 829B


---------------  S Y S T E M  ---------------

OS:
 Windows 10 , 64 bit Build 19041 (10.0.19041.3636)
OS uptime: 0 days 3:00 hours
Hyper-V role detected

CPU: total 4 (initial active 4) (2 cores per cpu, 2 threads per core) family 6 model 69 stepping 1 microcode 0x25, cx8, cmov, fxsr, ht, mmx, sse, sse2, sse3, ssse3, sse4.1, sse4.2, popcnt, lzcnt, tsc, tscinvbit, avx, avx2, aes, erms, clmul, bmi1, bmi2, fma, vzeroupper, clflush, hv
Processor Information for all 4 processors :
  Max Mhz: 2301, Current Mhz: 2301, Mhz Limit: 2301

Memory: 4k page, system-wide physical 16268M (6501M free)
TotalPageFile size 18700M (AvailPageFile size 7060M)
current process WorkingSet (physical memory assigned to process): 86M, peak: 87M
current process commit charge ("private bytes"): 228M, peak: 231M

vm_info: OpenJDK 64-Bit Server VM (17.0.11+1-b1207.24) for windows-amd64 JRE (17.0.11+1-b1207.24), built on 2024-05-15 by "builduser" with MS VC++ 16.10 / 16.11 (VS2019)

END.
