#
# A fatal error has been detected by the Java Runtime Environment:
#
#  EXCEPTION_ACCESS_VIOLATION (0xc0000005) at pc=0x00007ffa3f7cb305, pid=12552, tid=12836
#
# JRE version: Java(TM) SE Runtime Environment (21.0.2+13) (build 21.0.2+13-LTS-58)
# Java VM: Java HotSpot(TM) 64-Bit Server VM (21.0.2+13-LTS-58, mixed mode, emulated-client, sharing, tiered, compressed oops, compressed class ptrs, g1 gc, windows-amd64)
# Problematic frame:
# V  [jvm.dll+0x31b305]
#
# No core dump will be written. Minidumps are not enabled by default on client versions of Windows
#
# If you would like to submit a bug report, please visit:
#   https://bugreport.java.com/bugreport/crash.jsp
#

---------------  S U M M A R Y ------------

Command Line: -XX:TieredStopAtLevel=1 -Dspring.output.ansi.enabled=always -Dcom.sun.management.jmxremote -Dspring.jmx.enabled=true -Dspring.liveBeansView.mbeanDomain -Dspring.application.admin.enabled=true -Dmanagement.endpoints.jmx.exposure.include=* -javaagent:C:\Program Files\JetBrains\IntelliJ IDEA 2024.1.2\lib\idea_rt.jar=51605:C:\Program Files\JetBrains\IntelliJ IDEA 2024.1.2\bin -Dfile.encoding=UTF-8 -Dsun.stdout.encoding=UTF-8 -Dsun.stderr.encoding=UTF-8 com.miu.waaLab.WaaLabApplication

Host: Intel(R) Core(TM) i5-4200U CPU @ 1.60GHz, 4 cores, 15G,  Windows 10 , 64 bit Build 19041 (10.0.19041.3636)
Time: Thu May 30 22:30:08 2024 Central Daylight Time elapsed time: 5.418199 seconds (0d 0h 0m 5s)

---------------  T H R E A D  ---------------

Current thread (0x0000014c5bd5a1e0):  WorkerThread "G1 Conc#0"      [id=12836, stack(0x00000019c8500000,0x00000019c8600000) (1024K)]

Stack: [0x00000019c8500000,0x00000019c8600000],  sp=0x00000019c85ff780,  free space=1021k
Native frames: (J=compiled Java code, j=interpreted, Vv=VM code, C=native code)
V  [jvm.dll+0x31b305]
V  [jvm.dll+0x31b19f]
V  [jvm.dll+0x318b0d]
V  [jvm.dll+0x318752]
V  [jvm.dll+0x33403a]
V  [jvm.dll+0x332b7c]
V  [jvm.dll+0x33471c]
V  [jvm.dll+0x333449]
V  [jvm.dll+0x336ec6]
V  [jvm.dll+0x883eb7]
V  [jvm.dll+0x7ff568]
V  [jvm.dll+0x6c953d]
C  [ucrtbase.dll+0x21bb2]
C  [KERNEL32.DLL+0x17344]
C  [ntdll.dll+0x526b1]


siginfo: EXCEPTION_ACCESS_VIOLATION (0xc0000005), reading address 0x000001545bcffc90


Registers:
RAX=0x0000014c5bd1bd00, RBX=0x0000014c5bd5ca10, RCX=0x0000000000000015, RDX=0x0000000000000000
RSP=0x00000019c85ff780, RBP=0x0000000000000000, RSI=0x0000014c5bd48750, RDI=0x0000000000000200
R8 =0x0000000000000200, R9 =0x00000000ffffc7f2, R10=0x0000014c5bcf1d50, R11=0x0000000000000003
R12=0x0000000000000000, R13=0xaaaaaaaaaaaaaaab, R14=0x0000014c00065a60, R15=0x00000007023fb1b8
RIP=0x00007ffa3f7cb305, EFLAGS=0x0000000000010a02


Register to memory mapping:

RAX=0x0000014c5bd1bd00 points into unknown readable memory: 0x0000014c5bd6dfe0 | e0 df d6 5b 4c 01 00 00
RBX=0x0000014c5bd5ca10 points into unknown readable memory: 0x00007ffa3fe829a8 | a8 29 e8 3f fa 7f 00 00
RCX=0x0000000000000015 is an unknown value
RDX=0x0 is null
RSP=0x00000019c85ff780 points into unknown readable memory: 0x0000000000000000 | 00 00 00 00 00 00 00 00
RBP=0x0 is null
RSI=0x0000014c5bd48750 points into unknown readable memory: 0x0000014c5bd59030 | 30 90 d5 5b 4c 01 00 00
RDI=0x0000000000000200 is an unknown value
R8 =0x0000000000000200 is an unknown value
R9 =0x00000000ffffc7f2 is an unknown value
R10=0x0000014c5bcf1d50 points into unknown readable memory: 0x00007ffa3fe810b0 | b0 10 e8 3f fa 7f 00 00
R11=0x0000000000000003 is an unknown value
R12=0x0 is null
R13=0xaaaaaaaaaaaaaaab is an unknown value
R14=0x0000014c00065a60 is pointing into metadata
R15=0x00000007023fb1b8 is an oop: java.util.concurrent.ConcurrentHashMap 
{0x00000007023fb1b8} - klass: 'java/util/concurrent/ConcurrentHashMap'
 - ---- fields (total size 8 words):
 - transient 'keySet' 'Ljava/util/Set;' @12  null (0x00000000)
 - transient 'values' 'Ljava/util/Collection;' @16  null (0x00000000)
 - private volatile transient 'sizeCtl' 'I' @20  8 (0x00000008)
 - private volatile transient 'baseCount' 'J' @24  0 (0x0000000000000000)
 - private volatile transient 'transferIndex' 'I' @32  0 (0x00000000)
 - private volatile transient 'cellsBusy' 'I' @36  0 (0x00000000)
 - volatile transient 'table' '[Ljava/util/concurrent/ConcurrentHashMap$Node;' @40  
[error occurred during error reporting (printing register info), id 0xc0000005, EXCEPTION_ACCESS_VIOLATION (0xc0000005) at pc=0x00007ffa3fb6647d]

Top of Stack: (sp=0x00000019c85ff780)
0x00000019c85ff780:   0000000000000000 00007ffa3f7cb3ca
0x00000019c85ff790:   0000f47cb142fafa 00000019c85ff830
0x00000019c85ff7a0:   0000000000000200 00007ffa3f7cb19f
0x00000019c85ff7b0:   0000014c5bd5ca10 00000019c85ff970
0x00000019c85ff7c0:   0000014c00065a58 00000019c85ff970
0x00000019c85ff7d0:   00000007023fb1f8 00007ffa3f7c8b0d
0x00000019c85ff7e0:   00000007023fb1e0 00007ffa3f7c925d
0x00000019c85ff7f0:   00000007023fa1dc 0000000000000000
0x00000019c85ff800:   00000019c85ff930 0000000000000000
0x00000019c85ff810:   00000007023fb1b8 00007ffa3f7c8752
0x00000019c85ff820:   0000014c000654c0 0000000000000008
0x00000019c85ff830:   00000019c85ff970 0000000000000000
0x00000019c85ff840:   00000007023fb1b8 00007ffa3f7e403a
0x00000019c85ff850:   0000014c5bd5ca10 0000000000000040
0x00000019c85ff860:   0000000000000060 00007ffa3f7e6380
0x00000019c85ff870:   0000000000000001 0000000702443f58
0x00000019c85ff880:   00000019c85ff930 0000014c5bd48760
0x00000019c85ff890:   00000000001087eb 00007ffa3f7e2b7c
0x00000019c85ff8a0:   00000000001087eb 00000019c84ff8a0
0x00000019c85ff8b0:   00000007023fb1b8 00007ffa3f7e403a
0x00000019c85ff8c0:   0000000000140000 00007ffa3f7e471c
0x00000019c85ff8d0:   0000000702443f18 00000000001087eb
0x00000019c85ff8e0:   0000000000000001 0000014c5bd5ca10
0x00000019c85ff8f0:   0000014c5bd5b9a0 0000000000000001
0x00000019c85ff900:   0000014c5bd5ca10 00007ffa3f7e3449
0x00000019c85ff910:   0000014c5bd5caa8 0000000000000000
0x00000019c85ff920:   00000019c84ff801 0000000000000000
0x00000019c85ff930:   0000014c5bd48750 0000014c5bd5ca10
0x00000019c85ff940:   0000000702402860 000000000003faf4
0x00000019c85ff950:   0000000702402860 000000000003faf4
0x00000019c85ff960:   0000000000000000 000000000002625a
0x00000019c85ff970:   00007ffa3fe829c8 0000014c5bd209e0 

Instructions: (pc=0x00007ffa3f7cb305)
0x00007ffa3f7cb205:   05 75 35 48 8b 83 a8 00 00 00 48 39 83 a0 00 00
0x00007ffa3f7cb215:   00 73 10 48 8b 83 c0 00 00 00 48 39 83 b8 00 00
0x00007ffa3f7cb225:   00 72 7f 48 8b cb e8 20 a3 01 00 b0 01 48 8b 5c
0x00007ffa3f7cb235:   24 30 48 83 c4 20 5f c3 48 8b 53 30 44 8b 82 80
0x00007ffa3f7cb245:   00 00 00 8b 82 00 01 00 00 41 8b c8 2b c8 81 e1
0x00007ffa3f7cb255:   ff ff 01 00 81 f9 fe ff 01 00 72 2c 48 8b cb e8
0x00007ffa3f7cb265:   a7 96 01 00 48 8b 53 30 44 8b 82 80 00 00 00 8b
0x00007ffa3f7cb275:   82 00 01 00 00 41 8b c8 2b c8 81 e1 ff ff 01 00
0x00007ffa3f7cb285:   81 f9 fe ff 01 00 73 1a 48 8b 82 80 01 00 00 4a
0x00007ffa3f7cb295:   89 3c c0 41 8d 40 01 25 ff ff 01 00 89 82 80 00
0x00007ffa3f7cb2a5:   00 00 48 8b 5c 24 30 b0 01 48 83 c4 20 5f c3 cc
0x00007ffa3f7cb2b5:   cc cc cc cc cc cc cc cc cc cc cc 48 89 6c 24 10
0x00007ffa3f7cb2c5:   48 89 74 24 18 57 48 83 ec 20 4c 8b 51 08 48 8b
0x00007ffa3f7cb2d5:   f1 4d 8b c8 8b ea 49 8b f8 41 8b 8a 18 02 00 00
0x00007ffa3f7cb2e5:   49 8b 82 10 02 00 00 48 d3 e0 8b 0d 1b 9b 90 00
0x00007ffa3f7cb2f5:   4c 2b c8 49 8b 82 f8 01 00 00 49 d3 e9 45 8b c9
0x00007ffa3f7cb305:   4a 8b 04 c8 48 8b 40 60 4c 3b c0 72 12 32 c0 48
0x00007ffa3f7cb315:   8b 6c 24 38 48 8b 74 24 40 48 83 c4 20 5f c3 48
0x00007ffa3f7cb325:   8b 46 10 48 8d 4e 10 48 8b d7 48 89 5c 24 30 ff
0x00007ffa3f7cb335:   10 8b 4e 28 48 8b d7 48 2b 56 18 48 8b 46 30 48
0x00007ffa3f7cb345:   c1 ea 03 48 d3 ea 48 8b ca 48 c1 e9 06 4c 8d 04
0x00007ffa3f7cb355:   c8 0f b6 ca 49 8b 00 80 e1 3f ba 01 00 00 00 48
0x00007ffa3f7cb365:   d3 e2 48 8b c8 48 0b ca 48 3b c8 74 12 f0 49 0f
0x00007ffa3f7cb375:   b1 08 74 25 48 8b c8 48 0b ca 48 3b c8 75 ee 32
0x00007ffa3f7cb385:   db 48 8b 6c 24 38 0f b6 c3 48 8b 5c 24 30 48 8b
0x00007ffa3f7cb395:   74 24 40 48 83 c4 20 5f c3 80 3d 79 21 8a 00 00
0x00007ffa3f7cb3a5:   b3 01 74 15 8b 57 08 8b 0d c6 0b 8a 00 48 d3 e2
0x00007ffa3f7cb3b5:   48 03 15 b4 0b 8a 00 eb 04 48 8b 57 08 48 8b cf
0x00007ffa3f7cb3c5:   e8 86 2f e2 ff 48 8b 8e b8 02 00 00 4c 8b d8 4c
0x00007ffa3f7cb3d5:   8b 0c e9 49 8b 51 18 8b 8a 18 02 00 00 4c 8b 82
0x00007ffa3f7cb3e5:   10 02 00 00 41 8b 51 60 49 d3 e0 8b 0d 1a 9a 90
0x00007ffa3f7cb3f5:   00 49 2b f8 48 d3 ef 44 8b d7 49 23 d2 48 c1 e2 


Stack slot to memory mapping:

stack at sp + 0 slots: 0x0 is null
stack at sp + 1 slots: 0x00007ffa3f7cb3ca jvm.dll
stack at sp + 2 slots: 0x0000f47cb142fafa is an unknown value
stack at sp + 3 slots: 0x00000019c85ff830 points into unknown readable memory: 0x00000019c85ff970 | 70 f9 5f c8 19 00 00 00
stack at sp + 4 slots: 0x0000000000000200 is an unknown value
stack at sp + 5 slots: 0x00007ffa3f7cb19f jvm.dll
stack at sp + 6 slots: 0x0000014c5bd5ca10 points into unknown readable memory: 0x00007ffa3fe829a8 | a8 29 e8 3f fa 7f 00 00
stack at sp + 7 slots: 0x00000019c85ff970 points into unknown readable memory: 0x00007ffa3fe829c8 | c8 29 e8 3f fa 7f 00 00


---------------  P R O C E S S  ---------------

Threads class SMR info:
_java_thread_list=0x0000014c749d3f00, length=31, elements={
0x0000014c5bcdf4c0, 0x0000014c6e4a5240, 0x0000014c6e4a6160, 0x0000014c6e4a8f90,
0x0000014c6e4aab60, 0x0000014c6e4ab840, 0x0000014c6e4ae2b0, 0x0000014c6e4aed10,
0x0000014c6e46b0d0, 0x0000014c6e646ca0, 0x0000014c730e72e0, 0x0000014c730e7950,
0x0000014c731c9380, 0x0000014c73289b10, 0x0000014c7334f280, 0x0000014c732dec90,
0x0000014c73739bb0, 0x0000014c7375f5c0, 0x0000014c74729700, 0x0000014c74729070,
0x0000014c74729d90, 0x0000014c7472a420, 0x0000014c7472aab0, 0x0000014c7472b140,
0x0000014c7472b7d0, 0x0000014c74728350, 0x0000014c747289e0, 0x0000014c7473c380,
0x0000014c74741f60, 0x0000014c7473e450, 0x0000014c7473ddc0
}

Java Threads: ( => current thread )
  0x0000014c5bcdf4c0 JavaThread "main"                              [_thread_blocked, id=12980, stack(0x00000019c8200000,0x00000019c8300000) (1024K)]
  0x0000014c6e4a5240 JavaThread "Reference Handler"          daemon [_thread_blocked, id=14248, stack(0x00000019c8a00000,0x00000019c8b00000) (1024K)]
  0x0000014c6e4a6160 JavaThread "Finalizer"                  daemon [_thread_blocked, id=14320, stack(0x00000019c8b00000,0x00000019c8c00000) (1024K)]
  0x0000014c6e4a8f90 JavaThread "Signal Dispatcher"          daemon [_thread_blocked, id=11488, stack(0x00000019c8c00000,0x00000019c8d00000) (1024K)]
  0x0000014c6e4aab60 JavaThread "Attach Listener"            daemon [_thread_blocked, id=14064, stack(0x00000019c8d00000,0x00000019c8e00000) (1024K)]
  0x0000014c6e4ab840 JavaThread "Service Thread"             daemon [_thread_blocked, id=13332, stack(0x00000019c8e00000,0x00000019c8f00000) (1024K)]
  0x0000014c6e4ae2b0 JavaThread "Monitor Deflation Thread"   daemon [_thread_blocked, id=4412, stack(0x00000019c8f00000,0x00000019c9000000) (1024K)]
  0x0000014c6e4aed10 JavaThread "C1 CompilerThread0"         daemon [_thread_blocked, id=13580, stack(0x00000019c9000000,0x00000019c9100000) (1024K)]
  0x0000014c6e46b0d0 JavaThread "Common-Cleaner"             daemon [_thread_blocked, id=11532, stack(0x00000019c9100000,0x00000019c9200000) (1024K)]
  0x0000014c6e646ca0 JavaThread "C1 CompilerThread1"         daemon [_thread_blocked, id=13404, stack(0x00000019c9200000,0x00000019c9300000) (1024K)]
  0x0000014c730e72e0 JavaThread "Monitor Ctrl-Break"         daemon [_thread_in_native, id=2896, stack(0x00000019c9300000,0x00000019c9400000) (1024K)]
  0x0000014c730e7950 JavaThread "Notification Thread"        daemon [_thread_blocked, id=6840, stack(0x00000019c9400000,0x00000019c9500000) (1024K)]
  0x0000014c731c9380 JavaThread "C1 CompilerThread2"         daemon [_thread_blocked, id=10932, stack(0x00000019c9500000,0x00000019c9600000) (1024K)]
  0x0000014c73289b10 JavaThread "RMI TCP Accept-0"           daemon [_thread_in_native, id=1984, stack(0x00000019c9900000,0x00000019c9a00000) (1024K)]
  0x0000014c7334f280 JavaThread "RMI TCP Connection(1)-172.17.142.81" daemon [_thread_in_native, id=2520, stack(0x00000019c9b00000,0x00000019c9c00000) (1024K)]
  0x0000014c732dec90 JavaThread "RMI Scheduler(0)"           daemon [_thread_blocked, id=12372, stack(0x00000019c9a00000,0x00000019c9b00000) (1024K)]
  0x0000014c73739bb0 JavaThread "Thread-0"                          [_thread_blocked, id=11428, stack(0x00000019c9c00000,0x00000019c9d00000) (1024K)]
  0x0000014c7375f5c0 JavaThread "restartedMain"                     [_thread_blocked, id=13928, stack(0x00000019c9d00000,0x00000019c9e00000) (1024K)]
  0x0000014c74729700 JavaThread "Catalina-utility-1"                [_thread_blocked, id=3668, stack(0x00000019c9e00000,0x00000019c9f00000) (1024K)]
  0x0000014c74729070 JavaThread "Catalina-utility-2"                [_thread_blocked, id=12876, stack(0x00000019c9f00000,0x00000019ca000000) (1024K)]
  0x0000014c74729d90 JavaThread "http-nio-8080-exec-1"       daemon [_thread_blocked, id=11776, stack(0x00000019ca000000,0x00000019ca100000) (1024K)]
  0x0000014c7472a420 JavaThread "http-nio-8080-exec-2"       daemon [_thread_blocked, id=12528, stack(0x00000019ca100000,0x00000019ca200000) (1024K)]
  0x0000014c7472aab0 JavaThread "http-nio-8080-exec-3"       daemon [_thread_blocked, id=4172, stack(0x00000019ca200000,0x00000019ca300000) (1024K)]
  0x0000014c7472b140 JavaThread "http-nio-8080-exec-4"       daemon [_thread_blocked, id=13480, stack(0x00000019ca300000,0x00000019ca400000) (1024K)]
  0x0000014c7472b7d0 JavaThread "http-nio-8080-exec-5"       daemon [_thread_blocked, id=5352, stack(0x00000019ca400000,0x00000019ca500000) (1024K)]
  0x0000014c74728350 JavaThread "http-nio-8080-exec-6"       daemon [_thread_blocked, id=12408, stack(0x00000019ca500000,0x00000019ca600000) (1024K)]
  0x0000014c747289e0 JavaThread "http-nio-8080-exec-7"       daemon [_thread_blocked, id=13960, stack(0x00000019ca600000,0x00000019ca700000) (1024K)]
  0x0000014c7473c380 JavaThread "http-nio-8080-exec-8"       daemon [_thread_blocked, id=11548, stack(0x00000019ca700000,0x00000019ca800000) (1024K)]
  0x0000014c74741f60 JavaThread "http-nio-8080-exec-9"       daemon [_thread_blocked, id=9592, stack(0x00000019ca800000,0x00000019ca900000) (1024K)]
  0x0000014c7473e450 JavaThread "http-nio-8080-exec-10"      daemon [_thread_blocked, id=5756, stack(0x00000019ca900000,0x00000019caa00000) (1024K)]
  0x0000014c7473ddc0 JavaThread "container-0"                       [_thread_blocked, id=1976, stack(0x00000019caa00000,0x00000019cab00000) (1024K)]
Total: 31

Other Threads:
  0x0000014c6e485970 VMThread "VM Thread"                           [id=14220, stack(0x00000019c8900000,0x00000019c8a00000) (1024K)]
  0x0000014c6e469c70 WatcherThread "VM Periodic Task Thread"        [id=12352, stack(0x00000019c8800000,0x00000019c8900000) (1024K)]
  0x0000014c5bd48150 WorkerThread "GC Thread#0"                     [id=12596, stack(0x00000019c8300000,0x00000019c8400000) (1024K)]
  0x0000014c731d3020 WorkerThread "GC Thread#1"                     [id=3152, stack(0x00000019c9600000,0x00000019c9700000) (1024K)]
  0x0000014c731d33c0 WorkerThread "GC Thread#2"                     [id=11940, stack(0x00000019c9700000,0x00000019c9800000) (1024K)]
  0x0000014c731d3760 WorkerThread "GC Thread#3"                     [id=9464, stack(0x00000019c9800000,0x00000019c9900000) (1024K)]
  0x0000014c5bd59030 ConcurrentGCThread "G1 Main Marker"            [id=13628, stack(0x00000019c8400000,0x00000019c8500000) (1024K)]
=>0x0000014c5bd5a1e0 WorkerThread "G1 Conc#0"                       [id=12836, stack(0x00000019c8500000,0x00000019c8600000) (1024K)]
  0x0000014c6e32c520 ConcurrentGCThread "G1 Refine#0"               [id=11764, stack(0x00000019c8600000,0x00000019c8700000) (1024K)]
  0x0000014c6e32cea0 ConcurrentGCThread "G1 Service"                [id=4352, stack(0x00000019c8700000,0x00000019c8800000) (1024K)]
Total: 10

Threads with active compile tasks:
Total: 0

VM state: not at safepoint (normal execution)

VM Mutex/Monitor currently owned by a thread:  ([mutex/lock_event])
[0x00007ffa400ece68] Heap_lock - owner thread: 0x0000014c7375f5c0

Heap address: 0x0000000701c00000, size: 4068 MB, Compressed Oops mode: Zero based, Oop shift amount: 3

CDS archive(s) mapped at: [0x0000014c00000000-0x0000014c00c90000-0x0000014c00c90000), size 13172736, SharedBaseAddress: 0x0000014c00000000, ArchiveRelocationMode: 1.
Compressed class space mapped at: 0x0000014c01000000-0x0000014c41000000, reserved size: 1073741824
Narrow klass base: 0x0000014c00000000, Narrow klass shift: 0, Narrow klass range: 0x100000000

GC Precious Log:
 CardTable entry size: 512
 Card Set container configuration: InlinePtr #cards 4 size 8 Array Of Cards #cards 16 size 48 Howl #buckets 8 coarsen threshold 3686 Howl Bitmap #cards 512 size 80 coarsen threshold 460 Card regions per heap region 1 cards per card region 4096
 CPUs: 4 total, 4 available
 Memory: 16268M
 Large Page Support: Disabled
 NUMA Support: Disabled
 Compressed Oops: Enabled (Zero based)
 Heap Region Size: 2M
 Heap Min Capacity: 8M
 Heap Initial Capacity: 256M
 Heap Max Capacity: 4068M
 Pre-touch: Disabled
 Parallel Workers: 4
 Concurrent Workers: 1
 Concurrent Refinement Workers: 4
 Periodic GC: Disabled

Heap:
 garbage-first heap   total 161792K, used 20919K [0x0000000701c00000, 0x0000000800000000)
  region size 2048K, 2 young (4096K), 1 survivors (2048K)
 Metaspace       used 35629K, committed 36288K, reserved 1114112K
  class space    used 4925K, committed 5248K, reserved 1048576K

Heap Regions: E=young(eden), S=young(survivor), O=old, HS=humongous(starts), HC=humongous(continues), CS=collection set, F=free, TAMS=top-at-mark-start, PB=parsable bottom
|   0|0x0000000701c00000, 0x0000000701e00000, 0x0000000701e00000|100%| O|  |TAMS 0x0000000701e00000| PB 0x0000000701c00000| Untracked 
|   1|0x0000000701e00000, 0x0000000702000000, 0x0000000702000000|100%| O|  |TAMS 0x0000000702000000| PB 0x0000000701e00000| Untracked 
|   2|0x0000000702000000, 0x0000000702200000, 0x0000000702200000|100%| O|  |TAMS 0x0000000702200000| PB 0x0000000702000000| Untracked 
|   3|0x0000000702200000, 0x0000000702400000, 0x0000000702400000|100%| O|  |TAMS 0x0000000702400000| PB 0x0000000702200000| Untracked 
|   4|0x0000000702400000, 0x0000000702600000, 0x0000000702600000|100%| O|  |TAMS 0x0000000702600000| PB 0x0000000702400000| Untracked 
|   5|0x0000000702600000, 0x0000000702800000, 0x0000000702800000|100%| O|  |TAMS 0x0000000702800000| PB 0x0000000702600000| Untracked 
|   6|0x0000000702800000, 0x0000000702a00000, 0x0000000702a00000|100%| O|  |TAMS 0x0000000702a00000| PB 0x0000000702800000| Untracked 
|   7|0x0000000702a00000, 0x0000000702c00000, 0x0000000702c00000|100%| O|  |TAMS 0x0000000702c00000| PB 0x0000000702a00000| Untracked 
|   8|0x0000000702c00000, 0x0000000702e00000, 0x0000000702e00000|100%| O|  |TAMS 0x0000000702e00000| PB 0x0000000702c00000| Untracked 
|   9|0x0000000702e00000, 0x0000000702e8c0a0, 0x0000000703000000| 27%| O|  |TAMS 0x0000000702e8c0a0| PB 0x0000000702e00000| Untracked 
|  10|0x0000000703000000, 0x0000000703000000, 0x0000000703200000|  0%| F|  |TAMS 0x0000000703000000| PB 0x0000000703000000| Untracked 
|  11|0x0000000703200000, 0x0000000703200000, 0x0000000703400000|  0%| F|  |TAMS 0x0000000703200000| PB 0x0000000703200000| Untracked 
|  12|0x0000000703400000, 0x0000000703400000, 0x0000000703600000|  0%| F|  |TAMS 0x0000000703400000| PB 0x0000000703400000| Untracked 
|  13|0x0000000703600000, 0x0000000703600000, 0x0000000703800000|  0%| F|  |TAMS 0x0000000703600000| PB 0x0000000703600000| Untracked 
|  14|0x0000000703800000, 0x0000000703800000, 0x0000000703a00000|  0%| F|  |TAMS 0x0000000703800000| PB 0x0000000703800000| Untracked 
|  15|0x0000000703a00000, 0x0000000703a00000, 0x0000000703c00000|  0%| F|  |TAMS 0x0000000703a00000| PB 0x0000000703a00000| Untracked 
|  16|0x0000000703c00000, 0x0000000703c00000, 0x0000000703e00000|  0%| F|  |TAMS 0x0000000703c00000| PB 0x0000000703c00000| Untracked 
|  17|0x0000000703e00000, 0x0000000703e00000, 0x0000000704000000|  0%| F|  |TAMS 0x0000000703e00000| PB 0x0000000703e00000| Untracked 
|  18|0x0000000704000000, 0x0000000704000000, 0x0000000704200000|  0%| F|  |TAMS 0x0000000704000000| PB 0x0000000704000000| Untracked 
|  19|0x0000000704200000, 0x0000000704200000, 0x0000000704400000|  0%| F|  |TAMS 0x0000000704200000| PB 0x0000000704200000| Untracked 
|  20|0x0000000704400000, 0x0000000704400000, 0x0000000704600000|  0%| F|  |TAMS 0x0000000704400000| PB 0x0000000704400000| Untracked 
|  21|0x0000000704600000, 0x0000000704600000, 0x0000000704800000|  0%| F|  |TAMS 0x0000000704600000| PB 0x0000000704600000| Untracked 
|  22|0x0000000704800000, 0x0000000704800000, 0x0000000704a00000|  0%| F|  |TAMS 0x0000000704800000| PB 0x0000000704800000| Untracked 
|  23|0x0000000704a00000, 0x0000000704a00000, 0x0000000704c00000|  0%| F|  |TAMS 0x0000000704a00000| PB 0x0000000704a00000| Untracked 
|  24|0x0000000704c00000, 0x0000000704c00000, 0x0000000704e00000|  0%| F|  |TAMS 0x0000000704c00000| PB 0x0000000704c00000| Untracked 
|  25|0x0000000704e00000, 0x0000000704e00000, 0x0000000705000000|  0%| F|  |TAMS 0x0000000704e00000| PB 0x0000000704e00000| Untracked 
|  26|0x0000000705000000, 0x0000000705000000, 0x0000000705200000|  0%| F|  |TAMS 0x0000000705000000| PB 0x0000000705000000| Untracked 
|  27|0x0000000705200000, 0x0000000705200000, 0x0000000705400000|  0%| F|  |TAMS 0x0000000705200000| PB 0x0000000705200000| Untracked 
|  28|0x0000000705400000, 0x0000000705400000, 0x0000000705600000|  0%| F|  |TAMS 0x0000000705400000| PB 0x0000000705400000| Untracked 
|  29|0x0000000705600000, 0x0000000705600000, 0x0000000705800000|  0%| F|  |TAMS 0x0000000705600000| PB 0x0000000705600000| Untracked 
|  30|0x0000000705800000, 0x0000000705800000, 0x0000000705a00000|  0%| F|  |TAMS 0x0000000705800000| PB 0x0000000705800000| Untracked 
|  31|0x0000000705a00000, 0x0000000705a00000, 0x0000000705c00000|  0%| F|  |TAMS 0x0000000705a00000| PB 0x0000000705a00000| Untracked 
|  32|0x0000000705c00000, 0x0000000705c00000, 0x0000000705e00000|  0%| F|  |TAMS 0x0000000705c00000| PB 0x0000000705c00000| Untracked 
|  33|0x0000000705e00000, 0x0000000705e00000, 0x0000000706000000|  0%| F|  |TAMS 0x0000000705e00000| PB 0x0000000705e00000| Untracked 
|  34|0x0000000706000000, 0x0000000706000000, 0x0000000706200000|  0%| F|  |TAMS 0x0000000706000000| PB 0x0000000706000000| Untracked 
|  35|0x0000000706200000, 0x0000000706200000, 0x0000000706400000|  0%| F|  |TAMS 0x0000000706200000| PB 0x0000000706200000| Untracked 
|  36|0x0000000706400000, 0x0000000706400000, 0x0000000706600000|  0%| F|  |TAMS 0x0000000706400000| PB 0x0000000706400000| Untracked 
|  37|0x0000000706600000, 0x0000000706600000, 0x0000000706800000|  0%| F|  |TAMS 0x0000000706600000| PB 0x0000000706600000| Untracked 
|  38|0x0000000706800000, 0x0000000706800000, 0x0000000706a00000|  0%| F|  |TAMS 0x0000000706800000| PB 0x0000000706800000| Untracked 
|  39|0x0000000706a00000, 0x0000000706a00000, 0x0000000706c00000|  0%| F|  |TAMS 0x0000000706a00000| PB 0x0000000706a00000| Untracked 
|  40|0x0000000706c00000, 0x0000000706c00000, 0x0000000706e00000|  0%| F|  |TAMS 0x0000000706c00000| PB 0x0000000706c00000| Untracked 
|  41|0x0000000706e00000, 0x0000000706e00000, 0x0000000707000000|  0%| F|  |TAMS 0x0000000706e00000| PB 0x0000000706e00000| Untracked 
|  42|0x0000000707000000, 0x0000000707000000, 0x0000000707200000|  0%| F|  |TAMS 0x0000000707000000| PB 0x0000000707000000| Untracked 
|  43|0x0000000707200000, 0x0000000707200000, 0x0000000707400000|  0%| F|  |TAMS 0x0000000707200000| PB 0x0000000707200000| Untracked 
|  44|0x0000000707400000, 0x0000000707400000, 0x0000000707600000|  0%| F|  |TAMS 0x0000000707400000| PB 0x0000000707400000| Untracked 
|  45|0x0000000707600000, 0x0000000707600000, 0x0000000707800000|  0%| F|  |TAMS 0x0000000707600000| PB 0x0000000707600000| Untracked 
|  46|0x0000000707800000, 0x0000000707800000, 0x0000000707a00000|  0%| F|  |TAMS 0x0000000707800000| PB 0x0000000707800000| Untracked 
|  47|0x0000000707a00000, 0x0000000707a00000, 0x0000000707c00000|  0%| F|  |TAMS 0x0000000707a00000| PB 0x0000000707a00000| Untracked 
|  48|0x0000000707c00000, 0x0000000707c00000, 0x0000000707e00000|  0%| F|  |TAMS 0x0000000707c00000| PB 0x0000000707c00000| Untracked 
|  49|0x0000000707e00000, 0x0000000707e00000, 0x0000000708000000|  0%| F|  |TAMS 0x0000000707e00000| PB 0x0000000707e00000| Untracked 
|  50|0x0000000708000000, 0x0000000708000000, 0x0000000708200000|  0%| F|  |TAMS 0x0000000708000000| PB 0x0000000708000000| Untracked 
|  51|0x0000000708200000, 0x0000000708200000, 0x0000000708400000|  0%| F|  |TAMS 0x0000000708200000| PB 0x0000000708200000| Untracked 
|  52|0x0000000708400000, 0x0000000708400000, 0x0000000708600000|  0%| F|  |TAMS 0x0000000708400000| PB 0x0000000708400000| Untracked 
|  53|0x0000000708600000, 0x0000000708600000, 0x0000000708800000|  0%| F|  |TAMS 0x0000000708600000| PB 0x0000000708600000| Untracked 
|  54|0x0000000708800000, 0x0000000708800000, 0x0000000708a00000|  0%| F|  |TAMS 0x0000000708800000| PB 0x0000000708800000| Untracked 
|  55|0x0000000708a00000, 0x0000000708a00000, 0x0000000708c00000|  0%| F|  |TAMS 0x0000000708a00000| PB 0x0000000708a00000| Untracked 
|  56|0x0000000708c00000, 0x0000000708c00000, 0x0000000708e00000|  0%| F|  |TAMS 0x0000000708c00000| PB 0x0000000708c00000| Untracked 
|  57|0x0000000708e00000, 0x0000000708e00000, 0x0000000709000000|  0%| F|  |TAMS 0x0000000708e00000| PB 0x0000000708e00000| Untracked 
|  58|0x0000000709000000, 0x0000000709000000, 0x0000000709200000|  0%| F|  |TAMS 0x0000000709000000| PB 0x0000000709000000| Untracked 
|  59|0x0000000709200000, 0x0000000709200000, 0x0000000709400000|  0%| F|  |TAMS 0x0000000709200000| PB 0x0000000709200000| Untracked 
|  60|0x0000000709400000, 0x0000000709400000, 0x0000000709600000|  0%| F|  |TAMS 0x0000000709400000| PB 0x0000000709400000| Untracked 
|  61|0x0000000709600000, 0x0000000709600000, 0x0000000709800000|  0%| F|  |TAMS 0x0000000709600000| PB 0x0000000709600000| Untracked 
|  62|0x0000000709800000, 0x0000000709800000, 0x0000000709a00000|  0%| F|  |TAMS 0x0000000709800000| PB 0x0000000709800000| Untracked 
|  63|0x0000000709a00000, 0x0000000709a00000, 0x0000000709c00000|  0%| F|  |TAMS 0x0000000709a00000| PB 0x0000000709a00000| Untracked 
|  64|0x0000000709c00000, 0x0000000709c00000, 0x0000000709e00000|  0%| F|  |TAMS 0x0000000709c00000| PB 0x0000000709c00000| Untracked 
|  65|0x0000000709e00000, 0x0000000709e00000, 0x000000070a000000|  0%| F|  |TAMS 0x0000000709e00000| PB 0x0000000709e00000| Untracked 
|  66|0x000000070a000000, 0x000000070a000000, 0x000000070a200000|  0%| F|  |TAMS 0x000000070a000000| PB 0x000000070a000000| Untracked 
|  67|0x000000070a200000, 0x000000070a200000, 0x000000070a400000|  0%| F|  |TAMS 0x000000070a200000| PB 0x000000070a200000| Untracked 
|  68|0x000000070a400000, 0x000000070a400000, 0x000000070a600000|  0%| F|  |TAMS 0x000000070a400000| PB 0x000000070a400000| Untracked 
|  69|0x000000070a600000, 0x000000070a600000, 0x000000070a800000|  0%| F|  |TAMS 0x000000070a600000| PB 0x000000070a600000| Untracked 
|  70|0x000000070a800000, 0x000000070a800000, 0x000000070aa00000|  0%| F|  |TAMS 0x000000070a800000| PB 0x000000070a800000| Untracked 
|  71|0x000000070aa00000, 0x000000070aa00000, 0x000000070ac00000|  0%| F|  |TAMS 0x000000070aa00000| PB 0x000000070aa00000| Untracked 
|  72|0x000000070ac00000, 0x000000070ac00000, 0x000000070ae00000|  0%| F|  |TAMS 0x000000070ac00000| PB 0x000000070ac00000| Untracked 
|  73|0x000000070ae00000, 0x000000070ae00000, 0x000000070b000000|  0%| F|  |TAMS 0x000000070ae00000| PB 0x000000070ae00000| Untracked 
|  97|0x000000070de00000, 0x000000070de00000, 0x000000070e000000|  0%| F|  |TAMS 0x000000070de00000| PB 0x000000070de00000| Untracked 
|  98|0x000000070e000000, 0x000000070e1e1ec8, 0x000000070e200000| 94%| S|CS|TAMS 0x000000070e000000| PB 0x000000070e000000| Complete 
|  99|0x000000070e200000, 0x000000070e200000, 0x000000070e400000|  0%| F|  |TAMS 0x000000070e200000| PB 0x000000070e200000| Untracked 
| 100|0x000000070e400000, 0x000000070e400000, 0x000000070e600000|  0%| F|  |TAMS 0x000000070e400000| PB 0x000000070e400000| Untracked 
| 127|0x0000000711a00000, 0x0000000711c00000, 0x0000000711c00000|100%| E|  |TAMS 0x0000000711a00000| PB 0x0000000711a00000| Complete 

Card table byte_map: [0x0000014c67950000,0x0000014c68150000] _byte_map_base: 0x0000014c64142000

Marking Bits: (CMBitMap*) 0x0000014c5bd48760
 Bits: [0x0000014c68150000, 0x0000014c6c0e0000)

Polling page: 0x0000014c5b4b0000

Metaspace:

Usage:
  Non-class:     29.98 MB used.
      Class:      4.81 MB used.
       Both:     34.79 MB used.

Virtual space:
  Non-class space:       64.00 MB reserved,      30.31 MB ( 47%) committed,  1 nodes.
      Class space:        1.00 GB reserved,       5.12 MB ( <1%) committed,  1 nodes.
             Both:        1.06 GB reserved,      35.44 MB (  3%) committed. 

Chunk freelists:
   Non-Class:  1.50 MB
       Class:  10.86 MB
        Both:  12.36 MB

MaxMetaspaceSize: unlimited
CompressedClassSpaceSize: 1.00 GB
Initial GC threshold: 21.00 MB
Current GC threshold: 35.44 MB
CDS: on
 - commit_granule_bytes: 65536.
 - commit_granule_words: 8192.
 - virtual_space_node_default_size: 8388608.
 - enlarge_chunks_in_place: 1.
 - use_allocation_guard: 0.


Internal statistics:

num_allocs_failed_limit: 8.
num_arena_births: 794.
num_arena_deaths: 0.
num_vsnodes_births: 2.
num_vsnodes_deaths: 0.
num_space_committed: 567.
num_space_uncommitted: 0.
num_chunks_returned_to_freelist: 8.
num_chunks_taken_from_freelist: 2045.
num_chunk_merges: 8.
num_chunk_splits: 1433.
num_chunks_enlarged: 1009.
num_inconsistent_stats: 0.

CodeCache: size=49152Kb used=9144Kb max_used=9144Kb free=40008Kb
 bounds [0x0000014c64150000, 0x0000014c64a40000, 0x0000014c67150000]
 total_blobs=4805 nmethods=4241 adapters=486
 compilation: enabled
              stopped_count=0, restarted_count=0
 full_count=0

Compilation events (20 events):
Event: 5.302 Thread 0x0000014c6e646ca0 nmethod 4230 0x0000014c64a39310 code [0x0000014c64a395a0, 0x0000014c64a39c98]
Event: 5.302 Thread 0x0000014c6e4aed10 nmethod 4232 0x0000014c64a3a390 code [0x0000014c64a3a5c0, 0x0000014c64a3af00]
Event: 5.359 Thread 0x0000014c6e646ca0 4233       1       java.lang.reflect.ProxyGenerator$ProxyMethod::<init> (44 bytes)
Event: 5.359 Thread 0x0000014c6e646ca0 nmethod 4233 0x0000014c64a3b490 code [0x0000014c64a3b640, 0x0000014c64a3b9c8]
Event: 5.365 Thread 0x0000014c731c9380 4235       1       java.lang.reflect.ProxyGenerator::lambda$addProxyMethod$0 (9 bytes)
Event: 5.365 Thread 0x0000014c6e646ca0 4234       1       java.lang.reflect.ProxyGenerator$$Lambda/0x0000014c01079660::apply (8 bytes)
Event: 5.365 Thread 0x0000014c6e646ca0 nmethod 4234 0x0000014c64a3ba10 code [0x0000014c64a3bbc0, 0x0000014c64a3bd48]
Event: 5.365 Thread 0x0000014c731c9380 nmethod 4235 0x0000014c64a3be10 code [0x0000014c64a3bfc0, 0x0000014c64a3c0f0]
Event: 5.382 Thread 0x0000014c6e4aed10 4237       1       java.lang.Long::getChars (195 bytes)
Event: 5.382 Thread 0x0000014c731c9380 4236       1       java.lang.Long::stringSize (55 bytes)
Event: 5.382 Thread 0x0000014c731c9380 nmethod 4236 0x0000014c64a3c190 code [0x0000014c64a3c320, 0x0000014c64a3c478]
Event: 5.382 Thread 0x0000014c6e4aed10 nmethod 4237 0x0000014c64a3c510 code [0x0000014c64a3c6e0, 0x0000014c64a3caf8]
Event: 5.392 Thread 0x0000014c6e4aed10 4238       1       net.bytebuddy.matcher.ElementMatcher$Junction$AbstractBase::<init> (5 bytes)
Event: 5.392 Thread 0x0000014c6e4aed10 nmethod 4238 0x0000014c64a3ce10 code [0x0000014c64a3cfa0, 0x0000014c64a3d068]
Event: 5.409 Thread 0x0000014c6e646ca0 4239   !   1       java.util.AbstractList$Itr::next (46 bytes)
Event: 5.409 Thread 0x0000014c731c9380 4240       1       java.util.AbstractList$Itr::checkForComodification (23 bytes)
Event: 5.409 Thread 0x0000014c6e4aed10 4241       1       java.util.Arrays$ArrayList::get (7 bytes)
Event: 5.409 Thread 0x0000014c6e4aed10 nmethod 4241 0x0000014c64a3d110 code [0x0000014c64a3d2a0, 0x0000014c64a3d398]
Event: 5.409 Thread 0x0000014c731c9380 nmethod 4240 0x0000014c64a3d490 code [0x0000014c64a3d640, 0x0000014c64a3d7c8]
Event: 5.409 Thread 0x0000014c6e646ca0 nmethod 4239 0x0000014c64a3d890 code [0x0000014c64a3da80, 0x0000014c64a3dde0]

GC Heap History (16 events):
Event: 0.739 GC heap before
{Heap before GC invocations=0 (full 0):
 garbage-first heap   total 262144K, used 10240K [0x0000000701c00000, 0x0000000800000000)
  region size 2048K, 6 young (12288K), 0 survivors (0K)
 Metaspace       used 3279K, committed 3456K, reserved 1114112K
  class space    used 373K, committed 448K, reserved 1048576K
}
Event: 0.745 GC heap after
{Heap after GC invocations=1 (full 0):
 garbage-first heap   total 262144K, used 6605K [0x0000000701c00000, 0x0000000800000000)
  region size 2048K, 1 young (2048K), 1 survivors (2048K)
 Metaspace       used 3279K, committed 3456K, reserved 1114112K
  class space    used 373K, committed 448K, reserved 1048576K
}
Event: 1.333 GC heap before
{Heap before GC invocations=1 (full 0):
 garbage-first heap   total 262144K, used 16845K [0x0000000701c00000, 0x0000000800000000)
  region size 2048K, 6 young (12288K), 1 survivors (2048K)
 Metaspace       used 7329K, committed 7616K, reserved 1114112K
  class space    used 893K, committed 1024K, reserved 1048576K
}
Event: 1.339 GC heap after
{Heap after GC invocations=2 (full 0):
 garbage-first heap   total 262144K, used 8284K [0x0000000701c00000, 0x0000000800000000)
  region size 2048K, 1 young (2048K), 1 survivors (2048K)
 Metaspace       used 7329K, committed 7616K, reserved 1114112K
  class space    used 893K, committed 1024K, reserved 1048576K
}
Event: 2.198 GC heap before
{Heap before GC invocations=2 (full 0):
 garbage-first heap   total 262144K, used 30812K [0x0000000701c00000, 0x0000000800000000)
  region size 2048K, 13 young (26624K), 1 survivors (2048K)
 Metaspace       used 12044K, committed 12416K, reserved 1114112K
  class space    used 1635K, committed 1792K, reserved 1048576K
}
Event: 2.208 GC heap after
{Heap after GC invocations=3 (full 0):
 garbage-first heap   total 262144K, used 9914K [0x0000000701c00000, 0x0000000800000000)
  region size 2048K, 2 young (4096K), 2 survivors (4096K)
 Metaspace       used 12044K, committed 12416K, reserved 1114112K
  class space    used 1635K, committed 1792K, reserved 1048576K
}
Event: 3.303 GC heap before
{Heap before GC invocations=3 (full 0):
 garbage-first heap   total 262144K, used 57018K [0x0000000701c00000, 0x0000000800000000)
  region size 2048K, 27 young (55296K), 2 survivors (4096K)
 Metaspace       used 21137K, committed 21504K, reserved 1114112K
  class space    used 2770K, committed 2944K, reserved 1048576K
}
Event: 3.316 GC heap after
{Heap after GC invocations=4 (full 0):
 garbage-first heap   total 262144K, used 14565K [0x0000000701c00000, 0x0000000800000000)
  region size 2048K, 4 young (8192K), 4 survivors (8192K)
 Metaspace       used 21137K, committed 21504K, reserved 1114112K
  class space    used 2770K, committed 2944K, reserved 1048576K
}
Event: 4.012 GC heap before
{Heap before GC invocations=5 (full 0):
 garbage-first heap   total 61440K, used 43237K [0x0000000701c00000, 0x0000000800000000)
  region size 2048K, 18 young (36864K), 4 survivors (8192K)
 Metaspace       used 24305K, committed 24704K, reserved 1114112K
  class space    used 3268K, committed 3456K, reserved 1048576K
}
Event: 4.027 GC heap after
{Heap after GC invocations=6 (full 0):
 garbage-first heap   total 61440K, used 16392K [0x0000000701c00000, 0x0000000800000000)
  region size 2048K, 2 young (4096K), 2 survivors (4096K)
 Metaspace       used 24305K, committed 24704K, reserved 1114112K
  class space    used 3268K, committed 3456K, reserved 1048576K
}
Event: 4.663 GC heap before
{Heap before GC invocations=6 (full 0):
 garbage-first heap   total 61440K, used 45064K [0x0000000701c00000, 0x0000000800000000)
  region size 2048K, 16 young (32768K), 2 survivors (4096K)
 Metaspace       used 28877K, committed 29440K, reserved 1114112K
  class space    used 3931K, committed 4160K, reserved 1048576K
}
Event: 4.672 GC heap after
{Heap after GC invocations=7 (full 0):
 garbage-first heap   total 61440K, used 19200K [0x0000000701c00000, 0x0000000800000000)
  region size 2048K, 2 young (4096K), 2 survivors (4096K)
 Metaspace       used 28877K, committed 29440K, reserved 1114112K
  class space    used 3931K, committed 4160K, reserved 1048576K
}
Event: 5.270 GC heap before
{Heap before GC invocations=7 (full 0):
 garbage-first heap   total 61440K, used 47872K [0x0000000701c00000, 0x0000000800000000)
  region size 2048K, 16 young (32768K), 2 survivors (4096K)
 Metaspace       used 34137K, committed 34752K, reserved 1114112K
  class space    used 4686K, committed 4928K, reserved 1048576K
}
Event: 5.280 GC heap after
{Heap after GC invocations=8 (full 0):
 garbage-first heap   total 161792K, used 20850K [0x0000000701c00000, 0x0000000800000000)
  region size 2048K, 1 young (2048K), 1 survivors (2048K)
 Metaspace       used 34137K, committed 34752K, reserved 1114112K
  class space    used 4686K, committed 4928K, reserved 1048576K
}
Event: 5.395 GC heap before
{Heap before GC invocations=8 (full 0):
 garbage-first heap   total 161792K, used 24946K [0x0000000701c00000, 0x0000000800000000)
  region size 2048K, 4 young (8192K), 1 survivors (2048K)
 Metaspace       used 35313K, committed 35968K, reserved 1114112K
  class space    used 4865K, committed 5184K, reserved 1048576K
}
Event: 5.399 GC heap after
{Heap after GC invocations=9 (full 0):
 garbage-first heap   total 161792K, used 20919K [0x0000000701c00000, 0x0000000800000000)
  region size 2048K, 1 young (2048K), 1 survivors (2048K)
 Metaspace       used 35313K, committed 35968K, reserved 1114112K
  class space    used 4865K, committed 5184K, reserved 1048576K
}

Dll operation events (13 events):
Event: 0.015 Loaded shared library C:\Program Files\Java\jdk-21\bin\java.dll
Event: 0.262 Loaded shared library C:\Program Files\Java\jdk-21\bin\zip.dll
Event: 0.269 Loaded shared library C:\Program Files\Java\jdk-21\bin\instrument.dll
Event: 0.280 Loaded shared library C:\Program Files\Java\jdk-21\bin\net.dll
Event: 0.283 Loaded shared library C:\Program Files\Java\jdk-21\bin\nio.dll
Event: 0.288 Loaded shared library C:\Program Files\Java\jdk-21\bin\zip.dll
Event: 0.481 Loaded shared library C:\Program Files\JetBrains\IntelliJ IDEA 2024.1.2\bin\breakgen64.dll
Event: 0.490 Loaded shared library C:\Program Files\Java\jdk-21\bin\jimage.dll
Event: 0.498 Loaded shared library C:\Program Files\Java\jdk-21\bin\extnet.dll
Event: 0.521 Loaded shared library C:\Program Files\Java\jdk-21\bin\management.dll
Event: 0.540 Loaded shared library C:\Program Files\Java\jdk-21\bin\management_ext.dll
Event: 2.758 Loaded shared library C:\Program Files\Java\jdk-21\bin\sunmscapi.dll
Event: 5.303 Loaded shared library C:\Program Files\Java\jdk-21\bin\verify.dll

Deoptimization events (0 events):
No events

Classes loaded (20 events):
Event: 5.268 Loading class javax/xml/stream/XMLStreamException
Event: 5.268 Loading class javax/xml/stream/XMLStreamException done
Event: 5.268 Loading class javax/xml/stream/XMLEventReader
Event: 5.268 Loading class javax/xml/stream/XMLEventReader done
Event: 5.268 Loading class javax/xml/stream/XMLResolver
Event: 5.268 Loading class javax/xml/stream/XMLResolver done
Event: 5.282 Loading class javax/xml/stream/XMLEventFactory
Event: 5.282 Loading class javax/xml/stream/XMLEventFactory done
Event: 5.282 Loading class javax/xml/stream/FactoryFinder
Event: 5.282 Loading class javax/xml/stream/FactoryFinder done
Event: 5.283 Loading class javax/xml/stream/FactoryFinder$1
Event: 5.283 Loading class javax/xml/stream/FactoryFinder$1 done
Event: 5.283 Loading class com/sun/xml/internal/stream/events/XMLEventFactoryImpl
Event: 5.284 Loading class com/sun/xml/internal/stream/events/XMLEventFactoryImpl done
Event: 5.314 Loading class java/lang/Process
Event: 5.315 Loading class java/lang/Process done
Event: 5.329 Loading class java/lang/reflect/GenericSignatureFormatError
Event: 5.329 Loading class java/lang/reflect/GenericSignatureFormatError done
Event: 5.360 Loading class java/io/Console
Event: 5.360 Loading class java/io/Console done

Classes unloaded (0 events):
No events

Classes redefined (0 events):
No events

Internal exceptions (20 events):
Event: 4.293 Thread 0x0000014c7375f5c0 Exception <a 'java/lang/NoSuchMethodError'{0x0000000704d3ba68}: 'java.lang.Object java.lang.invoke.DirectMethodHandle$Holder.invokeStatic(java.lang.Object, java.lang.Object, java.lang.Object, java.lang.Object, int)'> (0x0000000704d3ba68) 
thrown [s\open\src\hotspot\share\interpreter\linkResolver.cpp, line 773]
Event: 4.293 Thread 0x0000014c7375f5c0 Exception <a 'java/lang/NoSuchMethodError'{0x0000000704d42e18}: 'void java.lang.invoke.DelegatingMethodHandle$Holder.reinvoke_L(java.lang.Object, java.lang.Object, int)'> (0x0000000704d42e18) 
thrown [s\open\src\hotspot\share\interpreter\linkResolver.cpp, line 773]
Event: 4.368 Thread 0x0000014c7375f5c0 Exception <a 'java/lang/NoSuchMethodError'{0x0000000704bf4240}: 'java.lang.Object java.lang.invoke.DirectMethodHandle$Holder.invokeVirtual(java.lang.Object, java.lang.Object, java.lang.Object, java.lang.Object, java.lang.Object)'> (0x0000000704bf4240) 
thrown [s\open\src\hotspot\share\interpreter\linkResolver.cpp, line 773]
Event: 4.427 Thread 0x0000014c7375f5c0 Exception <a 'java/lang/NoSuchMethodError'{0x00000007046c8348}: 'java.lang.reflect.Field[] java.lang.Class.getDeclaredFields(java.lang.Class)'> (0x00000007046c8348) 
thrown [s\open\src\hotspot\share\interpreter\linkResolver.cpp, line 773]
Event: 4.453 Thread 0x0000014c7375f5c0 Exception <a 'java/lang/NoSuchMethodError'{0x00000007047f8920}: 'java.lang.Object java.lang.invoke.DirectMethodHandle$Holder.invokeVirtual(java.lang.Object, java.lang.Object, java.lang.Object, java.lang.Object, java.lang.Object, java.lang.Object)'> (0x00000007047f8920) 
thrown [s\open\src\hotspot\share\interpreter\linkResolver.cpp, line 773]
Event: 4.488 Thread 0x0000014c7375f5c0 Exception <a 'java/lang/NoSuchMethodError'{0x000000070453f530}: 'void java.lang.invoke.DirectMethodHandle$Holder.invokeInterface(java.lang.Object, java.lang.Object, int)'> (0x000000070453f530) 
thrown [s\open\src\hotspot\share\interpreter\linkResolver.cpp, line 773]
Event: 4.492 Thread 0x0000014c7375f5c0 Exception <a 'java/lang/IncompatibleClassChangeError'{0x0000000704581620}: Found class java.lang.Object, but interface was expected> (0x0000000704581620) 
thrown [s\open\src\hotspot\share\interpreter\linkResolver.cpp, line 840]
Event: 4.493 Thread 0x0000014c7375f5c0 Exception <a 'java/lang/NoSuchMethodError'{0x000000070459f038}: 'void java.lang.invoke.DirectMethodHandle$Holder.invokeStatic(java.lang.Object, int, java.lang.Object)'> (0x000000070459f038) 
thrown [s\open\src\hotspot\share\interpreter\linkResolver.cpp, line 773]
Event: 4.500 Thread 0x0000014c7375f5c0 Exception <a 'java/lang/NoSuchMethodError'{0x00000007045f0e38}: 'void java.lang.invoke.DirectMethodHandle$Holder.invokeStatic(java.lang.Object, java.lang.Object, java.lang.Object, int, java.lang.Object)'> (0x00000007045f0e38) 
thrown [s\open\src\hotspot\share\interpreter\linkResolver.cpp, line 773]
Event: 4.500 Thread 0x0000014c7375f5c0 Exception <a 'java/lang/NoSuchMethodError'{0x00000007045f75f0}: 'java.lang.Object java.lang.invoke.DirectMethodHandle$Holder.newInvokeSpecial(java.lang.Object, java.lang.Object, java.lang.Object, int)'> (0x00000007045f75f0) 
thrown [s\open\src\hotspot\share\interpreter\linkResolver.cpp, line 773]
Event: 4.500 Thread 0x0000014c7375f5c0 Exception <a 'java/lang/NoSuchMethodError'{0x00000007045fb3e0}: 'java.lang.Object java.lang.invoke.DirectMethodHandle$Holder.invokeSpecial(java.lang.Object, java.lang.Object, java.lang.Object, java.lang.Object, int)'> (0x00000007045fb3e0) 
thrown [s\open\src\hotspot\share\interpreter\linkResolver.cpp, line 773]
Event: 4.501 Thread 0x0000014c7375f5c0 Exception <a 'java/lang/NoSuchMethodError'{0x00000007045fe868}: 'java.lang.Object java.lang.invoke.Invokers$Holder.linkToTargetMethod(java.lang.Object, java.lang.Object, int, java.lang.Object)'> (0x00000007045fe868) 
thrown [s\open\src\hotspot\share\interpreter\linkResolver.cpp, line 773]
Event: 4.699 Thread 0x0000014c7375f5c0 Exception <a 'java/lang/NoSuchMethodError'{0x000000070e50bd08}: 'int java.lang.invoke.DirectMethodHandle$Holder.invokeVirtual(java.lang.Object, java.lang.Object, java.lang.Object, java.lang.Object)'> (0x000000070e50bd08) 
thrown [s\open\src\hotspot\share\interpreter\linkResolver.cpp, line 773]
Event: 4.699 Thread 0x0000014c7375f5c0 Exception <a 'java/lang/NoSuchMethodError'{0x000000070e50f770}: 'int java.lang.invoke.DelegatingMethodHandle$Holder.reinvoke_L(java.lang.Object, java.lang.Object, java.lang.Object, java.lang.Object)'> (0x000000070e50f770) 
thrown [s\open\src\hotspot\share\interpreter\linkResolver.cpp, line 773]
Event: 4.754 Thread 0x0000014c7375f5c0 Exception <a 'java/io/FileNotFoundException'{0x000000070e349668}> (0x000000070e349668) 
thrown [s\open\src\hotspot\share\prims\jni.cpp, line 520]
Event: 4.778 Thread 0x0000014c7375f5c0 Exception <a 'java/lang/NoSuchMethodError'{0x000000070e0b3b58}: 'int java.lang.invoke.DirectMethodHandle$Holder.invokeInterface(java.lang.Object, java.lang.Object, java.lang.Object, java.lang.Object)'> (0x000000070e0b3b58) 
thrown [s\open\src\hotspot\share\interpreter\linkResolver.cpp, line 773]
Event: 4.828 Thread 0x0000014c7375f5c0 Exception <a 'java/lang/NoSuchMethodError'{0x000000070dee1940}: 'long java.lang.invoke.DirectMethodHandle$Holder.invokeVirtual(java.lang.Object, java.lang.Object)'> (0x000000070dee1940) 
thrown [s\open\src\hotspot\share\interpreter\linkResolver.cpp, line 773]
Event: 4.833 Thread 0x0000014c7375f5c0 Exception <a 'java/io/FileNotFoundException'{0x000000070df11c20}> (0x000000070df11c20) 
thrown [s\open\src\hotspot\share\prims\jni.cpp, line 520]
Event: 4.911 Thread 0x0000014c7375f5c0 Exception <a 'java/lang/NoSuchMethodError'{0x00000007048ab8e8}: 'java.lang.Object java.lang.invoke.DirectMethodHandle$Holder.newInvokeSpecial(java.lang.Object, java.lang.Object, java.lang.Object, java.lang.Object, java.lang.Object, java.lang.Object, java.lang.Object, java.lang.Object, java.lang.Object, java.lang.Object, java.lang.Object)'> (0x00000007048ab8e8) 
thrown [s\open\src\hotspot\share\interpreter\linkResolver.cpp, line 773]
Event: 5.009 Thread 0x0000014c7375f5c0 Exception <a 'java/lang/NoSuchMethodError'{0x00000007047dae30}: 'void java.lang.invoke.DelegatingMethodHandle$Holder.reinvoke_L(java.lang.Object, java.lang.Object, java.lang.Object, java.lang.Object, int, java.lang.Object, java.lang.Object, java.lang.Object)'> (0x00000007047dae30) 
thrown [s\open\src\hotspot\share\interpreter\linkResolver.cpp, line 773]

ZGC Phase Switch (0 events):
No events

VM Operations (20 events):
Event: 4.236 Executing VM operation: HandshakeAllThreads (Deoptimize)
Event: 4.236 Executing VM operation: HandshakeAllThreads (Deoptimize) done
Event: 4.663 Executing VM operation: G1CollectForAllocation (G1 Evacuation Pause)
Event: 4.672 Executing VM operation: G1CollectForAllocation (G1 Evacuation Pause) done
Event: 4.733 Executing VM operation: HandshakeAllThreads (Deoptimize)
Event: 4.733 Executing VM operation: HandshakeAllThreads (Deoptimize) done
Event: 4.801 Executing VM operation: HandshakeAllThreads (Deoptimize)
Event: 4.801 Executing VM operation: HandshakeAllThreads (Deoptimize) done
Event: 4.802 Executing VM operation: HandshakeAllThreads (Deoptimize)
Event: 4.802 Executing VM operation: HandshakeAllThreads (Deoptimize) done
Event: 4.837 Executing VM operation: HandshakeAllThreads (Deoptimize)
Event: 4.837 Executing VM operation: HandshakeAllThreads (Deoptimize) done
Event: 4.905 Executing VM operation: HandshakeAllThreads (Deoptimize)
Event: 4.905 Executing VM operation: HandshakeAllThreads (Deoptimize) done
Event: 5.071 Executing VM operation: HandshakeAllThreads (Deoptimize)
Event: 5.071 Executing VM operation: HandshakeAllThreads (Deoptimize) done
Event: 5.270 Executing VM operation: G1CollectForAllocation (G1 Evacuation Pause)
Event: 5.280 Executing VM operation: G1CollectForAllocation (G1 Evacuation Pause) done
Event: 5.395 Executing VM operation: CollectForMetadataAllocation (Metadata GC Threshold)
Event: 5.400 Executing VM operation: CollectForMetadataAllocation (Metadata GC Threshold) done

Events (20 events):
Event: 3.779 Thread 0x0000014c74095980 Thread exited: 0x0000014c74095980
Event: 4.280 Thread 0x0000014c740952f0 Thread added: 0x0000014c740952f0
Event: 4.286 Thread 0x0000014c740952f0 Thread exited: 0x0000014c740952f0
Event: 4.789 Thread 0x0000014c74095980 Thread added: 0x0000014c74095980
Event: 4.795 Thread 0x0000014c74095980 Thread exited: 0x0000014c74095980
Event: 4.842 Thread 0x0000014c74729700 Thread added: 0x0000014c74729700
Event: 4.843 Thread 0x0000014c74729070 Thread added: 0x0000014c74729070
Event: 4.846 Thread 0x0000014c74729d90 Thread added: 0x0000014c74729d90
Event: 4.846 Thread 0x0000014c7472a420 Thread added: 0x0000014c7472a420
Event: 4.846 Thread 0x0000014c7472aab0 Thread added: 0x0000014c7472aab0
Event: 4.846 Thread 0x0000014c7472b140 Thread added: 0x0000014c7472b140
Event: 4.847 Thread 0x0000014c7472b7d0 Thread added: 0x0000014c7472b7d0
Event: 4.847 Thread 0x0000014c74728350 Thread added: 0x0000014c74728350
Event: 4.847 Thread 0x0000014c747289e0 Thread added: 0x0000014c747289e0
Event: 4.847 Thread 0x0000014c7473c380 Thread added: 0x0000014c7473c380
Event: 4.847 Thread 0x0000014c74741f60 Thread added: 0x0000014c74741f60
Event: 4.847 Thread 0x0000014c7473e450 Thread added: 0x0000014c7473e450
Event: 4.853 Thread 0x0000014c7473ddc0 Thread added: 0x0000014c7473ddc0
Event: 5.296 Thread 0x0000014c7473eae0 Thread added: 0x0000014c7473eae0
Event: 5.302 Thread 0x0000014c7473eae0 Thread exited: 0x0000014c7473eae0


Dynamic libraries:
0x00007ff732a60000 - 0x00007ff732a70000 	C:\Program Files\Java\jdk-21\bin\java.exe
0x00007ffaa7150000 - 0x00007ffaa7348000 	C:\WINDOWS\SYSTEM32\ntdll.dll
0x00007ffaa6990000 - 0x00007ffaa6a4d000 	C:\WINDOWS\System32\KERNEL32.DLL
0x00007ffaa4d30000 - 0x00007ffaa5026000 	C:\WINDOWS\System32\KERNELBASE.dll
0x00007ffaa4c30000 - 0x00007ffaa4d30000 	C:\WINDOWS\System32\ucrtbase.dll
0x00007ffa8fc30000 - 0x00007ffa8fc4b000 	C:\Program Files\Java\jdk-21\bin\VCRUNTIME140.dll
0x00007ffa9e180000 - 0x00007ffa9e199000 	C:\Program Files\Java\jdk-21\bin\jli.dll
0x00007ffaa6d00000 - 0x00007ffaa6daf000 	C:\WINDOWS\System32\ADVAPI32.dll
0x00007ffaa55c0000 - 0x00007ffaa565e000 	C:\WINDOWS\System32\msvcrt.dll
0x00007ffaa5290000 - 0x00007ffaa532c000 	C:\WINDOWS\System32\sechost.dll
0x00007ffaa6a50000 - 0x00007ffaa6b76000 	C:\WINDOWS\System32\RPCRT4.dll
0x00007ffaa5a70000 - 0x00007ffaa5c0e000 	C:\WINDOWS\System32\USER32.dll
0x00007ffaa48d0000 - 0x00007ffaa48f2000 	C:\WINDOWS\System32\win32u.dll
0x00007ffa953a0000 - 0x00007ffa9563a000 	C:\WINDOWS\WinSxS\amd64_microsoft.windows.common-controls_6595b64144ccf1df_6.0.19041.3636_none_60b6a03d71f818d5\COMCTL32.dll
0x00007ffaa59d0000 - 0x00007ffaa59fc000 	C:\WINDOWS\System32\GDI32.dll
0x00007ffaa4900000 - 0x00007ffaa4a1a000 	C:\WINDOWS\System32\gdi32full.dll
0x00007ffaa4830000 - 0x00007ffaa48cd000 	C:\WINDOWS\System32\msvcp_win.dll
0x00007ffa95790000 - 0x00007ffa9579a000 	C:\WINDOWS\SYSTEM32\VERSION.dll
0x00007ffaa5870000 - 0x00007ffaa58a0000 	C:\WINDOWS\System32\IMM32.DLL
0x00007ffaa12f0000 - 0x00007ffaa12fc000 	C:\Program Files\Java\jdk-21\bin\vcruntime140_1.dll
0x00007ffa48890000 - 0x00007ffa4891e000 	C:\Program Files\Java\jdk-21\bin\msvcp140.dll
0x00007ffa3f4b0000 - 0x00007ffa401c7000 	C:\Program Files\Java\jdk-21\bin\server\jvm.dll
0x00007ffaa5a00000 - 0x00007ffaa5a6b000 	C:\WINDOWS\System32\WS2_32.dll
0x00007ffaa3d50000 - 0x00007ffaa3d9b000 	C:\WINDOWS\SYSTEM32\POWRPROF.dll
0x00007ffa8cc10000 - 0x00007ffa8cc37000 	C:\WINDOWS\SYSTEM32\WINMM.dll
0x00007ffaa3c10000 - 0x00007ffaa3c22000 	C:\WINDOWS\SYSTEM32\UMPDC.dll
0x00007ffaa26b0000 - 0x00007ffaa26c2000 	C:\WINDOWS\SYSTEM32\kernel.appcore.dll
0x00007ffa95880000 - 0x00007ffa9588a000 	C:\Program Files\Java\jdk-21\bin\jimage.dll
0x00007ffa8ed30000 - 0x00007ffa8ef14000 	C:\WINDOWS\SYSTEM32\DBGHELP.DLL
0x00007ffa8ecf0000 - 0x00007ffa8ed24000 	C:\WINDOWS\SYSTEM32\dbgcore.DLL
0x00007ffaa50f0000 - 0x00007ffaa5172000 	C:\WINDOWS\System32\bcryptPrimitives.dll
0x00007ffa9f650000 - 0x00007ffa9f65f000 	C:\Program Files\Java\jdk-21\bin\instrument.dll
0x00007ffa8fc10000 - 0x00007ffa8fc2f000 	C:\Program Files\Java\jdk-21\bin\java.dll
0x00007ffaa60f0000 - 0x00007ffaa6835000 	C:\WINDOWS\System32\SHELL32.dll
0x00007ffaa28b0000 - 0x00007ffaa304b000 	C:\WINDOWS\SYSTEM32\windows.storage.dll
0x00007ffaa6db0000 - 0x00007ffaa7104000 	C:\WINDOWS\System32\combase.dll
0x00007ffaa4190000 - 0x00007ffaa41bd000 	C:\WINDOWS\SYSTEM32\Wldp.dll
0x00007ffaa6c50000 - 0x00007ffaa6cfd000 	C:\WINDOWS\System32\SHCORE.dll
0x00007ffaa68d0000 - 0x00007ffaa6925000 	C:\WINDOWS\System32\shlwapi.dll
0x00007ffaa4760000 - 0x00007ffaa4785000 	C:\WINDOWS\SYSTEM32\profapi.dll
0x00007ffa8fbf0000 - 0x00007ffa8fc08000 	C:\Program Files\Java\jdk-21\bin\zip.dll
0x00007ffa855a0000 - 0x00007ffa855b0000 	C:\Program Files\Java\jdk-21\bin\net.dll
0x00007ffa9ab70000 - 0x00007ffa9ac7a000 	C:\WINDOWS\SYSTEM32\WINHTTP.dll
0x00007ffaa3f70000 - 0x00007ffaa3fda000 	C:\WINDOWS\system32\mswsock.dll
0x00007ffa4c9f0000 - 0x00007ffa4ca06000 	C:\Program Files\Java\jdk-21\bin\nio.dll
0x00007ffa9f630000 - 0x00007ffa9f64a000 	C:\Program Files\JetBrains\IntelliJ IDEA 2024.1.2\bin\breakgen64.dll
0x00007ffa4c890000 - 0x00007ffa4c899000 	C:\Program Files\Java\jdk-21\bin\extnet.dll
0x00007ffaa3c70000 - 0x00007ffaa3d3a000 	C:\WINDOWS\SYSTEM32\DNSAPI.dll
0x00007ffaa3c30000 - 0x00007ffaa3c6b000 	C:\WINDOWS\SYSTEM32\IPHLPAPI.DLL
0x00007ffaa54e0000 - 0x00007ffaa54e8000 	C:\WINDOWS\System32\NSI.dll
0x00007ffa95070000 - 0x00007ffa9507a000 	C:\Windows\System32\rasadhlp.dll
0x00007ffa96a00000 - 0x00007ffa96a80000 	C:\WINDOWS\System32\fwpuclnt.dll
0x00007ffaa5180000 - 0x00007ffaa51a7000 	C:\WINDOWS\System32\bcrypt.dll
0x00007ffa9f5d0000 - 0x00007ffa9f5da000 	C:\Program Files\Java\jdk-21\bin\management.dll
0x00007ffa9f5c0000 - 0x00007ffa9f5cb000 	C:\Program Files\Java\jdk-21\bin\management_ext.dll
0x00007ffaa5800000 - 0x00007ffaa5808000 	C:\WINDOWS\System32\PSAPI.DLL
0x00007ffaa4330000 - 0x00007ffaa4348000 	C:\WINDOWS\SYSTEM32\CRYPTSP.dll
0x00007ffaa3850000 - 0x00007ffaa3884000 	C:\WINDOWS\system32\rsaenh.dll
0x00007ffaa46e0000 - 0x00007ffaa470e000 	C:\WINDOWS\SYSTEM32\USERENV.dll
0x00007ffaa4100000 - 0x00007ffaa410c000 	C:\WINDOWS\SYSTEM32\CRYPTBASE.dll
0x00007ffa8b190000 - 0x00007ffa8b1a7000 	C:\WINDOWS\system32\napinsp.dll
0x00007ffa87330000 - 0x00007ffa8734b000 	C:\WINDOWS\system32\pnrpnsp.dll
0x00007ffaa10d0000 - 0x00007ffaa10ed000 	C:\WINDOWS\system32\NLAapi.dll
0x00007ffa8a1b0000 - 0x00007ffa8a1c5000 	C:\WINDOWS\system32\wshbth.dll
0x00007ffa87310000 - 0x00007ffa87322000 	C:\WINDOWS\System32\winrnr.dll
0x00007ffa94870000 - 0x00007ffa9487e000 	C:\Program Files\Java\jdk-21\bin\sunmscapi.dll
0x00007ffaa4a20000 - 0x00007ffaa4b7d000 	C:\WINDOWS\System32\CRYPT32.dll
0x00007ffaa4200000 - 0x00007ffaa4227000 	C:\WINDOWS\SYSTEM32\ncrypt.dll
0x00007ffaa41c0000 - 0x00007ffaa41fb000 	C:\WINDOWS\SYSTEM32\NTASN1.dll
0x00007ffaa1310000 - 0x00007ffaa1320000 	C:\Program Files\Java\jdk-21\bin\verify.dll

dbghelp: loaded successfully - version: 4.0.5 - missing functions: none
symbol engine: initialized successfully - sym options: 0x614 - pdb path: .;C:\Program Files\Java\jdk-21\bin;C:\WINDOWS\SYSTEM32;C:\WINDOWS\WinSxS\amd64_microsoft.windows.common-controls_6595b64144ccf1df_6.0.19041.3636_none_60b6a03d71f818d5;C:\Program Files\Java\jdk-21\bin\server;C:\Program Files\JetBrains\IntelliJ IDEA 2024.1.2\bin

VM Arguments:
jvm_args: -XX:TieredStopAtLevel=1 -Dspring.output.ansi.enabled=always -Dcom.sun.management.jmxremote -Dspring.jmx.enabled=true -Dspring.liveBeansView.mbeanDomain -Dspring.application.admin.enabled=true -Dmanagement.endpoints.jmx.exposure.include=* -javaagent:C:\Program Files\JetBrains\IntelliJ IDEA 2024.1.2\lib\idea_rt.jar=51605:C:\Program Files\JetBrains\IntelliJ IDEA 2024.1.2\bin -Dfile.encoding=UTF-8 -Dsun.stdout.encoding=UTF-8 -Dsun.stderr.encoding=UTF-8 
java_command: com.miu.waaLab.WaaLabApplication
java_class_path (initial): C:\Users\User\Documents\WAA\WAA_MIU\waaLab\target\classes;C:\Users\User\.m2\repository\org\springframework\boot\spring-boot-starter-data-jpa\3.3.0\spring-boot-starter-data-jpa-3.3.0.jar;C:\Users\User\.m2\repository\org\springframework\boot\spring-boot-starter-aop\3.3.0\spring-boot-starter-aop-3.3.0.jar;C:\Users\User\.m2\repository\org\springframework\spring-aop\6.1.8\spring-aop-6.1.8.jar;C:\Users\User\.m2\repository\org\aspectj\aspectjweaver\1.9.22\aspectjweaver-1.9.22.jar;C:\Users\User\.m2\repository\org\springframework\boot\spring-boot-starter-jdbc\3.3.0\spring-boot-starter-jdbc-3.3.0.jar;C:\Users\User\.m2\repository\com\zaxxer\HikariCP\5.1.0\HikariCP-5.1.0.jar;C:\Users\User\.m2\repository\org\springframework\spring-jdbc\6.1.8\spring-jdbc-6.1.8.jar;C:\Users\User\.m2\repository\org\hibernate\orm\hibernate-core\6.5.2.Final\hibernate-core-6.5.2.Final.jar;C:\Users\User\.m2\repository\jakarta\persistence\jakarta.persistence-api\3.1.0\jakarta.persistence-api-3.1.0.jar;C:\Users\User\.m2\repository\jakarta\transaction\jakarta.transaction-api\2.0.1\jakarta.transaction-api-2.0.1.jar;C:\Users\User\.m2\repository\org\jboss\logging\jboss-logging\3.5.3.Final\jboss-logging-3.5.3.Final.jar;C:\Users\User\.m2\repository\org\hibernate\common\hibernate-commons-annotations\6.0.6.Final\hibernate-commons-annotations-6.0.6.Final.jar;C:\Users\User\.m2\repository\io\smallrye\jandex\3.1.2\jandex-3.1.2.jar;C:\Users\User\.m2\repository\com\fasterxml\classmate\1.7.0\classmate-1.7.0.jar;C:\Users\User\.m2\repository\net\bytebuddy\byte-buddy\1.14.16\byte-buddy-1.14.16.jar;C:\Users\User\.m2\repository\org\glassfish\jaxb\jaxb-runtime\4.0.5\jaxb-runtime-4.0.5.jar;C:\Users\User\.m2\repository\org\glassfish\jaxb\jaxb-core\4.0.5\jaxb-core-4.0.5.jar;C:\Users\User\.m2\repository\org\eclipse\angus\angus-activation\2.0.2\angus-activation-2.0.2.jar;C:\Users\User\.m2\repository\org\glassfish\jaxb\txw2\4.0.5\txw2-4.0.5.jar;C:\Users\User\.m2\repository\com\sun\istack\istack-commons-runtime\4.1.2\istack-commons-runtime-4.1.2.jar;C:\Users\User\.m2\repository\jakarta\inject\jakarta.inject-api\2.0.1\jakarta.inject-api-2.0.1.jar;C:\Users\User\.m2\repository\org\antlr\antlr4-runtime\4.13.0\antlr4-runtime-4.13.0.jar;C:\Users\User\.m2\repository\org\springframework\data\spring-data-jpa\3.3.0\spring-data-jpa-3.3.0.jar;C:\Users\User\.m2\repository\org\springframework\data\spring-data-commons\3.3.0\spring-data-commons-3.3.0.jar;C:\Users\User\.m2\repository\org\springframework\spring-orm\6.1.8\spring-orm-6.1.8.jar;C:\Users\User\.m2\repository\org\springframework\spring-context\6.1.8\spring-context-6.1.8.jar;C:\Users\User\.m2\repository\org\springframework\spring-tx\6.1.8\spring-tx-6.1.8.jar;C:\Users\User\.m2\repository\org\springframework\spring-beans\6.1.8\spring-beans-6.1.8.jar;C:\Users\User\.m2\repository\jakarta\annotation\jakarta.annotation-api\2.1.1\jakarta.annotation-api-2.1.1.jar;C:\Users\User\.m2\repository\org\slf4j\slf4j-api\2.0.13\slf4j-api-2.0.13.jar;C:\Users\User\.m2\repository\org\springframework\spring-aspects\6.1.8\spring-aspects-6.1.8.jar;C:\Users\User\.m2\repository\org\springframework\boot\spring-boot-starter-data-rest\3.3.0\spring-boot-starter-data-rest-3.3.0.jar;C:\Users\User\.m2\repository\org\springframework\data\spring-data-rest-webmvc\4.3.0\spring-data-rest-webmvc-4.3.0.jar;C:\Users\User\.m2\repository\org\springframework\data\spring-data-rest-core\4.3.0\spring-data-rest-core-4.3.0.jar;C:\Users\User\.m2\repository\org\atteo\evo-inflector\1.3\evo-inflector-1.3.jar;C:\Users\User\.m2\repository\com\fasterxml\jackson\core\jackson-databind\2.17.1\jackson-databind-2.17.1.jar;C:\Users\User\.m2\repository\com\fasterxml\jackson\core\jackson-core\2.17.1\jackson-core-2.17.1.jar;C:\Users\User\.m2\repository\com\fasterxml\jackson\core\jackson-annotations\2.17.1\jackson-annotations-2.17.1.jar;C:\Users\User\.m2\repository\org\springframework\boot\spring-boot-starter-hateoas\3.3.0\spring-boot-starter-hateoas-3.3.0.jar;C:\Users\User\.m2\repository\org\springframework\hateoas\spring-hateoas\2.3.0\spring-hateoas-2.3.0.jar;C:\Users\User\.m2\repository\org\springframework\plugin\spring-plugin-core\3.0.0\spring-plugin-core-3.0.0.jar;C:\Users\User\.m2\repository\org\springframework\boot\spring-boot-starter-web\3.3.0\spring-boot-starter-web-3.3.0.jar;C:\Users\User\.m2\repository\org\springframework\boot\spring-boot-starter\3.3.0\spring-boot-starter-3.3.0.jar;C:\Users\User\.m2\repository\org\springframework\boot\spring-boot-starter-logging\3.3.0\spring-boot-starter-logging-3.3.0.jar;C:\Users\User\.m2\repository\ch\qos\logback\logback-classic\1.5.6\logback-classic-1.5.6.jar;C:\Users\User\.m2\repository\ch\qos\logback\logback-core\1.5.6\logback-core-1.5.6.jar;C:\Users\User\.m2\repository\org\apache\logging\log4j\log4j-to-slf4j\2.23.1\log4j-to-slf4j-2.23.1.jar;C:\Users\User\.m2\repository\org\apache\logging\log4j\log4j-api\2.23.1\log4j-api-2.23.1.jar;C:\Users\User\.m2\repository\org\slf4j\jul-to-slf4j\2.0.13\jul-to-slf4j-2.0.13.jar;C:\Users\User\.m2\repository\org\yaml\snakeyaml\2.2\snakeyaml-2.2.jar;C:\Users\User\.m2\repository\org\springframework\boot\spring-boot-starter-json\3.3.0\spring-boot-starter-json-3.3.0.jar;C:\Users\User\.m2\repository\com\fasterxml\jackson\datatype\jackson-datatype-jdk8\2.17.1\jackson-datatype-jdk8-2.17.1.jar;C:\Users\User\.m2\repository\com\fasterxml\jackson\datatype\jackson-datatype-jsr310\2.17.1\jackson-datatype-jsr310-2.17.1.jar;C:\Users\User\.m2\repository\com\fasterxml\jackson\module\jackson-module-parameter-names\2.17.1\jackson-module-parameter-names-2.17.1.jar;C:\Users\User\.m2\repository\org\springframework\boot\spring-boot-starter-tomcat\3.3.0\spring-boot-starter-tomcat-3.3.0.jar;C:\Users\User\.m2\repository\org\apache\tomcat\embed\tomcat-embed-core\10.1.24\tomcat-embed-core-10.1.24.jar;C:\Users\User\.m2\repository\org\apache\tomcat\embed\tomcat-embed-el\10.1.24\tomcat-embed-el-10.1.24.jar;C:\Users\User\.m2\repository\org\apache\tomcat\embed\tomcat-embed-websocket\10.1.24\tomcat-embed-websocket-10.1.24.jar;C:\Users\User\.m2\repository\org\springframework\spring-web\6.1.8\spring-web-6.1.8.jar;C:\Users\User\.m2\repository\io\micrometer\micrometer-observation\1.13.0\micrometer-observation-1.13.0.jar;C:\Users\User\.m2\repository\io\micrometer\micrometer-commons\1.13.0\micrometer-commons-1.13.0.jar;C:\Users\User\.m2\repository\org\springframework\spring-webmvc\6.1.8\spring-webmvc-6.1.8.jar;C:\Users\User\.m2\repository\org\springframework\spring-expression\6.1.8\spring-expression-6.1.8.jar;C:\Users\User\.m2\repository\org\springframework\boot\spring-boot-devtools\3.3.0\spring-boot-devtools-3.3.0.jar;C:\Users\User\.m2\repository\org\springframework\boot\spring-boot\3.3.0\spring-boot-3.3.0.jar;C:\Users\User\.m2\repository\org\springframework\boot\spring-boot-autoconfigure\3.3.0\spring-boot-autoconfigure-3.3.0.jar;C:\Users\User\.m2\repository\org\postgresql\postgresql\42.7.3\postgresql-42.7.3.jar;C:\Users\User\.m2\repository\org\checkerframework\checker-qual\3.42.0\checker-qual-3.42.0.jar;C:\Users\User\.m2\repository\org\projectlombok\lombok\1.18.32\lombok-1.18.32.jar;C:\Users\User\.m2\repository\com\jayway\jsonpath\json-path\2.9.0\json-path-2.9.0.jar;C:\Users\User\.m2\repository\jakarta\xml\bind\jakarta.xml.bind-api\4.0.2\jakarta.xml.bind-api-4.0.2.jar;C:\Users\User\.m2\repository\jakarta\activation\jakarta.activation-api\2.1.3\jakarta.activation-api-2.1.3.jar;C:\Users\User\.m2\repository\net\minidev\json-smart\2.5.1\json-smart-2.5.1.jar;C:\Users\User\.m2\repository\net\minidev\accessors-smart\2.5.1\accessors-smart-2.5.1.jar;C:\Users\User\.m2\repository\org\ow2\asm\asm\9.6\asm-9.6.jar;C:\Users\User\.m2\repository\org\springframework\spring-core\6.1.8\spring-core-6.1.8.jar;C:\Users\User\.m2\repository\org\springframework\spring-jcl\6.1.8\spring-jcl-6.1.8.jar;C:\Users\User\.m2\repository\org\modelmapper\modelmapper\3.1.1\modelmapper-3.1.1.jar
Launcher Type: SUN_STANDARD

[Global flags]
     intx CICompilerCount                          = 3                                         {product} {ergonomic}
     uint ConcGCThreads                            = 1                                         {product} {ergonomic}
     uint G1ConcRefinementThreads                  = 4                                         {product} {ergonomic}
   size_t G1HeapRegionSize                         = 2097152                                   {product} {ergonomic}
    uintx GCDrainStackTargetSize                   = 64                                        {product} {ergonomic}
   size_t InitialHeapSize                          = 268435456                                 {product} {ergonomic}
     bool ManagementServer                         = true                                      {product} {command line}
   size_t MarkStackSize                            = 4194304                                   {product} {ergonomic}
   size_t MaxHeapSize                              = 4265607168                                {product} {ergonomic}
   size_t MaxNewSize                               = 2558525440                                {product} {ergonomic}
   size_t MinHeapDeltaBytes                        = 2097152                                   {product} {ergonomic}
   size_t MinHeapSize                              = 8388608                                   {product} {ergonomic}
    uintx NonNMethodCodeHeapSize                   = 4096                                   {pd product} {ergonomic}
    uintx NonProfiledCodeHeapSize                  = 0                                      {pd product} {ergonomic}
     bool ProfileInterpreter                       = false                                  {pd product} {command line}
    uintx ProfiledCodeHeapSize                     = 0                                      {pd product} {ergonomic}
   size_t SoftMaxHeapSize                          = 4265607168                             {manageable} {ergonomic}
     intx TieredStopAtLevel                        = 1                                         {product} {command line}
     bool UseCompressedOops                        = true                           {product lp64_product} {ergonomic}
     bool UseG1GC                                  = true                                      {product} {ergonomic}
     bool UseLargePagesIndividualAllocation        = false                                  {pd product} {ergonomic}

Logging:
Log output configuration:
 #0: stdout all=warning uptime,level,tags foldmultilines=false
 #1: stderr all=off uptime,level,tags foldmultilines=false

Environment Variables:
JAVA_HOME=C:\Program Files\Java\jdk-21
PATH=C:\Program Files\Common Files\Oracle\Java\javapath;C:\WINDOWS\system32;C:\WINDOWS;C:\WINDOWS\System32\Wbem;C:\WINDOWS\System32\WindowsPowerShell\v1.0\;C:\WINDOWS\System32\OpenSSH\;C:\Program Files\apache-maven-3.9.7\bin;C:\Program Files\Docker\Docker\resources\bin;C:\Program Files\Java\jdk-21\bin;C:\Program Files\Git\cmd;C:\Users\User\AppData\Local\Microsoft\WindowsApps;;C:\Program Files\JetBrains\IntelliJ IDEA 2024.1.2\bin;
USERNAME=User
OS=Windows_NT
PROCESSOR_IDENTIFIER=Intel64 Family 6 Model 69 Stepping 1, GenuineIntel
TMP=C:\Users\User\AppData\Local\Temp
TEMP=C:\Users\User\AppData\Local\Temp




Periodic native trim disabled

---------------  S Y S T E M  ---------------

OS:
 Windows 10 , 64 bit Build 19041 (10.0.19041.3636)
OS uptime: 0 days 3:06 hours
Hyper-V role detected

CPU: total 4 (initial active 4) (2 cores per cpu, 2 threads per core) family 6 model 69 stepping 1 microcode 0x25, cx8, cmov, fxsr, ht, mmx, sse, sse2, sse3, ssse3, sse4.1, sse4.2, popcnt, lzcnt, tsc, tscinvbit, avx, avx2, aes, erms, clmul, bmi1, bmi2, fma, vzeroupper, clflush, hv, rdtscp, f16c
Processor Information for all 4 processors :
  Max Mhz: 2301, Current Mhz: 2301, Mhz Limit: 2301

Memory: 4k page, system-wide physical 16268M (6590M free)
TotalPageFile size 18700M (AvailPageFile size 7017M)
current process WorkingSet (physical memory assigned to process): 163M, peak: 163M
current process commit charge ("private bytes"): 299M, peak: 371M

vm_info: Java HotSpot(TM) 64-Bit Server VM (21.0.2+13-LTS-58) for windows-amd64 JRE (21.0.2+13-LTS-58), built on 2024-01-05T18:32:24Z by "mach5one" with MS VC++ 17.1 (VS2022)

END.
