#
# There is insufficient memory for the Java Runtime Environment to continue.
# Native memory allocation (malloc) failed to allocate 32744 bytes for ChunkPool::allocate
# Possible reasons:
#   The system is out of physical RAM or swap space
#   The process is running with CompressedOops enabled, and the Java Heap may be blocking the growth of the native heap
# Possible solutions:
#   Reduce memory load on the system
#   Increase physical memory or swap space
#   Check if swap backing store is full
#   Decrease Java heap size (-Xmx/-Xms)
#   Decrease number of Java threads
#   Decrease Java thread stack sizes (-Xss)
#   Set larger code cache with -XX:ReservedCodeCacheSize=
#   JVM is running with Unscaled Compressed Oops mode in which the Java heap is
#     placed in the first 4GB address space. The Java Heap base address is the
#     maximum limit for the native heap growth. Please use -XX:HeapBaseMinAddress
#     to set the Java Heap base and to place the Java Heap above 4GB virtual address.
# This output file may be truncated or incomplete.
#
#  Out of Memory Error (arena.cpp:79), pid=3160, tid=14788
#
# JRE version: OpenJDK Runtime Environment Temurin-17.0.10+7 (17.0.10+7) (build 17.0.10+7)
# Java VM: OpenJDK 64-Bit Server VM Temurin-17.0.10+7 (17.0.10+7, mixed mode, tiered, compressed oops, compressed class ptrs, parallel gc, windows-amd64)
# No core dump will be written. Minidumps are not enabled by default on client versions of Windows
#

---------------  S U M M A R Y ------------

Command Line: --add-modules=ALL-SYSTEM --add-opens=java.base/java.util=ALL-UNNAMED --add-opens=java.base/java.lang=ALL-UNNAMED --add-opens=java.base/sun.nio.fs=ALL-UNNAMED -Declipse.application=org.eclipse.jdt.ls.core.id1 -Dosgi.bundles.defaultStartLevel=4 -Declipse.product=org.eclipse.jdt.ls.core.product -Djava.import.generatesMetadataFilesAtProjectRoot=false -DDetectVMInstallationsJob.disabled=true -Dfile.encoding=utf8 -XX:+UseParallelGC -XX:GCTimeRatio=4 -XX:AdaptiveSizePolicyWeight=90 -Dsun.zip.disableMemoryMapping=true -Xmx1G -Xms100m -Xlog:disable -javaagent:c:\Users\yohan\.vscode\extensions\redhat.java-1.30.0-win32-x64\lombok\lombok-1.18.32.jar -XX:+HeapDumpOnOutOfMemoryError -XX:HeapDumpPath=c:\Users\yohan\AppData\Roaming\Code\User\workspaceStorage\78f44bfbca265ac3052cd2338030fd36\redhat.java -Daether.dependencyCollector.impl=bf c:\Users\yohan\.vscode\extensions\redhat.java-1.30.0-win32-x64\server\plugins\org.eclipse.equinox.launcher_1.6.800.v20240330-1250.jar -configuration c:\Users\yohan\AppData\Roaming\Code\User\globalStorage\redhat.java\1.30.0\config_win -data c:\Users\yohan\AppData\Roaming\Code\User\workspaceStorage\78f44bfbca265ac3052cd2338030fd36\redhat.java\jdt_ws --pipe=\\.\pipe\lsp-10e5ea5795f1e6cd6596fc5599f7c317-sock

Host: AMD Athlon Silver 3050U with Radeon Graphics   , 2 cores, 3G,  Windows 11 , 64 bit Build 22621 (10.0.22621.3527)
Time: Wed May 29 20:05:29 2024 Central Daylight Time elapsed time: 114.818202 seconds (0d 0h 1m 54s)

---------------  T H R E A D  ---------------

Current thread (0x0000015a06d8dc50):  JavaThread "C2 CompilerThread0" daemon [_thread_in_native, id=14788, stack(0x0000000e30a00000,0x0000000e30b00000)]


Current CompileTask:
C2: 114818 13008       4       org.eclipse.jdt.internal.compiler.lookup.LookupEnvironment::getTypeFromTypeSignature (770 bytes)

Stack: [0x0000000e30a00000,0x0000000e30b00000]
Native frames: (J=compiled Java code, j=interpreted, Vv=VM code, C=native code)
V  [jvm.dll+0x67d2c9]
V  [jvm.dll+0x834afa]
V  [jvm.dll+0x8365be]
V  [jvm.dll+0x836c23]
V  [jvm.dll+0x2477ff]
V  [jvm.dll+0xac711]
V  [jvm.dll+0xacb5c]
V  [jvm.dll+0x36bb22]
V  [jvm.dll+0x566489]
V  [jvm.dll+0x330c29]
V  [jvm.dll+0x33009a]
V  [jvm.dll+0x219ef1]
V  [jvm.dll+0x219311]
V  [jvm.dll+0x1a502d]
V  [jvm.dll+0x2290de]
V  [jvm.dll+0x2272ac]
V  [jvm.dll+0x7e9bb7]
V  [jvm.dll+0x7e3fba]
V  [jvm.dll+0x67c1b5]
C  [ucrtbase.dll+0x29333]
C  [KERNEL32.DLL+0x1257d]
C  [ntdll.dll+0x5aa48]


---------------  P R O C E S S  ---------------

Threads class SMR info:
_java_thread_list=0x0000015a22865e80, length=40, elements={
0x0000015a06ce07d0, 0x0000015a1aae5020, 0x0000015a1aae82a0, 0x0000015a06d88fd0,
0x0000015a06d899a0, 0x0000015a06d8a470, 0x0000015a06d8af40, 0x0000015a06d8dc50,
0x0000015a1ab6c640, 0x0000015a1f659750, 0x0000015a1aa4c6c0, 0x0000015a1f8a92d0,
0x0000015a1fe8ad70, 0x0000015a2000eee0, 0x0000015a200326b0, 0x0000015a1fceeb10,
0x0000015a20887010, 0x0000015a1ffb28b0, 0x0000015a1ffb1e90, 0x0000015a1ffb1980,
0x0000015a1ffb23a0, 0x0000015a1ffb0f60, 0x0000015a1ffaf610, 0x0000015a1ffb0540,
0x0000015a1ffb0a50, 0x0000015a1ffafb20, 0x0000015a222ee400, 0x0000015a222eac50,
0x0000015a222ebb80, 0x0000015a222ed4d0, 0x0000015a222ee910, 0x0000015a222e88e0,
0x0000015a222eee20, 0x0000015a222e9d20, 0x0000015a222e8df0, 0x0000015a222e83d0,
0x0000015a222ec5a0, 0x0000015a222ec090, 0x0000015a222e9300, 0x0000015a222ecfc0
}

Java Threads: ( => current thread )
  0x0000015a06ce07d0 JavaThread "main" [_thread_blocked, id=2364, stack(0x0000000e30100000,0x0000000e30200000)]
  0x0000015a1aae5020 JavaThread "Reference Handler" daemon [_thread_blocked, id=1808, stack(0x0000000e30400000,0x0000000e30500000)]
  0x0000015a1aae82a0 JavaThread "Finalizer" daemon [_thread_blocked, id=4968, stack(0x0000000e30500000,0x0000000e30600000)]
  0x0000015a06d88fd0 JavaThread "Signal Dispatcher" daemon [_thread_blocked, id=7724, stack(0x0000000e30600000,0x0000000e30700000)]
  0x0000015a06d899a0 JavaThread "Attach Listener" daemon [_thread_blocked, id=12284, stack(0x0000000e30700000,0x0000000e30800000)]
  0x0000015a06d8a470 JavaThread "Service Thread" daemon [_thread_blocked, id=14180, stack(0x0000000e30800000,0x0000000e30900000)]
  0x0000015a06d8af40 JavaThread "Monitor Deflation Thread" daemon [_thread_blocked, id=5612, stack(0x0000000e30900000,0x0000000e30a00000)]
=>0x0000015a06d8dc50 JavaThread "C2 CompilerThread0" daemon [_thread_in_native, id=14788, stack(0x0000000e30a00000,0x0000000e30b00000)]
  0x0000015a1ab6c640 JavaThread "C1 CompilerThread0" daemon [_thread_blocked, id=4184, stack(0x0000000e30b00000,0x0000000e30c00000)]
  0x0000015a1f659750 JavaThread "Sweeper thread" daemon [_thread_blocked, id=4280, stack(0x0000000e30c00000,0x0000000e30d00000)]
  0x0000015a1aa4c6c0 JavaThread "Common-Cleaner" daemon [_thread_blocked, id=13396, stack(0x0000000e30d00000,0x0000000e30e00000)]
  0x0000015a1f8a92d0 JavaThread "Notification Thread" daemon [_thread_blocked, id=15692, stack(0x0000000e30e00000,0x0000000e30f00000)]
  0x0000015a1fe8ad70 JavaThread "Active Thread: Equinox Container: d3ea6430-e41e-4069-b541-325476a2275c" [_thread_blocked, id=6132, stack(0x0000000e31100000,0x0000000e31200000)]
  0x0000015a2000eee0 JavaThread "Framework Event Dispatcher: Equinox Container: d3ea6430-e41e-4069-b541-325476a2275c" daemon [_thread_blocked, id=2496, stack(0x0000000e31200000,0x0000000e31300000)]
  0x0000015a200326b0 JavaThread "Start Level: Equinox Container: d3ea6430-e41e-4069-b541-325476a2275c" daemon [_thread_blocked, id=12008, stack(0x0000000e31300000,0x0000000e31400000)]
  0x0000015a1fceeb10 JavaThread "Bundle File Closer" daemon [_thread_blocked, id=9784, stack(0x0000000e31400000,0x0000000e31500000)]
  0x0000015a20887010 JavaThread "SCR Component Actor" daemon [_thread_blocked, id=13984, stack(0x0000000e31500000,0x0000000e31600000)]
  0x0000015a1ffb28b0 JavaThread "Worker-JM" [_thread_blocked, id=14904, stack(0x0000000e31700000,0x0000000e31800000)]
  0x0000015a1ffb1e90 JavaThread "Worker-0" [_thread_blocked, id=15892, stack(0x0000000e31800000,0x0000000e31900000)]
  0x0000015a1ffb1980 JavaThread "Worker-1: Update Maven project configuration" [_thread_blocked, id=16272, stack(0x0000000e31900000,0x0000000e31a00000)]
  0x0000015a1ffb23a0 JavaThread "Worker-2: Update project waaLab" [_thread_blocked, id=15948, stack(0x0000000e31a00000,0x0000000e31b00000)]
  0x0000015a1ffb0f60 JavaThread "Java indexing" daemon [_thread_blocked, id=15368, stack(0x0000000e31b00000,0x0000000e31c00000)]
  0x0000015a1ffaf610 JavaThread "JNA Cleaner" daemon [_thread_blocked, id=12024, stack(0x0000000e31600000,0x0000000e31700000)]
  0x0000015a1ffb0540 JavaThread "Thread-2" daemon [_thread_in_native, id=11572, stack(0x0000000e31c00000,0x0000000e31d00000)]
  0x0000015a1ffb0a50 JavaThread "Thread-3" daemon [_thread_in_native, id=16288, stack(0x0000000e31d00000,0x0000000e31e00000)]
  0x0000015a1ffafb20 JavaThread "Thread-4" daemon [_thread_in_native, id=13280, stack(0x0000000e31e00000,0x0000000e31f00000)]
  0x0000015a222ee400 JavaThread "pool-2-thread-1" [_thread_blocked, id=14880, stack(0x0000000e31f00000,0x0000000e32000000)]
  0x0000015a222eac50 JavaThread "WorkspaceEventsHandler" [_thread_blocked, id=14160, stack(0x0000000e32000000,0x0000000e32100000)]
  0x0000015a222ebb80 JavaThread "pool-1-thread-1" [_thread_blocked, id=15288, stack(0x0000000e32100000,0x0000000e32200000)]
  0x0000015a222ed4d0 JavaThread "Worker-3" [_thread_blocked, id=14532, stack(0x0000000e32200000,0x0000000e32300000)]
  0x0000015a222ee910 JavaThread "Worker-4: Refreshing workspace" [_thread_blocked, id=12804, stack(0x0000000e32400000,0x0000000e32500000)]
  0x0000015a222e88e0 JavaThread "Worker-5: Initialize workspace" [_thread_blocked, id=13320, stack(0x0000000e32500000,0x0000000e32600000)]
  0x0000015a222eee20 JavaThread "Worker-6" [_thread_blocked, id=6700, stack(0x0000000e32600000,0x0000000e32700000)]
  0x0000015a222e9d20 JavaThread "Worker-7" [_thread_blocked, id=3380, stack(0x0000000e32700000,0x0000000e32800000)]
  0x0000015a222e8df0 JavaThread "Worker-8" [_thread_blocked, id=13768, stack(0x0000000e32800000,0x0000000e32900000)]
  0x0000015a222e83d0 JavaThread "Worker-9" [_thread_blocked, id=3288, stack(0x0000000e32900000,0x0000000e32a00000)]
  0x0000015a222ec5a0 JavaThread "Thread-19" [_thread_in_native, id=11344, stack(0x0000000e33800000,0x0000000e33900000)]
  0x0000015a222ec090 JavaThread "ForkJoinPool.commonPool-worker-1" daemon [_thread_blocked, id=14548, stack(0x0000000e32d00000,0x0000000e32e00000)]
  0x0000015a222e9300 JavaThread "Cleaner-0" daemon [_thread_blocked, id=3388, stack(0x0000000e32b00000,0x0000000e32c00000)]
  0x0000015a222ecfc0 JavaThread "Thread-32" [_thread_in_native, id=12668, stack(0x0000000e30000000,0x0000000e30100000)]

Other Threads:
  0x0000015a1aacee20 VMThread "VM Thread" [stack: 0x0000000e30300000,0x0000000e30400000] [id=2884]
  0x0000015a1f935430 WatcherThread [stack: 0x0000000e30f00000,0x0000000e31000000] [id=12356]
  0x0000015a06cf6ab0 GCTaskThread "GC Thread#0" [stack: 0x0000000e30200000,0x0000000e30300000] [id=8228]
  0x0000015a201375e0 GCTaskThread "GC Thread#1" [stack: 0x0000000e31000000,0x0000000e31100000] [id=15408]

Threads with active compile tasks:
C2 CompilerThread0   114863 13008       4       org.eclipse.jdt.internal.compiler.lookup.LookupEnvironment::getTypeFromTypeSignature (770 bytes)

VM state: not at safepoint (normal execution)

VM Mutex/Monitor currently owned by a thread: None

Heap address: 0x00000000c0000000, size: 1024 MB, Compressed Oops mode: 32-bit

CDS archive(s) not mapped
Compressed class space mapped at: 0x0000000100000000-0x0000000140000000, reserved size: 1073741824
Narrow klass base: 0x0000000000000000, Narrow klass shift: 3, Narrow klass range: 0x140000000

GC Precious Log:
 CPUs: 2 total, 2 available
 Memory: 3463M
 Large Page Support: Disabled
 NUMA Support: Disabled
 Compressed Oops: Enabled (32-bit)
 Alignments: Space 512K, Generation 512K, Heap 2M
 Heap Min Capacity: 100M
 Heap Initial Capacity: 100M
 Heap Max Capacity: 1G
 Pre-touch: Disabled
 Parallel Workers: 2

Heap:
 PSYoungGen      total 39424K, used 25352K [0x00000000eab00000, 0x00000000ed980000, 0x0000000100000000)
  eden space 31232K, 55% used [0x00000000eab00000,0x00000000ebc0a348,0x00000000ec980000)
  from space 8192K, 96% used [0x00000000ed180000,0x00000000ed938040,0x00000000ed980000)
  to   space 8192K, 0% used [0x00000000ec980000,0x00000000ec980000,0x00000000ed180000)
 ParOldGen       total 168448K, used 135018K [0x00000000c0000000, 0x00000000ca480000, 0x00000000eab00000)
  object space 168448K, 80% used [0x00000000c0000000,0x00000000c83daad8,0x00000000ca480000)
 Metaspace       used 80484K, committed 81920K, reserved 1179648K
  class space    used 8424K, committed 9024K, reserved 1048576K

Card table byte_map: [0x0000015a066a0000,0x0000015a068b0000] _byte_map_base: 0x0000015a060a0000

Marking Bits: (ParMarkBitMap*) 0x00007ffd8ae5d7d0
 Begin Bits: [0x0000015a18970000, 0x0000015a19970000)
 End Bits:   [0x0000015a19970000, 0x0000015a1a970000)

Polling page: 0x0000015a06490000

Metaspace:

Usage:
  Non-class:     70.37 MB used.
      Class:      8.23 MB used.
       Both:     78.60 MB used.

Virtual space:
  Non-class space:      128.00 MB reserved,      71.19 MB ( 56%) committed,  2 nodes.
      Class space:        1.00 GB reserved,       8.81 MB ( <1%) committed,  1 nodes.
             Both:        1.12 GB reserved,      80.00 MB (  7%) committed. 

Chunk freelists:
   Non-Class:  8.67 MB
       Class:  7.22 MB
        Both:  15.89 MB

MaxMetaspaceSize: unlimited
CompressedClassSpaceSize: 1.00 GB
Initial GC threshold: 21.00 MB
Current GC threshold: 118.69 MB
CDS: off
MetaspaceReclaimPolicy: balanced
 - commit_granule_bytes: 65536.
 - commit_granule_words: 8192.
 - virtual_space_node_default_size: 8388608.
 - enlarge_chunks_in_place: 1.
 - new_chunks_are_fully_committed: 0.
 - uncommit_free_chunks: 1.
 - use_allocation_guard: 0.
 - handle_deallocations: 1.


Internal statistics:

num_allocs_failed_limit: 11.
num_arena_births: 986.
num_arena_deaths: 14.
num_vsnodes_births: 3.
num_vsnodes_deaths: 0.
num_space_committed: 1280.
num_space_uncommitted: 0.
num_chunks_returned_to_freelist: 25.
num_chunks_taken_from_freelist: 4249.
num_chunk_merges: 14.
num_chunk_splits: 2602.
num_chunks_enlarged: 1487.
num_inconsistent_stats: 0.

CodeHeap 'non-profiled nmethods': size=120064Kb used=7849Kb max_used=7849Kb free=112214Kb
 bounds [0x0000015a11430000, 0x0000015a11be0000, 0x0000015a18970000]
CodeHeap 'profiled nmethods': size=120000Kb used=25494Kb max_used=25494Kb free=94505Kb
 bounds [0x0000015a09970000, 0x0000015a0b260000, 0x0000015a10ea0000]
CodeHeap 'non-nmethods': size=5696Kb used=1417Kb max_used=1480Kb free=4279Kb
 bounds [0x0000015a10ea0000, 0x0000015a11110000, 0x0000015a11430000]
 total_blobs=11793 nmethods=11016 adapters=690
 compilation: enabled
              stopped_count=0, restarted_count=0
 full_count=0

Compilation events (20 events):
Event: 114.625 Thread 0x0000015a1ab6c640 13040   !   3       org.eclipse.jdt.core.Signature::getTypeParameters (313 bytes)
Event: 114.626 Thread 0x0000015a1ab6c640 nmethod 13040 0x0000015a0b242f10 code [0x0000015a0b243240, 0x0000015a0b244708]
Event: 114.627 Thread 0x0000015a1ab6c640 13041       3       org.eclipse.jdt.internal.compiler.util.Util::scanArrayTypeSignature (74 bytes)
Event: 114.628 Thread 0x0000015a1ab6c640 nmethod 13041 0x0000015a0b245110 code [0x0000015a0b2453a0, 0x0000015a0b245d78]
Event: 114.629 Thread 0x0000015a1ab6c640 13042   !   3       org.eclipse.jdt.internal.core.SearchableEnvironment::find (389 bytes)
Event: 114.631 Thread 0x0000015a1ab6c640 nmethod 13042 0x0000015a0b246190 code [0x0000015a0b246680, 0x0000015a0b249878]
Event: 114.633 Thread 0x0000015a1ab6c640 13043       1       org.eclipse.jdt.internal.compiler.classfmt.AnnotationMethodInfo::getDefaultValue (5 bytes)
Event: 114.634 Thread 0x0000015a1ab6c640 nmethod 13043 0x0000015a11bd9f10 code [0x0000015a11bda0a0, 0x0000015a11bda178]
Event: 114.634 Thread 0x0000015a1ab6c640 13044       3       org.eclipse.jdt.internal.compiler.lookup.LookupEnvironment::createBinaryTypeFrom (106 bytes)
Event: 114.635 Thread 0x0000015a1ab6c640 nmethod 13044 0x0000015a0b24ad10 code [0x0000015a0b24af60, 0x0000015a0b24ba28]
Event: 114.637 Thread 0x0000015a1ab6c640 13045       3       org.eclipse.jdt.internal.compiler.classfmt.InnerClassInfo::getModifiers (23 bytes)
Event: 114.638 Thread 0x0000015a1ab6c640 nmethod 13045 0x0000015a0b24be10 code [0x0000015a0b24bfc0, 0x0000015a0b24c258]
Event: 114.638 Thread 0x0000015a1ab6c640 13046       3       org.eclipse.jdt.internal.core.util.Util::isExcluded (26 bytes)
Event: 114.639 Thread 0x0000015a1ab6c640 nmethod 13046 0x0000015a0b24c390 code [0x0000015a0b24c580, 0x0000015a0b24c9b8]
Event: 114.639 Thread 0x0000015a1ab6c640 13047       3       org.eclipse.jdt.internal.compiler.ast.ImportReference::<init> (62 bytes)
Event: 114.639 Thread 0x0000015a1ab6c640 nmethod 13047 0x0000015a0b24cb90 code [0x0000015a0b24cd40, 0x0000015a0b24cff8]
Event: 114.640 Thread 0x0000015a1ab6c640 13048       3       org.eclipse.jdt.internal.compiler.ast.MethodDeclaration::traverse (269 bytes)
Event: 114.641 Thread 0x0000015a1ab6c640 nmethod 13048 0x0000015a0b24d190 code [0x0000015a0b24d420, 0x0000015a0b24e3f8]
Event: 114.642 Thread 0x0000015a1ab6c640 13049       3       org.eclipse.jdt.internal.compiler.ASTVisitor::endVisit (1 bytes)
Event: 114.642 Thread 0x0000015a1ab6c640 nmethod 13049 0x0000015a0b24ea10 code [0x0000015a0b24eba0, 0x0000015a0b24ecb8]

GC Heap History (20 events):
Event: 110.856 GC heap before
{Heap before GC invocations=154 (full 6):
 PSYoungGen      total 31744K, used 31728K [0x00000000eab00000, 0x00000000ed280000, 0x0000000100000000)
  eden space 28160K, 99% used [0x00000000eab00000,0x00000000ec67f690,0x00000000ec680000)
  from space 3584K, 99% used [0x00000000ecc80000,0x00000000ecffcc80,0x00000000ed000000)
  to   space 6144K, 0% used [0x00000000ec680000,0x00000000ec680000,0x00000000ecc80000)
 ParOldGen       total 168448K, used 131107K [0x00000000c0000000, 0x00000000ca480000, 0x00000000eab00000)
  object space 168448K, 77% used [0x00000000c0000000,0x00000000c8008de0,0x00000000ca480000)
 Metaspace       used 79940K, committed 81344K, reserved 1179648K
  class space    used 8392K, committed 9024K, reserved 1048576K
}
Event: 110.864 GC heap after
{Heap after GC invocations=154 (full 6):
 PSYoungGen      total 34304K, used 5427K [0x00000000eab00000, 0x00000000ed200000, 0x0000000100000000)
  eden space 28160K, 0% used [0x00000000eab00000,0x00000000eab00000,0x00000000ec680000)
  from space 6144K, 88% used [0x00000000ec680000,0x00000000ecbccca0,0x00000000ecc80000)
  to   space 5632K, 0% used [0x00000000ecc80000,0x00000000ecc80000,0x00000000ed200000)
 ParOldGen       total 168448K, used 131123K [0x00000000c0000000, 0x00000000ca480000, 0x00000000eab00000)
  object space 168448K, 77% used [0x00000000c0000000,0x00000000c800cde0,0x00000000ca480000)
 Metaspace       used 79940K, committed 81344K, reserved 1179648K
  class space    used 8392K, committed 9024K, reserved 1048576K
}
Event: 111.763 GC heap before
{Heap before GC invocations=155 (full 6):
 PSYoungGen      total 34304K, used 33587K [0x00000000eab00000, 0x00000000ed200000, 0x0000000100000000)
  eden space 28160K, 100% used [0x00000000eab00000,0x00000000ec680000,0x00000000ec680000)
  from space 6144K, 88% used [0x00000000ec680000,0x00000000ecbccca0,0x00000000ecc80000)
  to   space 5632K, 0% used [0x00000000ecc80000,0x00000000ecc80000,0x00000000ed200000)
 ParOldGen       total 168448K, used 131123K [0x00000000c0000000, 0x00000000ca480000, 0x00000000eab00000)
  object space 168448K, 77% used [0x00000000c0000000,0x00000000c800cde0,0x00000000ca480000)
 Metaspace       used 80001K, committed 81408K, reserved 1179648K
  class space    used 8393K, committed 9024K, reserved 1048576K
}
Event: 111.776 GC heap after
{Heap after GC invocations=155 (full 6):
 PSYoungGen      total 32256K, used 5603K [0x00000000eab00000, 0x00000000ed600000, 0x0000000100000000)
  eden space 26624K, 0% used [0x00000000eab00000,0x00000000eab00000,0x00000000ec500000)
  from space 5632K, 99% used [0x00000000ecc80000,0x00000000ed1f8c70,0x00000000ed200000)
  to   space 7680K, 0% used [0x00000000ec500000,0x00000000ec500000,0x00000000ecc80000)
 ParOldGen       total 168448K, used 132827K [0x00000000c0000000, 0x00000000ca480000, 0x00000000eab00000)
  object space 168448K, 78% used [0x00000000c0000000,0x00000000c81b6df0,0x00000000ca480000)
 Metaspace       used 80001K, committed 81408K, reserved 1179648K
  class space    used 8393K, committed 9024K, reserved 1048576K
}
Event: 113.014 GC heap before
{Heap before GC invocations=156 (full 6):
 PSYoungGen      total 32256K, used 32227K [0x00000000eab00000, 0x00000000ed600000, 0x0000000100000000)
  eden space 26624K, 100% used [0x00000000eab00000,0x00000000ec500000,0x00000000ec500000)
  from space 5632K, 99% used [0x00000000ecc80000,0x00000000ed1f8c70,0x00000000ed200000)
  to   space 7680K, 0% used [0x00000000ec500000,0x00000000ec500000,0x00000000ecc80000)
 ParOldGen       total 168448K, used 132827K [0x00000000c0000000, 0x00000000ca480000, 0x00000000eab00000)
  object space 168448K, 78% used [0x00000000c0000000,0x00000000c81b6df0,0x00000000ca480000)
 Metaspace       used 80198K, committed 81664K, reserved 1179648K
  class space    used 8412K, committed 9024K, reserved 1048576K
}
Event: 113.022 GC heap after
{Heap after GC invocations=156 (full 6):
 PSYoungGen      total 32768K, used 5911K [0x00000000eab00000, 0x00000000ed280000, 0x0000000100000000)
  eden space 26624K, 0% used [0x00000000eab00000,0x00000000eab00000,0x00000000ec500000)
  from space 6144K, 96% used [0x00000000ec500000,0x00000000ecac5eb0,0x00000000ecb00000)
  to   space 6656K, 0% used [0x00000000ecc00000,0x00000000ecc00000,0x00000000ed280000)
 ParOldGen       total 168448K, used 132835K [0x00000000c0000000, 0x00000000ca480000, 0x00000000eab00000)
  object space 168448K, 78% used [0x00000000c0000000,0x00000000c81b8df0,0x00000000ca480000)
 Metaspace       used 80198K, committed 81664K, reserved 1179648K
  class space    used 8412K, committed 9024K, reserved 1048576K
}
Event: 113.093 GC heap before
{Heap before GC invocations=157 (full 6):
 PSYoungGen      total 32768K, used 32535K [0x00000000eab00000, 0x00000000ed280000, 0x0000000100000000)
  eden space 26624K, 100% used [0x00000000eab00000,0x00000000ec500000,0x00000000ec500000)
  from space 6144K, 96% used [0x00000000ec500000,0x00000000ecac5eb0,0x00000000ecb00000)
  to   space 6656K, 0% used [0x00000000ecc00000,0x00000000ecc00000,0x00000000ed280000)
 ParOldGen       total 168448K, used 132835K [0x00000000c0000000, 0x00000000ca480000, 0x00000000eab00000)
  object space 168448K, 78% used [0x00000000c0000000,0x00000000c81b8df0,0x00000000ca480000)
 Metaspace       used 80198K, committed 81664K, reserved 1179648K
  class space    used 8412K, committed 9024K, reserved 1048576K
}
Event: 113.102 GC heap after
{Heap after GC invocations=157 (full 6):
 PSYoungGen      total 32256K, used 6634K [0x00000000eab00000, 0x00000000ed600000, 0x0000000100000000)
  eden space 25600K, 0% used [0x00000000eab00000,0x00000000eab00000,0x00000000ec400000)
  from space 6656K, 99% used [0x00000000ecc00000,0x00000000ed27abc8,0x00000000ed280000)
  to   space 8192K, 0% used [0x00000000ec400000,0x00000000ec400000,0x00000000ecc00000)
 ParOldGen       total 168448K, used 134023K [0x00000000c0000000, 0x00000000ca480000, 0x00000000eab00000)
  object space 168448K, 79% used [0x00000000c0000000,0x00000000c82e1de0,0x00000000ca480000)
 Metaspace       used 80198K, committed 81664K, reserved 1179648K
  class space    used 8412K, committed 9024K, reserved 1048576K
}
Event: 113.141 GC heap before
{Heap before GC invocations=158 (full 6):
 PSYoungGen      total 32256K, used 32234K [0x00000000eab00000, 0x00000000ed600000, 0x0000000100000000)
  eden space 25600K, 100% used [0x00000000eab00000,0x00000000ec400000,0x00000000ec400000)
  from space 6656K, 99% used [0x00000000ecc00000,0x00000000ed27abc8,0x00000000ed280000)
  to   space 8192K, 0% used [0x00000000ec400000,0x00000000ec400000,0x00000000ecc00000)
 ParOldGen       total 168448K, used 134023K [0x00000000c0000000, 0x00000000ca480000, 0x00000000eab00000)
  object space 168448K, 79% used [0x00000000c0000000,0x00000000c82e1de0,0x00000000ca480000)
 Metaspace       used 80226K, committed 81664K, reserved 1179648K
  class space    used 8412K, committed 9024K, reserved 1048576K
}
Event: 113.148 GC heap after
{Heap after GC invocations=158 (full 6):
 PSYoungGen      total 33792K, used 7050K [0x00000000eab00000, 0x00000000ed480000, 0x0000000100000000)
  eden space 25600K, 0% used [0x00000000eab00000,0x00000000eab00000,0x00000000ec400000)
  from space 8192K, 86% used [0x00000000ec400000,0x00000000ecae2bc8,0x00000000ecc00000)
  to   space 7680K, 0% used [0x00000000ecd00000,0x00000000ecd00000,0x00000000ed480000)
 ParOldGen       total 168448K, used 134039K [0x00000000c0000000, 0x00000000ca480000, 0x00000000eab00000)
  object space 168448K, 79% used [0x00000000c0000000,0x00000000c82e5de0,0x00000000ca480000)
 Metaspace       used 80226K, committed 81664K, reserved 1179648K
  class space    used 8412K, committed 9024K, reserved 1048576K
}
Event: 113.257 GC heap before
{Heap before GC invocations=159 (full 6):
 PSYoungGen      total 33792K, used 32650K [0x00000000eab00000, 0x00000000ed480000, 0x0000000100000000)
  eden space 25600K, 100% used [0x00000000eab00000,0x00000000ec400000,0x00000000ec400000)
  from space 8192K, 86% used [0x00000000ec400000,0x00000000ecae2bc8,0x00000000ecc00000)
  to   space 7680K, 0% used [0x00000000ecd00000,0x00000000ecd00000,0x00000000ed480000)
 ParOldGen       total 168448K, used 134039K [0x00000000c0000000, 0x00000000ca480000, 0x00000000eab00000)
  object space 168448K, 79% used [0x00000000c0000000,0x00000000c82e5de0,0x00000000ca480000)
 Metaspace       used 80230K, committed 81664K, reserved 1179648K
  class space    used 8412K, committed 9024K, reserved 1048576K
}
Event: 113.266 GC heap after
{Heap after GC invocations=159 (full 6):
 PSYoungGen      total 34304K, used 6771K [0x00000000eab00000, 0x00000000ed400000, 0x0000000100000000)
  eden space 27136K, 0% used [0x00000000eab00000,0x00000000eab00000,0x00000000ec580000)
  from space 7168K, 94% used [0x00000000ecd00000,0x00000000ed39ce28,0x00000000ed400000)
  to   space 7168K, 0% used [0x00000000ec600000,0x00000000ec600000,0x00000000ecd00000)
 ParOldGen       total 168448K, used 134047K [0x00000000c0000000, 0x00000000ca480000, 0x00000000eab00000)
  object space 168448K, 79% used [0x00000000c0000000,0x00000000c82e7de0,0x00000000ca480000)
 Metaspace       used 80230K, committed 81664K, reserved 1179648K
  class space    used 8412K, committed 9024K, reserved 1048576K
}
Event: 113.322 GC heap before
{Heap before GC invocations=160 (full 6):
 PSYoungGen      total 34304K, used 33907K [0x00000000eab00000, 0x00000000ed400000, 0x0000000100000000)
  eden space 27136K, 100% used [0x00000000eab00000,0x00000000ec580000,0x00000000ec580000)
  from space 7168K, 94% used [0x00000000ecd00000,0x00000000ed39ce28,0x00000000ed400000)
  to   space 7168K, 0% used [0x00000000ec600000,0x00000000ec600000,0x00000000ecd00000)
 ParOldGen       total 168448K, used 134047K [0x00000000c0000000, 0x00000000ca480000, 0x00000000eab00000)
  object space 168448K, 79% used [0x00000000c0000000,0x00000000c82e7de0,0x00000000ca480000)
 Metaspace       used 80230K, committed 81664K, reserved 1179648K
  class space    used 8412K, committed 9024K, reserved 1048576K
}
Event: 113.330 GC heap after
{Heap after GC invocations=160 (full 6):
 PSYoungGen      total 34816K, used 7151K [0x00000000eab00000, 0x00000000ed680000, 0x0000000100000000)
  eden space 27648K, 0% used [0x00000000eab00000,0x00000000eab00000,0x00000000ec600000)
  from space 7168K, 99% used [0x00000000ec600000,0x00000000eccfbdf0,0x00000000ecd00000)
  to   space 7680K, 0% used [0x00000000ecf00000,0x00000000ecf00000,0x00000000ed680000)
 ParOldGen       total 168448K, used 134183K [0x00000000c0000000, 0x00000000ca480000, 0x00000000eab00000)
  object space 168448K, 79% used [0x00000000c0000000,0x00000000c8309de0,0x00000000ca480000)
 Metaspace       used 80230K, committed 81664K, reserved 1179648K
  class space    used 8412K, committed 9024K, reserved 1048576K
}
Event: 113.376 GC heap before
{Heap before GC invocations=161 (full 6):
 PSYoungGen      total 34816K, used 34799K [0x00000000eab00000, 0x00000000ed680000, 0x0000000100000000)
  eden space 27648K, 100% used [0x00000000eab00000,0x00000000ec600000,0x00000000ec600000)
  from space 7168K, 99% used [0x00000000ec600000,0x00000000eccfbdf0,0x00000000ecd00000)
  to   space 7680K, 0% used [0x00000000ecf00000,0x00000000ecf00000,0x00000000ed680000)
 ParOldGen       total 168448K, used 134183K [0x00000000c0000000, 0x00000000ca480000, 0x00000000eab00000)
  object space 168448K, 79% used [0x00000000c0000000,0x00000000c8309de0,0x00000000ca480000)
 Metaspace       used 80230K, committed 81664K, reserved 1179648K
  class space    used 8412K, committed 9024K, reserved 1048576K
}
Event: 113.386 GC heap after
{Heap after GC invocations=161 (full 6):
 PSYoungGen      total 36864K, used 7587K [0x00000000eab00000, 0x00000000ed700000, 0x0000000100000000)
  eden space 29184K, 0% used [0x00000000eab00000,0x00000000eab00000,0x00000000ec780000)
  from space 7680K, 98% used [0x00000000ecf00000,0x00000000ed668da8,0x00000000ed680000)
  to   space 7680K, 0% used [0x00000000ec780000,0x00000000ec780000,0x00000000ecf00000)
 ParOldGen       total 168448K, used 134263K [0x00000000c0000000, 0x00000000ca480000, 0x00000000eab00000)
  object space 168448K, 79% used [0x00000000c0000000,0x00000000c831dde0,0x00000000ca480000)
 Metaspace       used 80230K, committed 81664K, reserved 1179648K
  class space    used 8412K, committed 9024K, reserved 1048576K
}
Event: 113.707 GC heap before
{Heap before GC invocations=162 (full 6):
 PSYoungGen      total 36864K, used 36771K [0x00000000eab00000, 0x00000000ed700000, 0x0000000100000000)
  eden space 29184K, 100% used [0x00000000eab00000,0x00000000ec780000,0x00000000ec780000)
  from space 7680K, 98% used [0x00000000ecf00000,0x00000000ed668da8,0x00000000ed680000)
  to   space 7680K, 0% used [0x00000000ec780000,0x00000000ec780000,0x00000000ecf00000)
 ParOldGen       total 168448K, used 134263K [0x00000000c0000000, 0x00000000ca480000, 0x00000000eab00000)
  object space 168448K, 79% used [0x00000000c0000000,0x00000000c831dde0,0x00000000ca480000)
 Metaspace       used 80232K, committed 81664K, reserved 1179648K
  class space    used 8412K, committed 9024K, reserved 1048576K
}
Event: 113.717 GC heap after
{Heap after GC invocations=162 (full 6):
 PSYoungGen      total 36864K, used 7651K [0x00000000eab00000, 0x00000000ed980000, 0x0000000100000000)
  eden space 29184K, 0% used [0x00000000eab00000,0x00000000eab00000,0x00000000ec780000)
  from space 7680K, 99% used [0x00000000ec780000,0x00000000ecef8c40,0x00000000ecf00000)
  to   space 8192K, 0% used [0x00000000ed180000,0x00000000ed180000,0x00000000ed980000)
 ParOldGen       total 168448K, used 134615K [0x00000000c0000000, 0x00000000ca480000, 0x00000000eab00000)
  object space 168448K, 79% used [0x00000000c0000000,0x00000000c8375e00,0x00000000ca480000)
 Metaspace       used 80232K, committed 81664K, reserved 1179648K
  class space    used 8412K, committed 9024K, reserved 1048576K
}
Event: 113.859 GC heap before
{Heap before GC invocations=163 (full 6):
 PSYoungGen      total 36864K, used 36831K [0x00000000eab00000, 0x00000000ed980000, 0x0000000100000000)
  eden space 29184K, 99% used [0x00000000eab00000,0x00000000ec77f2a0,0x00000000ec780000)
  from space 7680K, 99% used [0x00000000ec780000,0x00000000ecef8c40,0x00000000ecf00000)
  to   space 8192K, 0% used [0x00000000ed180000,0x00000000ed180000,0x00000000ed980000)
 ParOldGen       total 168448K, used 134615K [0x00000000c0000000, 0x00000000ca480000, 0x00000000eab00000)
  object space 168448K, 79% used [0x00000000c0000000,0x00000000c8375e00,0x00000000ca480000)
 Metaspace       used 80290K, committed 81728K, reserved 1179648K
  class space    used 8416K, committed 9024K, reserved 1048576K
}
Event: 113.870 GC heap after
{Heap after GC invocations=163 (full 6):
 PSYoungGen      total 39424K, used 7904K [0x00000000eab00000, 0x00000000ed980000, 0x0000000100000000)
  eden space 31232K, 0% used [0x00000000eab00000,0x00000000eab00000,0x00000000ec980000)
  from space 8192K, 96% used [0x00000000ed180000,0x00000000ed938040,0x00000000ed980000)
  to   space 8192K, 0% used [0x00000000ec980000,0x00000000ec980000,0x00000000ed180000)
 ParOldGen       total 168448K, used 135018K [0x00000000c0000000, 0x00000000ca480000, 0x00000000eab00000)
  object space 168448K, 80% used [0x00000000c0000000,0x00000000c83daad8,0x00000000ca480000)
 Metaspace       used 80290K, committed 81728K, reserved 1179648K
  class space    used 8416K, committed 9024K, reserved 1048576K
}

Dll operation events (12 events):
Event: 0.650 Loaded shared library c:\Users\yohan\.vscode\extensions\redhat.java-1.30.0-win32-x64\jre\17.0.10-win32-x86_64\bin\java.dll
Event: 1.678 Loaded shared library c:\Users\yohan\.vscode\extensions\redhat.java-1.30.0-win32-x64\jre\17.0.10-win32-x86_64\bin\zip.dll
Event: 1.739 Loaded shared library C:\Users\yohan\.vscode\extensions\redhat.java-1.30.0-win32-x64\jre\17.0.10-win32-x86_64\bin\instrument.dll
Event: 1.762 Loaded shared library C:\Users\yohan\.vscode\extensions\redhat.java-1.30.0-win32-x64\jre\17.0.10-win32-x86_64\bin\net.dll
Event: 1.766 Loaded shared library C:\Users\yohan\.vscode\extensions\redhat.java-1.30.0-win32-x64\jre\17.0.10-win32-x86_64\bin\nio.dll
Event: 1.775 Loaded shared library C:\Users\yohan\.vscode\extensions\redhat.java-1.30.0-win32-x64\jre\17.0.10-win32-x86_64\bin\zip.dll
Event: 1.864 Loaded shared library C:\Users\yohan\.vscode\extensions\redhat.java-1.30.0-win32-x64\jre\17.0.10-win32-x86_64\bin\jimage.dll
Event: 2.058 Loaded shared library c:\Users\yohan\.vscode\extensions\redhat.java-1.30.0-win32-x64\jre\17.0.10-win32-x86_64\bin\verify.dll
Event: 7.341 Loaded shared library C:\Users\yohan\AppData\Roaming\Code\User\globalStorage\redhat.java\1.30.0\config_win\org.eclipse.equinox.launcher\org.eclipse.equinox.launcher.win32.win32.x86_64_1.2.900.v20240213-1244\eclipse_11900.dll
Event: 26.255 Loaded shared library C:\Users\yohan\AppData\Local\Temp\jna-115155903\jna5840979724536328101.dll
Event: 30.495 Loaded shared library C:\Users\yohan\.vscode\extensions\redhat.java-1.30.0-win32-x64\jre\17.0.10-win32-x86_64\bin\sunmscapi.dll
Event: 32.766 Loaded shared library C:\Users\yohan\.vscode\extensions\redhat.java-1.30.0-win32-x64\jre\17.0.10-win32-x86_64\bin\extnet.dll

Deoptimization events (20 events):
Event: 112.948 Thread 0x0000015a222ecfc0 DEOPT PACKING pc=0x0000015a0abbde45 sp=0x0000000e300fde00
Event: 112.948 Thread 0x0000015a222ecfc0 DEOPT UNPACKING pc=0x0000015a10ef6e43 sp=0x0000000e300fd3a0 mode 0
Event: 113.133 Thread 0x0000015a1ffb1980 Uncommon trap: trap_request=0xffffffbe fr.pc=0x0000015a11b8ee74 relative=0x0000000000000174
Event: 113.133 Thread 0x0000015a1ffb1980 Uncommon trap: reason=profile_predicate action=maybe_recompile pc=0x0000015a11b8ee74 method=java.util.LinkedHashMap.valuesToArray([Ljava/lang/Object;)[Ljava/lang/Object; @ 12 c2
Event: 113.133 Thread 0x0000015a1ffb1980 DEOPT PACKING pc=0x0000015a11b8ee74 sp=0x0000000e319fe9c0
Event: 113.133 Thread 0x0000015a1ffb1980 DEOPT UNPACKING pc=0x0000015a10ef66a3 sp=0x0000000e319fe958 mode 2
Event: 113.307 Thread 0x0000015a222ecfc0 DEOPT PACKING pc=0x0000015a0abbde45 sp=0x0000000e300fdf10
Event: 113.307 Thread 0x0000015a222ecfc0 DEOPT UNPACKING pc=0x0000015a10ef6e43 sp=0x0000000e300fd4b0 mode 0
Event: 113.396 Thread 0x0000015a222ecfc0 Uncommon trap: trap_request=0xffffffc6 fr.pc=0x0000015a11b5a308 relative=0x0000000000000528
Event: 113.396 Thread 0x0000015a222ecfc0 Uncommon trap: reason=bimorphic_or_optimized_type_check action=maybe_recompile pc=0x0000015a11b5a308 method=java.util.HashMap.removeNode(ILjava/lang/Object;Ljava/lang/Object;ZZ)Ljava/util/HashMap$Node; @ 283 c2
Event: 113.396 Thread 0x0000015a222ecfc0 DEOPT PACKING pc=0x0000015a11b5a308 sp=0x0000000e300fe430
Event: 113.396 Thread 0x0000015a222ecfc0 DEOPT UNPACKING pc=0x0000015a10ef66a3 sp=0x0000000e300fe328 mode 2
Event: 113.402 Thread 0x0000015a222ecfc0 Uncommon trap: trap_request=0xffffffc6 fr.pc=0x0000015a11b5a308 relative=0x0000000000000528
Event: 113.402 Thread 0x0000015a222ecfc0 Uncommon trap: reason=bimorphic_or_optimized_type_check action=maybe_recompile pc=0x0000015a11b5a308 method=java.util.HashMap.removeNode(ILjava/lang/Object;Ljava/lang/Object;ZZ)Ljava/util/HashMap$Node; @ 283 c2
Event: 113.402 Thread 0x0000015a222ecfc0 DEOPT PACKING pc=0x0000015a11b5a308 sp=0x0000000e300fe430
Event: 113.402 Thread 0x0000015a222ecfc0 DEOPT UNPACKING pc=0x0000015a10ef66a3 sp=0x0000000e300fe328 mode 2
Event: 113.773 Thread 0x0000015a1ffb1980 Uncommon trap: trap_request=0xffffff45 fr.pc=0x0000015a11a90d04 relative=0x0000000000000164
Event: 113.773 Thread 0x0000015a1ffb1980 Uncommon trap: reason=unstable_if action=reinterpret pc=0x0000015a11a90d04 method=java.io.ObjectOutputStream$HandleTable.lookup(Ljava/lang/Object;)I @ 4 c2
Event: 113.773 Thread 0x0000015a1ffb1980 DEOPT PACKING pc=0x0000015a11a90d04 sp=0x0000000e319fe970
Event: 113.773 Thread 0x0000015a1ffb1980 DEOPT UNPACKING pc=0x0000015a10ef66a3 sp=0x0000000e319fe900 mode 2

Classes unloaded (7 events):
Event: 22.688 Thread 0x0000015a1aacee20 Unloading class 0x0000000100250400 'java/lang/invoke/LambdaForm$MH+0x0000000100250400'
Event: 22.688 Thread 0x0000015a1aacee20 Unloading class 0x0000000100250000 'java/lang/invoke/LambdaForm$MH+0x0000000100250000'
Event: 22.688 Thread 0x0000015a1aacee20 Unloading class 0x000000010024bc00 'java/lang/invoke/LambdaForm$MH+0x000000010024bc00'
Event: 22.688 Thread 0x0000015a1aacee20 Unloading class 0x000000010024b800 'java/lang/invoke/LambdaForm$MH+0x000000010024b800'
Event: 22.688 Thread 0x0000015a1aacee20 Unloading class 0x000000010024b400 'java/lang/invoke/LambdaForm$BMH+0x000000010024b400'
Event: 22.688 Thread 0x0000015a1aacee20 Unloading class 0x000000010024b000 'java/lang/invoke/LambdaForm$DMH+0x000000010024b000'
Event: 22.688 Thread 0x0000015a1aacee20 Unloading class 0x0000000100248400 'java/lang/invoke/LambdaForm$DMH+0x0000000100248400'

Classes redefined (0 events):
No events

Internal exceptions (20 events):
Event: 102.434 Thread 0x0000015a222ef330 Exception <a 'sun/nio/fs/WindowsException'{0x00000000ebf32ab8}> (0x00000000ebf32ab8) 
thrown [s\src\hotspot\share\prims\jni.cpp, line 516]
Event: 102.634 Thread 0x0000015a222ef330 Exception <a 'sun/nio/fs/WindowsException'{0x00000000ebfef8d0}> (0x00000000ebfef8d0) 
thrown [s\src\hotspot\share\prims\jni.cpp, line 516]
Event: 102.761 Thread 0x0000015a222ef330 Exception <a 'sun/nio/fs/WindowsException'{0x00000000ec001138}> (0x00000000ec001138) 
thrown [s\src\hotspot\share\prims\jni.cpp, line 516]
Event: 102.814 Thread 0x0000015a222ef330 Exception <a 'sun/nio/fs/WindowsException'{0x00000000ec010a80}> (0x00000000ec010a80) 
thrown [s\src\hotspot\share\prims\jni.cpp, line 516]
Event: 102.932 Thread 0x0000015a222ef330 Exception <a 'sun/nio/fs/WindowsException'{0x00000000ec01f0f8}> (0x00000000ec01f0f8) 
thrown [s\src\hotspot\share\prims\jni.cpp, line 516]
Event: 102.968 Thread 0x0000015a222ef330 Exception <a 'sun/nio/fs/WindowsException'{0x00000000ec032f08}> (0x00000000ec032f08) 
thrown [s\src\hotspot\share\prims\jni.cpp, line 516]
Event: 103.080 Thread 0x0000015a222ef330 Exception <a 'sun/nio/fs/WindowsException'{0x00000000ec084b20}> (0x00000000ec084b20) 
thrown [s\src\hotspot\share\prims\jni.cpp, line 516]
Event: 103.080 Thread 0x0000015a222ef330 Exception <a 'sun/nio/fs/WindowsException'{0x00000000ec085680}> (0x00000000ec085680) 
thrown [s\src\hotspot\share\prims\jni.cpp, line 516]
Event: 103.081 Thread 0x0000015a222ef330 Exception <a 'sun/nio/fs/WindowsException'{0x00000000ec086210}> (0x00000000ec086210) 
thrown [s\src\hotspot\share\prims\jni.cpp, line 516]
Event: 103.194 Thread 0x0000015a222ef330 Exception <a 'sun/nio/fs/WindowsException'{0x00000000ec08e558}> (0x00000000ec08e558) 
thrown [s\src\hotspot\share\prims\jni.cpp, line 516]
Event: 103.196 Thread 0x0000015a222ef330 Exception <a 'sun/nio/fs/WindowsException'{0x00000000ec095868}> (0x00000000ec095868) 
thrown [s\src\hotspot\share\prims\jni.cpp, line 516]
Event: 103.204 Thread 0x0000015a222ef330 Exception <a 'sun/nio/fs/WindowsException'{0x00000000ec09d710}> (0x00000000ec09d710) 
thrown [s\src\hotspot\share\prims\jni.cpp, line 516]
Event: 103.641 Thread 0x0000015a222ef330 Exception <a 'sun/nio/fs/WindowsException'{0x00000000ead39da0}> (0x00000000ead39da0) 
thrown [s\src\hotspot\share\prims\jni.cpp, line 516]
Event: 103.714 Thread 0x0000015a222ef330 Exception <a 'java/lang/NoSuchMethodError'{0x00000000eadd7700}: 'java.lang.Object java.lang.invoke.DirectMethodHandle$Holder.newInvokeSpecial(java.lang.Object, java.lang.Object, int, java.lang.Object, java.lang.Object)'> (0x00000000eadd7700) 
thrown [s\src\hotspot\share\interpreter\linkResolver.cpp, line 759]
Event: 103.923 Thread 0x0000015a222ef330 Exception <a 'java/io/FileNotFoundException'{0x00000000eb026488}> (0x00000000eb026488) 
thrown [s\src\hotspot\share\prims\jni.cpp, line 516]
Event: 103.924 Thread 0x0000015a222ef330 Exception <a 'java/io/FileNotFoundException'{0x00000000eb027710}> (0x00000000eb027710) 
thrown [s\src\hotspot\share\prims\jni.cpp, line 516]
Event: 103.924 Thread 0x0000015a222ef330 Exception <a 'java/io/FileNotFoundException'{0x00000000eb0286f0}> (0x00000000eb0286f0) 
thrown [s\src\hotspot\share\prims\jni.cpp, line 516]
Event: 103.941 Thread 0x0000015a222ef330 Exception <a 'java/lang/NoSuchMethodError'{0x00000000eb07f8e8}: 'int java.lang.invoke.DirectMethodHandle$Holder.invokeStatic(java.lang.Object, java.lang.Object, java.lang.Object, java.lang.Object, java.lang.Object, java.lang.Object)'> (0x00000000eb07f8e8) 
thrown [s\src\hotspot\share\interpreter\linkResolver.cpp, line 759]
Event: 104.529 Thread 0x0000015a222ef330 Exception <a 'sun/nio/fs/WindowsException'{0x00000000ebe74178}> (0x00000000ebe74178) 
thrown [s\src\hotspot\share\prims\jni.cpp, line 516]
Event: 110.090 Thread 0x0000015a1ffb1980 Implicit null exception at 0x0000015a11708bfb to 0x0000015a11709274

VM Operations (20 events):
Event: 111.748 Executing VM operation: ParallelGCFailedAllocation
Event: 111.784 Executing VM operation: ParallelGCFailedAllocation done
Event: 113.014 Executing VM operation: ParallelGCFailedAllocation
Event: 113.022 Executing VM operation: ParallelGCFailedAllocation done
Event: 113.093 Executing VM operation: ParallelGCFailedAllocation
Event: 113.102 Executing VM operation: ParallelGCFailedAllocation done
Event: 113.140 Executing VM operation: ParallelGCFailedAllocation
Event: 113.151 Executing VM operation: ParallelGCFailedAllocation done
Event: 113.257 Executing VM operation: ParallelGCFailedAllocation
Event: 113.266 Executing VM operation: ParallelGCFailedAllocation done
Event: 113.322 Executing VM operation: ParallelGCFailedAllocation
Event: 113.330 Executing VM operation: ParallelGCFailedAllocation done
Event: 113.376 Executing VM operation: ParallelGCFailedAllocation
Event: 113.386 Executing VM operation: ParallelGCFailedAllocation done
Event: 113.707 Executing VM operation: ParallelGCFailedAllocation
Event: 113.717 Executing VM operation: ParallelGCFailedAllocation done
Event: 113.859 Executing VM operation: ParallelGCFailedAllocation
Event: 113.873 Executing VM operation: ParallelGCFailedAllocation done
Event: 113.899 Executing VM operation: HandshakeAllThreads
Event: 113.916 Executing VM operation: HandshakeAllThreads done

Events (20 events):
Event: 104.500 loading class java/io/CharArrayWriter
Event: 104.500 loading class java/io/CharArrayWriter done
Event: 104.525 loading class java/nio/file/attribute/PosixFileAttributes
Event: 104.526 loading class java/nio/file/attribute/PosixFileAttributes done
Event: 104.994 Thread 0x0000015a222ef330 Thread exited: 0x0000015a222ef330
Event: 110.313 Thread 0x0000015a222ea230 Thread added: 0x0000015a222ea230
Event: 110.314 Thread 0x0000015a222e9810 Thread added: 0x0000015a222e9810
Event: 110.314 Thread 0x0000015a222edef0 Thread added: 0x0000015a222edef0
Event: 110.315 Thread 0x0000015a222ecfc0 Thread added: 0x0000015a222ecfc0
Event: 110.315 Thread 0x0000015a222ea740 Thread added: 0x0000015a222ea740
Event: 111.714 Thread 0x0000015a222ef330 Thread added: 0x0000015a222ef330
Event: 111.868 Thread 0x0000015a222eb670 Thread added: 0x0000015a222eb670
Event: 111.921 Thread 0x0000015a222ef330 Thread exited: 0x0000015a222ef330
Event: 112.086 Thread 0x0000015a222ea230 Thread exited: 0x0000015a222ea230
Event: 112.086 Thread 0x0000015a222ecfc0 Thread exited: 0x0000015a222ecfc0
Event: 112.086 Thread 0x0000015a222ea740 Thread exited: 0x0000015a222ea740
Event: 112.086 Thread 0x0000015a222edef0 Thread exited: 0x0000015a222edef0
Event: 112.086 Thread 0x0000015a222e9810 Thread exited: 0x0000015a222e9810
Event: 112.197 Thread 0x0000015a222eb670 Thread exited: 0x0000015a222eb670
Event: 112.876 Thread 0x0000015a222ecfc0 Thread added: 0x0000015a222ecfc0


Dynamic libraries:
0x00007ff629830000 - 0x00007ff62983e000 	c:\Users\yohan\.vscode\extensions\redhat.java-1.30.0-win32-x64\jre\17.0.10-win32-x86_64\bin\java.exe
0x00007ffe1d6d0000 - 0x00007ffe1d8e7000 	C:\WINDOWS\SYSTEM32\ntdll.dll
0x00007ffe1cef0000 - 0x00007ffe1cfb4000 	C:\WINDOWS\System32\KERNEL32.DLL
0x00007ffe1abf0000 - 0x00007ffe1af97000 	C:\WINDOWS\System32\KERNELBASE.dll
0x00007ffe1b2b0000 - 0x00007ffe1b3c1000 	C:\WINDOWS\System32\ucrtbase.dll
0x00007ffe03710000 - 0x00007ffe03727000 	c:\Users\yohan\.vscode\extensions\redhat.java-1.30.0-win32-x64\jre\17.0.10-win32-x86_64\bin\jli.dll
0x00007ffe1b9d0000 - 0x00007ffe1bb7e000 	C:\WINDOWS\System32\USER32.dll
0x00007ffe1b3d0000 - 0x00007ffe1b3f6000 	C:\WINDOWS\System32\win32u.dll
0x00007ffe1b4c0000 - 0x00007ffe1b4e9000 	C:\WINDOWS\System32\GDI32.dll
0x00007ffe1b190000 - 0x00007ffe1b2a9000 	C:\WINDOWS\System32\gdi32full.dll
0x00007ffe1aab0000 - 0x00007ffe1ab4a000 	C:\WINDOWS\System32\msvcp_win.dll
0x00007ffe02010000 - 0x00007ffe0202b000 	c:\Users\yohan\.vscode\extensions\redhat.java-1.30.0-win32-x64\jre\17.0.10-win32-x86_64\bin\VCRUNTIME140.dll
0x00007ffdff960000 - 0x00007ffdffbf3000 	C:\WINDOWS\WinSxS\amd64_microsoft.windows.common-controls_6595b64144ccf1df_6.0.22621.3527_none_270e469b73872a76\COMCTL32.dll
0x00007ffe1b6b0000 - 0x00007ffe1b757000 	C:\WINDOWS\System32\msvcrt.dll
0x00007ffe1b770000 - 0x00007ffe1b7a1000 	C:\WINDOWS\System32\IMM32.DLL
0x00007ffe05aa0000 - 0x00007ffe05aac000 	c:\Users\yohan\.vscode\extensions\redhat.java-1.30.0-win32-x64\jre\17.0.10-win32-x86_64\bin\vcruntime140_1.dll
0x00007ffde2610000 - 0x00007ffde269d000 	c:\Users\yohan\.vscode\extensions\redhat.java-1.30.0-win32-x64\jre\17.0.10-win32-x86_64\bin\msvcp140.dll
0x00007ffd8a2c0000 - 0x00007ffd8af22000 	c:\Users\yohan\.vscode\extensions\redhat.java-1.30.0-win32-x64\jre\17.0.10-win32-x86_64\bin\server\jvm.dll
0x00007ffe1bd30000 - 0x00007ffe1bde2000 	C:\WINDOWS\System32\ADVAPI32.dll
0x00007ffe1ce40000 - 0x00007ffe1cee8000 	C:\WINDOWS\System32\sechost.dll
0x00007ffe1ab50000 - 0x00007ffe1ab78000 	C:\WINDOWS\System32\bcrypt.dll
0x00007ffe1b7b0000 - 0x00007ffe1b8c5000 	C:\WINDOWS\System32\RPCRT4.dll
0x00007ffe1a8b0000 - 0x00007ffe1a8fd000 	C:\WINDOWS\SYSTEM32\POWRPROF.dll
0x00007ffdfce10000 - 0x00007ffdfce19000 	C:\WINDOWS\SYSTEM32\WSOCK32.dll
0x00007ffe1cdc0000 - 0x00007ffe1ce31000 	C:\WINDOWS\System32\WS2_32.dll
0x00007ffe13b90000 - 0x00007ffe13bc4000 	C:\WINDOWS\SYSTEM32\WINMM.dll
0x00007ffe13ac0000 - 0x00007ffe13aca000 	C:\WINDOWS\SYSTEM32\VERSION.dll
0x00007ffe1a890000 - 0x00007ffe1a8a3000 	C:\WINDOWS\SYSTEM32\UMPDC.dll
0x00007ffe19970000 - 0x00007ffe19988000 	C:\WINDOWS\SYSTEM32\kernel.appcore.dll
0x00007ffe05a70000 - 0x00007ffe05a7a000 	c:\Users\yohan\.vscode\extensions\redhat.java-1.30.0-win32-x64\jre\17.0.10-win32-x86_64\bin\jimage.dll
0x00007ffe0f050000 - 0x00007ffe0f282000 	C:\WINDOWS\SYSTEM32\DBGHELP.DLL
0x00007ffe1cfe0000 - 0x00007ffe1d368000 	C:\WINDOWS\System32\combase.dll
0x00007ffe1b4f0000 - 0x00007ffe1b5c7000 	C:\WINDOWS\System32\OLEAUT32.dll
0x00007ffe015f0000 - 0x00007ffe01622000 	C:\WINDOWS\SYSTEM32\dbgcore.DLL
0x00007ffe1afa0000 - 0x00007ffe1b019000 	C:\WINDOWS\System32\bcryptPrimitives.dll
0x00007ffe039b0000 - 0x00007ffe039be000 	c:\Users\yohan\.vscode\extensions\redhat.java-1.30.0-win32-x64\jre\17.0.10-win32-x86_64\bin\instrument.dll
0x00007ffde25b0000 - 0x00007ffde25d5000 	c:\Users\yohan\.vscode\extensions\redhat.java-1.30.0-win32-x64\jre\17.0.10-win32-x86_64\bin\java.dll
0x00007ffdfd7e0000 - 0x00007ffdfd7f8000 	c:\Users\yohan\.vscode\extensions\redhat.java-1.30.0-win32-x64\jre\17.0.10-win32-x86_64\bin\zip.dll
0x00007ffe1bdf0000 - 0x00007ffe1c64c000 	C:\WINDOWS\System32\SHELL32.dll
0x00007ffe188e0000 - 0x00007ffe191d6000 	C:\WINDOWS\SYSTEM32\windows.storage.dll
0x00007ffe187a0000 - 0x00007ffe188de000 	C:\WINDOWS\SYSTEM32\wintypes.dll
0x00007ffe1c6d0000 - 0x00007ffe1c7c5000 	C:\WINDOWS\System32\SHCORE.dll
0x00007ffe1cd60000 - 0x00007ffe1cdbe000 	C:\WINDOWS\System32\shlwapi.dll
0x00007ffe1a920000 - 0x00007ffe1a941000 	C:\WINDOWS\SYSTEM32\profapi.dll
0x00007ffdf5180000 - 0x00007ffdf5199000 	C:\Users\yohan\.vscode\extensions\redhat.java-1.30.0-win32-x64\jre\17.0.10-win32-x86_64\bin\net.dll
0x00007ffe126c0000 - 0x00007ffe127f6000 	C:\WINDOWS\SYSTEM32\WINHTTP.dll
0x00007ffe19e40000 - 0x00007ffe19ea9000 	C:\WINDOWS\system32\mswsock.dll
0x00007ffdf3bd0000 - 0x00007ffdf3be6000 	C:\Users\yohan\.vscode\extensions\redhat.java-1.30.0-win32-x64\jre\17.0.10-win32-x86_64\bin\nio.dll
0x00007ffe154e0000 - 0x00007ffe154f0000 	c:\Users\yohan\.vscode\extensions\redhat.java-1.30.0-win32-x64\jre\17.0.10-win32-x86_64\bin\verify.dll
0x00007ffde14a0000 - 0x00007ffde14de000 	C:\Users\yohan\AppData\Roaming\Code\User\globalStorage\redhat.java\1.30.0\config_win\org.eclipse.equinox.launcher\org.eclipse.equinox.launcher.win32.win32.x86_64_1.2.900.v20240213-1244\eclipse_11900.dll
0x00007ffe1bb80000 - 0x00007ffe1bd25000 	C:\WINDOWS\System32\ole32.dll
0x00007ffe1a0d0000 - 0x00007ffe1a0eb000 	C:\WINDOWS\SYSTEM32\CRYPTSP.dll
0x00007ffe19930000 - 0x00007ffe19965000 	C:\WINDOWS\system32\rsaenh.dll
0x00007ffe19f20000 - 0x00007ffe19f48000 	C:\WINDOWS\SYSTEM32\USERENV.dll
0x00007ffe1a0c0000 - 0x00007ffe1a0cc000 	C:\WINDOWS\SYSTEM32\CRYPTBASE.dll
0x00007ffe19480000 - 0x00007ffe194ad000 	C:\WINDOWS\SYSTEM32\IPHLPAPI.DLL
0x00007ffe1cd50000 - 0x00007ffe1cd59000 	C:\WINDOWS\System32\NSI.dll
0x00007ffe125b0000 - 0x00007ffe125c9000 	C:\WINDOWS\SYSTEM32\dhcpcsvc6.DLL
0x00007ffe12590000 - 0x00007ffe125af000 	C:\WINDOWS\SYSTEM32\dhcpcsvc.DLL
0x00007ffe19500000 - 0x00007ffe195f8000 	C:\WINDOWS\SYSTEM32\DNSAPI.dll
0x00007ffde1300000 - 0x00007ffde1345000 	C:\Users\yohan\AppData\Local\Temp\jna-115155903\jna5840979724536328101.dll
0x00007ffe1b9c0000 - 0x00007ffe1b9c8000 	C:\WINDOWS\System32\PSAPI.DLL
0x00007ffe065b0000 - 0x00007ffe065be000 	C:\Users\yohan\.vscode\extensions\redhat.java-1.30.0-win32-x64\jre\17.0.10-win32-x86_64\bin\sunmscapi.dll
0x00007ffe1b020000 - 0x00007ffe1b188000 	C:\WINDOWS\System32\CRYPT32.dll
0x00007ffe1a280000 - 0x00007ffe1a2ae000 	C:\WINDOWS\SYSTEM32\ncrypt.dll
0x00007ffe1a240000 - 0x00007ffe1a277000 	C:\WINDOWS\SYSTEM32\NTASN1.dll
0x00007ffe040a0000 - 0x00007ffe040aa000 	C:\Windows\System32\rasadhlp.dll
0x00007ffe0ff10000 - 0x00007ffe0ff93000 	C:\WINDOWS\System32\fwpuclnt.dll
0x00007ffe065a0000 - 0x00007ffe065a9000 	C:\Users\yohan\.vscode\extensions\redhat.java-1.30.0-win32-x64\jre\17.0.10-win32-x86_64\bin\extnet.dll
0x00007ffe19a00000 - 0x00007ffe19a34000 	C:\WINDOWS\SYSTEM32\ntmarta.dll

dbghelp: loaded successfully - version: 4.0.5 - missing functions: none
symbol engine: initialized successfully - sym options: 0x614 - pdb path: .;c:\Users\yohan\.vscode\extensions\redhat.java-1.30.0-win32-x64\jre\17.0.10-win32-x86_64\bin;C:\WINDOWS\SYSTEM32;C:\WINDOWS\WinSxS\amd64_microsoft.windows.common-controls_6595b64144ccf1df_6.0.22621.3527_none_270e469b73872a76;c:\Users\yohan\.vscode\extensions\redhat.java-1.30.0-win32-x64\jre\17.0.10-win32-x86_64\bin\server;C:\Users\yohan\AppData\Roaming\Code\User\globalStorage\redhat.java\1.30.0\config_win\org.eclipse.equinox.launcher\org.eclipse.equinox.launcher.win32.win32.x86_64_1.2.900.v20240213-1244;C:\Users\yohan\AppData\Local\Temp\jna-115155903

VM Arguments:
jvm_args: --add-modules=ALL-SYSTEM --add-opens=java.base/java.util=ALL-UNNAMED --add-opens=java.base/java.lang=ALL-UNNAMED --add-opens=java.base/sun.nio.fs=ALL-UNNAMED -Declipse.application=org.eclipse.jdt.ls.core.id1 -Dosgi.bundles.defaultStartLevel=4 -Declipse.product=org.eclipse.jdt.ls.core.product -Djava.import.generatesMetadataFilesAtProjectRoot=false -DDetectVMInstallationsJob.disabled=true -Dfile.encoding=utf8 -XX:+UseParallelGC -XX:GCTimeRatio=4 -XX:AdaptiveSizePolicyWeight=90 -Dsun.zip.disableMemoryMapping=true -Xmx1G -Xms100m -Xlog:disable -javaagent:c:\Users\yohan\.vscode\extensions\redhat.java-1.30.0-win32-x64\lombok\lombok-1.18.32.jar -XX:+HeapDumpOnOutOfMemoryError -XX:HeapDumpPath=c:\Users\yohan\AppData\Roaming\Code\User\workspaceStorage\78f44bfbca265ac3052cd2338030fd36\redhat.java -Daether.dependencyCollector.impl=bf 
java_command: c:\Users\yohan\.vscode\extensions\redhat.java-1.30.0-win32-x64\server\plugins\org.eclipse.equinox.launcher_1.6.800.v20240330-1250.jar -configuration c:\Users\yohan\AppData\Roaming\Code\User\globalStorage\redhat.java\1.30.0\config_win -data c:\Users\yohan\AppData\Roaming\Code\User\workspaceStorage\78f44bfbca265ac3052cd2338030fd36\redhat.java\jdt_ws --pipe=\\.\pipe\lsp-10e5ea5795f1e6cd6596fc5599f7c317-sock
java_class_path (initial): c:\Users\yohan\.vscode\extensions\redhat.java-1.30.0-win32-x64\server\plugins\org.eclipse.equinox.launcher_1.6.800.v20240330-1250.jar
Launcher Type: SUN_STANDARD

[Global flags]
    uintx AdaptiveSizePolicyWeight                 = 90                                        {product} {command line}
     intx CICompilerCount                          = 2                                         {product} {ergonomic}
    uintx GCTimeRatio                              = 4                                         {product} {command line}
     bool HeapDumpOnOutOfMemoryError               = true                                   {manageable} {command line}
    ccstr HeapDumpPath                             = c:\Users\yohan\AppData\Roaming\Code\User\workspaceStorage\78f44bfbca265ac3052cd2338030fd36\redhat.java         {manageable} {command line}
   size_t InitialHeapSize                          = 104857600                                 {product} {command line}
   size_t MaxHeapSize                              = 1073741824                                {product} {command line}
   size_t MaxNewSize                               = 357564416                                 {product} {ergonomic}
   size_t MinHeapDeltaBytes                        = 524288                                    {product} {ergonomic}
   size_t MinHeapSize                              = 104857600                                 {product} {command line}
   size_t NewSize                                  = 34603008                                  {product} {ergonomic}
    uintx NonNMethodCodeHeapSize                   = 5826188                                {pd product} {ergonomic}
    uintx NonProfiledCodeHeapSize                  = 122916026                              {pd product} {ergonomic}
   size_t OldSize                                  = 70254592                                  {product} {ergonomic}
    uintx ProfiledCodeHeapSize                     = 122916026                              {pd product} {ergonomic}
    uintx ReservedCodeCacheSize                    = 251658240                              {pd product} {ergonomic}
     bool SegmentedCodeCache                       = true                                      {product} {ergonomic}
   size_t SoftMaxHeapSize                          = 1073741824                             {manageable} {ergonomic}
     bool UseCompressedClassPointers               = true                           {product lp64_product} {ergonomic}
     bool UseCompressedOops                        = true                           {product lp64_product} {ergonomic}
     bool UseLargePagesIndividualAllocation        = false                                  {pd product} {ergonomic}
     bool UseParallelGC                            = true                                      {product} {command line}

Logging:
Log output configuration:
 #0: stdout all=off uptime,level,tags
 #1: stderr all=off uptime,level,tags

Environment Variables:
JAVA_HOME=C:\Program Files\Java\jdk-21
PATH=C:\WINDOWS\system32;C:\WINDOWS;C:\WINDOWS\System32\Wbem;C:\WINDOWS\System32\WindowsPowerShell\v1.0\;C:\WINDOWS\System32\OpenSSH\;C:\Program Files\Git\cmd;C:\Program Files\Java\jdk-21\bin;C:\Program Files\nodejs\;C:\Program Files\Docker\Docker\resources\bin;C:\Users\yohan\AppData\Local\Microsoft\WindowsApps;;C:\Users\yohan\AppData\Local\Programs\Microsoft VS Code\bin;C:\Program Files\JetBrains\IntelliJ IDEA 2023.3.4\bin;;C:\Users\yohan\AppData\Roaming\npm
USERNAME=yohan
OS=Windows_NT
PROCESSOR_IDENTIFIER=AMD64 Family 23 Model 24 Stepping 1, AuthenticAMD
TMP=C:\Users\yohan\AppData\Local\Temp
TEMP=C:\Users\yohan\AppData\Local\Temp



Periodic native trim disabled


---------------  S Y S T E M  ---------------

OS:
 Windows 11 , 64 bit Build 22621 (10.0.22621.3527)
OS uptime: 0 days 1:35 hours
Hyper-V role detected

CPU: total 2 (initial active 2) (2 cores per cpu, 1 threads per core) family 23 model 24 stepping 1 microcode 0x0, cx8, cmov, fxsr, mmx, 3dnowpref, sse, sse2, sse3, ssse3, sse4a, sse4.1, sse4.2, popcnt, lzcnt, tsc, tscinvbit, avx, avx2, aes, clmul, bmi1, bmi2, adx, sha, fma, vzeroupper, clflush, clflushopt, hv
Processor Information for all 2 processors :
  Max Mhz: 2300, Current Mhz: 2300, Mhz Limit: 2300

Memory: 4k page, system-wide physical 3463M (116M free)
TotalPageFile size 14215M (AvailPageFile size 5M)
current process WorkingSet (physical memory assigned to process): 289M, peak: 343M
current process commit charge ("private bytes"): 449M, peak: 450M

vm_info: OpenJDK 64-Bit Server VM (17.0.10+7) for windows-amd64 JRE (17.0.10+7), built on Jan 16 2024 23:25:11 by "admin" with MS VC++ 16.10 / 16.11 (VS2019)

END.
