#
# A fatal error has been detected by the Java Runtime Environment:
#
#  EXCEPTION_ACCESS_VIOLATION (0xc0000005) at pc=0x00007ffa45d33751, pid=1548, tid=4440
#
# JRE version: OpenJDK Runtime Environment JBR-17.0.11+1-1207.24-jcef (17.0.11+1) (build 17.0.11+1-b1207.24)
# Java VM: OpenJDK 64-Bit Server VM JBR-17.0.11+1-1207.24-jcef (17.0.11+1-b1207.24, mixed mode, tiered, compressed oops, compressed class ptrs, g1 gc, windows-amd64)
# Problematic frame:
# V  [jvm.dll+0x6d3751]
#
# No core dump will be written. Minidumps are not enabled by default on client versions of Windows
#
# If you would like to submit a bug report, please visit:
#   https://youtrack.jetbrains.com/issues/JBR
#

---------------  S U M M A R Y ------------

Command Line: -Djava.rmi.server.hostname=127.0.0.1 -Duser.timezone=UTC -Xmx2048m -Xms128m -Djdbc.classpath=C:\Program Files\JetBrains\IntelliJ IDEA 2024.1.2\plugins\DatabaseTools\lib\jdbc-console.jar;C:\Users\User\AppData\Roaming\JetBrains\IntelliJIdea2024.1\jdbc-drivers\PostgreSQL\42.6.0\org\postgresql\postgresql\42.6.0\postgresql-42.6.0.jar;C:\Users\User\AppData\Roaming\JetBrains\IntelliJIdea2024.1\jdbc-drivers\PostgreSQL\42.6.0\org\checkerframework\checker-qual\3.31.0\checker-qual-3.31.0.jar;C:\Users\User\AppData\Roaming\JetBrains\IntelliJIdea2024.1\jdbc-drivers\PostgreSQL\42.6.0\com\github\waffle\waffle-jna\1.9.1\waffle-jna-1.9.1.jar;C:\Users\User\AppData\Roaming\JetBrains\IntelliJIdea2024.1\jdbc-drivers\PostgreSQL\42.6.0\net\java\dev\jna\jna\4.5.1\jna-4.5.1.jar;C:\Users\User\AppData\Roaming\JetBrains\IntelliJIdea2024.1\jdbc-drivers\PostgreSQL\42.6.0\net\java\dev\jna\jna-platform\4.5.1\jna-platform-4.5.1.jar;C:\Users\User\AppData\Roaming\JetBrains\IntelliJIdea2024.1\jdbc-drivers\PostgreSQL\42.6.0\org\slf4j\jcl-over-slf4j\1.7.25\jcl-over-slf4j-1.7.25.jar;C:\Users\User\AppData\Roaming\JetBrains\IntelliJIdea2024.1\jdbc-drivers\PostgreSQL\42.6.0\org\slf4j\slf4j-api\1.7.25\slf4j-api-1.7.25.jar;C:\Users\User\AppData\Roaming\JetBrains\IntelliJIdea2024.1\jdbc-drivers\PostgreSQL\42.6.0\com\github\ben-manes\caffeine\caffeine\2.6.2\caffeine-2.6.2.jar --add-exports=java.desktop/sun.awt=ALL-UNNAMED --add-exports=java.desktop/java.awt.peer=ALL-UNNAMED --add-opens=java.desktop/java.awt=ALL-UNNAMED --add-opens=jdk.unsupported/sun.misc=ALL-UNNAMED --add-opens=java.base/java.nio=ALL-UNNAMED --add-opens=java.base/java.util=ALL-UNNAMED -Dfile.encoding=UTF-8 com.intellij.database.remote.RemoteJdbcServer org.postgresql.Driver

Host: Intel(R) Core(TM) i5-4200U CPU @ 1.60GHz, 4 cores, 15G,  Windows 10 , 64 bit Build 19041 (10.0.19041.3636)
Time: Thu May 30 22:23:55 2024 Central Daylight Time elapsed time: 5583.053818 seconds (0d 1h 33m 3s)

---------------  T H R E A D  ---------------

Current thread (0x000001f9ab175630):  JavaThread "C2 CompilerThread0" daemon [_thread_in_native, id=4440, stack(0x0000003b2be00000,0x0000003b2bf00000)]


Current CompileTask:
C2:5583053 2615   !   4       java.io.ObjectInputStream::readSerialData (549 bytes)

Stack: [0x0000003b2be00000,0x0000003b2bf00000],  sp=0x0000003b2befb6d0,  free space=1005k
Native frames: (J=compiled Java code, j=interpreted, Vv=VM code, C=native code)
V  [jvm.dll+0x6d3751]
V  [jvm.dll+0x1bdfdf]
V  [jvm.dll+0x21bcd9]
V  [jvm.dll+0x21afc1]
V  [jvm.dll+0x1a637d]
V  [jvm.dll+0x22ae8e]
V  [jvm.dll+0x229015]
V  [jvm.dll+0x7f53a7]
V  [jvm.dll+0x7ef7aa]
V  [jvm.dll+0x686675]
C  [ucrtbase.dll+0x21bb2]
C  [KERNEL32.DLL+0x17344]
C  [ntdll.dll+0x526b1]


siginfo: EXCEPTION_ACCESS_VIOLATION (0xc0000005), reading address 0x0000000000000040


Registers:
RAX=0x000001f9ab8f7648, RBX=0x0000003b2befeb00, RCX=0x000001f9ab175630, RDX=0x00000000000030b6
RSP=0x0000003b2befb6d0, RBP=0x0000003b2befb7d0, RSI=0x000001f9b0edbf28, RDI=0x000001f9ab8f75f0
R8 =0x000001f9ab3874e0, R9 =0x0000000000000000, R10=0x0000000000000020, R11=0x0000000000000064
R12=0x0000000000000050, R13=0x0000000000000040, R14=0x0000000000000010, R15=0x000001f9aafe2a10
RIP=0x00007ffa45d33751, EFLAGS=0x0000000000010206


Register to memory mapping:

RIP=0x00007ffa45d33751 jvm.dll
RAX=0x000001f9ab8f7648 points into unknown readable memory: 0x00007ffa461f4278 | 78 42 1f 46 fa 7f 00 00
RBX=0x0000003b2befeb00 is pointing into the stack for thread: 0x000001f9ab175630
RCX=0x000001f9ab175630 is a thread
RDX=0x00000000000030b6 is an unknown value
RSP=0x0000003b2befb6d0 is pointing into the stack for thread: 0x000001f9ab175630
RBP=0x0000003b2befb7d0 is pointing into the stack for thread: 0x000001f9ab175630
RSI=0x000001f9b0edbf28 points into unknown readable memory: 0x00007ffa45f898d0 | d0 98 f8 45 fa 7f 00 00
RDI=0x000001f9ab8f75f0 points into unknown readable memory: 0x00007ffa461f4278 | 78 42 1f 46 fa 7f 00 00
R8 =0x000001f9ab3874e0 points into unknown readable memory: 0x0000000400000001 | 01 00 00 00 04 00 00 00
R9 =0x0 is NULL
R10=0x0000000000000020 is an unknown value
R11=0x0000000000000064 is an unknown value
R12=0x0000000000000050 is an unknown value
R13=0x0000000000000040 is an unknown value
R14=0x0000000000000010 is an unknown value
R15=0x000001f9aafe2a10 points into unknown readable memory: 0x0000000000000000 | 00 00 00 00 00 00 00 00


Top of Stack: (sp=0x0000003b2befb6d0)
0x0000003b2befb6d0:   000001f9b1180228 0000003b2befb7d0
0x0000003b2befb6e0:   000001f9b0edbf28 000001f9ab8f7480
0x0000003b2befb6f0:   000001f900001639 0000003b00000003
0x0000003b2befb700:   000001f90000162b 000001f9ab38c400
0x0000003b2befb710:   000001f9b10fad00 0000003b2befb950
0x0000003b2befb720:   0000000000000037 00007ffaa4d832ab
0x0000003b2befb730:   000001f9b0edbf28 0000009100000001
0x0000003b2befb740:   0000003b00000001 0000000000000064
0x0000003b2befb750:   0000000000000000 00000072000005a0
0x0000003b2befb760:   0000003b00000064 000001f9b10fb240
0x0000003b2befb770:   00007ffa00000306 000000000003de00
0x0000003b2befb780:   0000000000000000 000001f9b10fb6d0
0x0000003b2befb790:   000001f9b1291070 0000000000000000
0x0000003b2befb7a0:   000001f9b128bc30 000001f9b128e650
0x0000003b2befb7b0:   000001f9ab3874e0 000001f9ab38c4e0
0x0000003b2befb7c0:   000001f900000000 000001f9b1291500
0x0000003b2befb7d0:   000001f9abb405f0 000001f9abb405b0
0x0000003b2befb7e0:   0000000000000091 0000000000000072
0x0000003b2befb7f0:   000001f9b1310090 0000000000000003
0x0000003b2befb800:   0000000000000000 0000000000000000
0x0000003b2befb810:   000009ff00000000 000001f9ab389ce0
0x0000003b2befb820:   0000003b2befbc90 00007ffa459ce8f8
0x0000003b2befb830:   000001f9ab389ce0 0000003b2befbbb0
0x0000003b2befb840:   00007ffa461f4278 ffffffffffffffff
0x0000003b2befb850:   000001f9b1310400 00007ffa459c9aa0
0x0000003b2befb860:   000009ff00000000 000001f9ab389ce0
0x0000003b2befb870:   0000003b2befbc90 ffffffffffffffff
0x0000003b2befb880:   0000003b2befbc90 000001f9ab353920
0x0000003b2befb890:   000001f9ab353930 000001f9ab353d08
0x0000003b2befb8a0:   00000000000003d8 0000003b2befb9a0
0x0000003b2befb8b0:   000009ff00000000 000001f9ab389ce0
0x0000003b2befb8c0:   0000003b2befbc90 00007ffa459c8e21 

Instructions: (pc=0x00007ffa45d33751)
0x00007ffa45d33651:   4c 8b bd 20 03 00 00 48 8b 5d 98 8b 50 28 48 8b
0x00007ffa45d33661:   7d b8 49 8b 47 48 48 8b 48 78 48 8b 04 d1 48 8b
0x00007ffa45d33671:   4d d8 8b 40 4c 48 8b 14 c1 48 8b 4d d0 48 8b 04
0x00007ffa45d33681:   c1 4a 8b 0c f0 4a 89 0c f3 42 0f b6 04 32 41 88
0x00007ffa45d33691:   04 3e e9 7a 03 00 00 4d 85 ed 75 24 4c 8d 0d 2c
0x00007ffa45d336a1:   dd 2e 00 ba b2 02 00 00 4c 8d 05 48 dd 2e 00 48
0x00007ffa45d336b1:   8d 0d 59 dd 2e 00 e8 c4 67 b7 ff e8 3f 3c fb ff
0x00007ffa45d336c1:   48 8b 45 28 65 48 8b 0c 25 58 00 00 00 4c 8b 3c
0x00007ffa45d336d1:   c1 b8 50 00 00 00 44 8b e0 42 80 3c 38 00 75 05
0x00007ffa45d336e1:   e8 32 99 1c 00 b8 20 00 00 00 4a 8b 0c 38 48 8b
0x00007ffa45d336f1:   81 e0 04 00 00 48 8b 98 80 00 00 00 48 81 c3 70
0x00007ffa45d33701:   02 00 00 48 8b 7b 18 48 83 ff a7 76 18 4c 8d 05
0x00007ffa45d33711:   93 a9 1d 00 ba 58 00 00 00 48 8b cb e8 de 96 9d
0x00007ffa45d33721:   ff 48 8b 7b 18 48 8d 47 58 48 3b 43 20 76 14 45
0x00007ffa45d33731:   33 c0 48 8b cb 41 8d 50 58 e8 11 94 9d ff 48 8b
0x00007ffa45d33741:   f8 eb 04 48 89 43 18 48 85 ff 0f 84 98 00 00 00
0x00007ffa45d33751:   49 8b 45 00 49 8b cd ff 50 28 48 8b ce 48 8b d8
0x00007ffa45d33761:   e8 3a ef a4 ff 48 8b cf 48 8b f0 8b 50 18 e8 dc
0x00007ffa45d33771:   f8 f8 ff 48 8d 05 4d 15 25 00 48 89 5f 38 48 89
0x00007ffa45d33781:   07 b8 01 00 00 00 89 47 50 48 8b 47 08 48 c7 47
0x00007ffa45d33791:   40 00 00 00 00 48 c7 47 48 ff ff ff ff c7 47 54
0x00007ffa45d337a1:   00 6c ca 88 c7 47 2c 0c 00 00 00 48 89 30 48 8b
0x00007ffa45d337b1:   4e 10 48 85 c9 74 20 8b 46 20 3b 46 24 75 11 8b
0x00007ffa45d337c1:   d0 48 8b ce e8 86 26 f9 ff 8b 46 20 48 8b 4e 10
0x00007ffa45d337d1:   48 89 3c c1 ff 46 20 43 80 3c 3c 00 75 05 e8 34
0x00007ffa45d337e1:   98 1c 00 48 8b 74 24 60 48 8b 44 24 78 4c 8b cf
0x00007ffa45d337f1:   48 8b 4d 98 45 8b c6 4c 8b ad 20 03 00 00 48 8b
0x00007ffa45d33801:   d6 48 89 3c c1 8b 8d 28 03 00 00 89 4c 24 20 8d
0x00007ffa45d33811:   41 01 49 8b cd 89 85 28 03 00 00 e8 8f 23 00 00
0x00007ffa45d33821:   48 63 4f 28 49 8b 85 08 01 00 00 44 8b 7d 88 4c
0x00007ffa45d33831:   8b 65 a8 4c 8b 74 24 78 44 89 3c 88 48 8b 4d 00
0x00007ffa45d33841:   8b 59 18 8d 43 01 89 41 18 3b 59 08 72 07 8b d3 


Stack slot to memory mapping:
stack at sp + 0 slots: 0x000001f9b1180228 points into unknown readable memory: 0x00007ffa46039b68 | 68 9b 03 46 fa 7f 00 00
stack at sp + 1 slots: 0x0000003b2befb7d0 is pointing into the stack for thread: 0x000001f9ab175630
stack at sp + 2 slots: 0x000001f9b0edbf28 points into unknown readable memory: 0x00007ffa45f898d0 | d0 98 f8 45 fa 7f 00 00
stack at sp + 3 slots: 0x000001f9ab8f7480 points into unknown readable memory: 0x00007ffa45f84cc8 | c8 4c f8 45 fa 7f 00 00
stack at sp + 4 slots: 0x000001f900001639 is an unknown value
stack at sp + 5 slots: 0x0000003b00000003 is an unknown value
stack at sp + 6 slots: 0x000001f90000162b is an unknown value
stack at sp + 7 slots: 0x000001f9ab38c400 points into unknown readable memory: 0x0000000000000000 | 00 00 00 00 00 00 00 00


---------------  P R O C E S S  ---------------

Threads class SMR info:
_java_thread_list=0x000001f9b0f22680, length=22, elements={
0x000001f99172bdd0, 0x000001f9aafe9140, 0x000001f9aafea670, 0x000001f9ab172260,
0x000001f9ab172c30, 0x000001f9ab173910, 0x000001f9ab174980, 0x000001f9ab175630,
0x000001f9ab179c90, 0x000001f9ab18e450, 0x000001f9ab326010, 0x000001f9ab32b510,
0x000001f9ab727cb0, 0x000001f9ab447960, 0x000001f9ab447e40, 0x000001f9ab448320,
0x000001f9ab449050, 0x000001f9ab7b3410, 0x000001f9ab7b10a0, 0x000001f9ab7b1fd0,
0x000001f9ab7b0680, 0x000001f9ab7b3920
}

Java Threads: ( => current thread )
  0x000001f99172bdd0 JavaThread "main" [_thread_blocked, id=12244, stack(0x0000003b2b100000,0x0000003b2b200000)]
  0x000001f9aafe9140 JavaThread "Reference Handler" daemon [_thread_blocked, id=4968, stack(0x0000003b2b800000,0x0000003b2b900000)]
  0x000001f9aafea670 JavaThread "Finalizer" daemon [_thread_blocked, id=1000, stack(0x0000003b2b900000,0x0000003b2ba00000)]
  0x000001f9ab172260 JavaThread "Signal Dispatcher" daemon [_thread_blocked, id=8832, stack(0x0000003b2ba00000,0x0000003b2bb00000)]
  0x000001f9ab172c30 JavaThread "Attach Listener" daemon [_thread_blocked, id=1096, stack(0x0000003b2bb00000,0x0000003b2bc00000)]
  0x000001f9ab173910 JavaThread "Service Thread" daemon [_thread_blocked, id=3068, stack(0x0000003b2bc00000,0x0000003b2bd00000)]
  0x000001f9ab174980 JavaThread "Monitor Deflation Thread" daemon [_thread_blocked, id=1708, stack(0x0000003b2bd00000,0x0000003b2be00000)]
=>0x000001f9ab175630 JavaThread "C2 CompilerThread0" daemon [_thread_in_native, id=4440, stack(0x0000003b2be00000,0x0000003b2bf00000)]
  0x000001f9ab179c90 JavaThread "C1 CompilerThread0" daemon [_thread_blocked, id=12112, stack(0x0000003b2bf00000,0x0000003b2c000000)]
  0x000001f9ab18e450 JavaThread "Sweeper thread" daemon [_thread_blocked, id=10672, stack(0x0000003b2c000000,0x0000003b2c100000)]
  0x000001f9ab326010 JavaThread "Common-Cleaner" daemon [_thread_blocked, id=1572, stack(0x0000003b2c100000,0x0000003b2c200000)]
  0x000001f9ab32b510 JavaThread "Notification Thread" daemon [_thread_blocked, id=10944, stack(0x0000003b2c200000,0x0000003b2c300000)]
  0x000001f9ab727cb0 JavaThread "RMI TCP Accept-53377" daemon [_thread_in_native, id=9456, stack(0x0000003b2c400000,0x0000003b2c500000)]
  0x000001f9ab447960 JavaThread "RMI TCP Accept-0" daemon [_thread_in_native, id=5564, stack(0x0000003b2c500000,0x0000003b2c600000)]
  0x000001f9ab447e40 JavaThread "RMI Reaper" [_thread_blocked, id=7524, stack(0x0000003b2c600000,0x0000003b2c700000)]
  0x000001f9ab448320 JavaThread "RMI GC Daemon" daemon [_thread_blocked, id=9256, stack(0x0000003b2c700000,0x0000003b2c800000)]
  0x000001f9ab449050 JavaThread "RMI TCP Connection(1)-127.0.0.1" daemon [_thread_in_native, id=1072, stack(0x0000003b2c800000,0x0000003b2c900000)]
  0x000001f9ab7b3410 JavaThread "RMI Scheduler(0)" daemon [_thread_blocked, id=3100, stack(0x0000003b2cb00000,0x0000003b2cc00000)]
  0x000001f9ab7b10a0 JavaThread "RMI RenewClean-[127.0.0.1:49919]" daemon [_thread_blocked, id=9988, stack(0x0000003b2cd00000,0x0000003b2ce00000)]
  0x000001f9ab7b1fd0 JavaThread "PostgreSQL-JDBC-Cleaner" daemon [_thread_blocked, id=2044, stack(0x0000003b2af00000,0x0000003b2b000000)]
  0x000001f9ab7b0680 JavaThread "RMI TCP Connection(6)-127.0.0.1" daemon [_thread_in_native, id=4636, stack(0x0000003b2ae00000,0x0000003b2af00000)]
  0x000001f9ab7b3920 JavaThread "RMI TCP Connection(7)-127.0.0.1" daemon [_thread_in_native, id=6236, stack(0x0000003b2c900000,0x0000003b2ca00000)]

Other Threads:
  0x000001f9ab140630 VMThread "VM Thread" [stack: 0x0000003b2b700000,0x0000003b2b800000] [id=4476]
  0x000001f9ab32c200 WatcherThread [stack: 0x0000003b2c300000,0x0000003b2c400000] [id=7072]
  0x000001f9917862b0 GCTaskThread "GC Thread#0" [stack: 0x0000003b2b200000,0x0000003b2b300000] [id=4532]
  0x000001f9ab80d9c0 GCTaskThread "GC Thread#1" [stack: 0x0000003b2ce00000,0x0000003b2cf00000] [id=11916]
  0x000001f9b0370840 GCTaskThread "GC Thread#2" [stack: 0x0000003b2cf00000,0x0000003b2d000000] [id=11404]
  0x000001f9abc9b0c0 GCTaskThread "GC Thread#3" [stack: 0x0000003b2d000000,0x0000003b2d100000] [id=7472]
  0x000001f991797110 ConcurrentGCThread "G1 Main Marker" [stack: 0x0000003b2b300000,0x0000003b2b400000] [id=3408]
  0x000001f9917981e0 ConcurrentGCThread "G1 Conc#0" [stack: 0x0000003b2b400000,0x0000003b2b500000] [id=4916]
  0x000001f9aae4c9b0 ConcurrentGCThread "G1 Refine#0" [stack: 0x0000003b2b500000,0x0000003b2b600000] [id=5904]
  0x000001f9abd12a90 ConcurrentGCThread "G1 Refine#1" [stack: 0x0000003b2d100000,0x0000003b2d200000] [id=8120]
  0x000001f9aae4e200 ConcurrentGCThread "G1 Service" [stack: 0x0000003b2b600000,0x0000003b2b700000] [id=9776]

Threads with active compile tasks:
C2 CompilerThread0  5583168 2615   !   4       java.io.ObjectInputStream::readSerialData (549 bytes)

VM state: not at safepoint (normal execution)

VM Mutex/Monitor currently owned by a thread: None

Heap address: 0x0000000080000000, size: 2048 MB, Compressed Oops mode: 32-bit

CDS archive(s) not mapped
Compressed class space mapped at: 0x0000000100000000-0x0000000140000000, reserved size: 1073741824
Narrow klass base: 0x0000000000000000, Narrow klass shift: 3, Narrow klass range: 0x140000000

GC Precious Log:
 CPUs: 4 total, 4 available
 Memory: 16268M
 Large Page Support: Disabled
 NUMA Support: Disabled
 Compressed Oops: Enabled (32-bit)
 Heap Region Size: 1M
 Heap Min Capacity: 128M
 Heap Initial Capacity: 128M
 Heap Max Capacity: 2G
 Pre-touch: Disabled
 Parallel Workers: 4
 Concurrent Workers: 1
 Concurrent Refinement Workers: 4
 Periodic GC: Disabled

Heap:
 garbage-first heap   total 131072K, used 33348K [0x0000000080000000, 0x0000000100000000)
  region size 1024K, 25 young (25600K), 0 survivors (0K)
 Metaspace       used 20357K, committed 20608K, reserved 1114112K
  class space    used 2059K, committed 2176K, reserved 1048576K

Heap Regions: E=young(eden), S=young(survivor), O=old, HS=humongous(starts), HC=humongous(continues), CS=collection set, F=free, OA=open archive, CA=closed archive, TAMS=top-at-mark-start (previous, next)
|   0|0x0000000080000000, 0x0000000080100000, 0x0000000080100000|100%|HS|  |TAMS 0x0000000080100000, 0x0000000080000000| Untracked 
|   1|0x0000000080100000, 0x0000000080200000, 0x0000000080200000|100%|HC|  |TAMS 0x0000000080200000, 0x0000000080100000| Untracked 
|   2|0x0000000080200000, 0x0000000080300000, 0x0000000080300000|100%|HC|  |TAMS 0x0000000080300000, 0x0000000080200000| Untracked 
|   3|0x0000000080300000, 0x00000000803eea38, 0x0000000080400000| 93%| O|  |TAMS 0x0000000080300000, 0x0000000080300000| Untracked 
|   4|0x0000000080400000, 0x0000000080500000, 0x0000000080500000|100%| O|  |TAMS 0x0000000080500000, 0x0000000080400000| Untracked 
|   5|0x0000000080500000, 0x00000000805fffe0, 0x0000000080600000| 99%| O|  |TAMS 0x0000000080500000, 0x0000000080500000| Untracked 
|   6|0x0000000080600000, 0x00000000806ffff8, 0x0000000080700000| 99%| O|  |TAMS 0x0000000080600000, 0x0000000080600000| Untracked 
|   7|0x0000000080700000, 0x0000000080800000, 0x0000000080800000|100%| O|  |TAMS 0x0000000080800000, 0x0000000080700000| Untracked 
|   8|0x0000000080800000, 0x00000000808280f8, 0x0000000080900000| 15%| O|  |TAMS 0x0000000080800000, 0x0000000080800000| Untracked 
|   9|0x0000000080900000, 0x000000008097a8a8, 0x0000000080a00000| 47%| O|  |TAMS 0x0000000080900000, 0x0000000080900000| Untracked 
|  10|0x0000000080a00000, 0x0000000080a00000, 0x0000000080b00000|  0%| F|  |TAMS 0x0000000080a00000, 0x0000000080a00000| Untracked 
|  11|0x0000000080b00000, 0x0000000080b00000, 0x0000000080c00000|  0%| F|  |TAMS 0x0000000080b00000, 0x0000000080b00000| Untracked 
|  12|0x0000000080c00000, 0x0000000080c00000, 0x0000000080d00000|  0%| F|  |TAMS 0x0000000080c00000, 0x0000000080c00000| Untracked 
|  13|0x0000000080d00000, 0x0000000080d00000, 0x0000000080e00000|  0%| F|  |TAMS 0x0000000080d00000, 0x0000000080d00000| Untracked 
|  14|0x0000000080e00000, 0x0000000080e00000, 0x0000000080f00000|  0%| F|  |TAMS 0x0000000080e00000, 0x0000000080e00000| Untracked 
|  15|0x0000000080f00000, 0x0000000080f00000, 0x0000000081000000|  0%| F|  |TAMS 0x0000000080f00000, 0x0000000080f00000| Untracked 
|  16|0x0000000081000000, 0x0000000081000000, 0x0000000081100000|  0%| F|  |TAMS 0x0000000081000000, 0x0000000081000000| Untracked 
|  17|0x0000000081100000, 0x0000000081100000, 0x0000000081200000|  0%| F|  |TAMS 0x0000000081100000, 0x0000000081100000| Untracked 
|  18|0x0000000081200000, 0x0000000081200000, 0x0000000081300000|  0%| F|  |TAMS 0x0000000081200000, 0x0000000081200000| Untracked 
|  19|0x0000000081300000, 0x0000000081300000, 0x0000000081400000|  0%| F|  |TAMS 0x0000000081300000, 0x0000000081300000| Untracked 
|  20|0x0000000081400000, 0x0000000081400000, 0x0000000081500000|  0%| F|  |TAMS 0x0000000081400000, 0x0000000081400000| Untracked 
|  21|0x0000000081500000, 0x0000000081500000, 0x0000000081600000|  0%| F|  |TAMS 0x0000000081500000, 0x0000000081500000| Untracked 
|  22|0x0000000081600000, 0x0000000081600000, 0x0000000081700000|  0%| F|  |TAMS 0x0000000081600000, 0x0000000081600000| Untracked 
|  23|0x0000000081700000, 0x0000000081700000, 0x0000000081800000|  0%| F|  |TAMS 0x0000000081700000, 0x0000000081700000| Untracked 
|  24|0x0000000081800000, 0x0000000081800000, 0x0000000081900000|  0%| F|  |TAMS 0x0000000081800000, 0x0000000081800000| Untracked 
|  25|0x0000000081900000, 0x0000000081900000, 0x0000000081a00000|  0%| F|  |TAMS 0x0000000081900000, 0x0000000081900000| Untracked 
|  26|0x0000000081a00000, 0x0000000081a00000, 0x0000000081b00000|  0%| F|  |TAMS 0x0000000081a00000, 0x0000000081a00000| Untracked 
|  27|0x0000000081b00000, 0x0000000081b00000, 0x0000000081c00000|  0%| F|  |TAMS 0x0000000081b00000, 0x0000000081b00000| Untracked 
|  28|0x0000000081c00000, 0x0000000081c00000, 0x0000000081d00000|  0%| F|  |TAMS 0x0000000081c00000, 0x0000000081c00000| Untracked 
|  29|0x0000000081d00000, 0x0000000081d00000, 0x0000000081e00000|  0%| F|  |TAMS 0x0000000081d00000, 0x0000000081d00000| Untracked 
|  30|0x0000000081e00000, 0x0000000081e00000, 0x0000000081f00000|  0%| F|  |TAMS 0x0000000081e00000, 0x0000000081e00000| Untracked 
|  31|0x0000000081f00000, 0x0000000081f00000, 0x0000000082000000|  0%| F|  |TAMS 0x0000000081f00000, 0x0000000081f00000| Untracked 
|  32|0x0000000082000000, 0x0000000082000000, 0x0000000082100000|  0%| F|  |TAMS 0x0000000082000000, 0x0000000082000000| Untracked 
|  33|0x0000000082100000, 0x0000000082100000, 0x0000000082200000|  0%| F|  |TAMS 0x0000000082100000, 0x0000000082100000| Untracked 
|  34|0x0000000082200000, 0x0000000082200000, 0x0000000082300000|  0%| F|  |TAMS 0x0000000082200000, 0x0000000082200000| Untracked 
|  35|0x0000000082300000, 0x0000000082300000, 0x0000000082400000|  0%| F|  |TAMS 0x0000000082300000, 0x0000000082300000| Untracked 
|  36|0x0000000082400000, 0x0000000082400000, 0x0000000082500000|  0%| F|  |TAMS 0x0000000082400000, 0x0000000082400000| Untracked 
|  37|0x0000000082500000, 0x0000000082500000, 0x0000000082600000|  0%| F|  |TAMS 0x0000000082500000, 0x0000000082500000| Untracked 
|  38|0x0000000082600000, 0x0000000082600000, 0x0000000082700000|  0%| F|  |TAMS 0x0000000082600000, 0x0000000082600000| Untracked 
|  39|0x0000000082700000, 0x0000000082700000, 0x0000000082800000|  0%| F|  |TAMS 0x0000000082700000, 0x0000000082700000| Untracked 
|  40|0x0000000082800000, 0x0000000082800000, 0x0000000082900000|  0%| F|  |TAMS 0x0000000082800000, 0x0000000082800000| Untracked 
|  41|0x0000000082900000, 0x0000000082900000, 0x0000000082a00000|  0%| F|  |TAMS 0x0000000082900000, 0x0000000082900000| Untracked 
|  42|0x0000000082a00000, 0x0000000082a00000, 0x0000000082b00000|  0%| F|  |TAMS 0x0000000082a00000, 0x0000000082a00000| Untracked 
|  43|0x0000000082b00000, 0x0000000082b00000, 0x0000000082c00000|  0%| F|  |TAMS 0x0000000082b00000, 0x0000000082b00000| Untracked 
|  44|0x0000000082c00000, 0x0000000082c00000, 0x0000000082d00000|  0%| F|  |TAMS 0x0000000082c00000, 0x0000000082c00000| Untracked 
|  45|0x0000000082d00000, 0x0000000082d00000, 0x0000000082e00000|  0%| F|  |TAMS 0x0000000082d00000, 0x0000000082d00000| Untracked 
|  46|0x0000000082e00000, 0x0000000082e00000, 0x0000000082f00000|  0%| F|  |TAMS 0x0000000082e00000, 0x0000000082e00000| Untracked 
|  47|0x0000000082f00000, 0x0000000082f00000, 0x0000000083000000|  0%| F|  |TAMS 0x0000000082f00000, 0x0000000082f00000| Untracked 
|  48|0x0000000083000000, 0x0000000083000000, 0x0000000083100000|  0%| F|  |TAMS 0x0000000083000000, 0x0000000083000000| Untracked 
|  49|0x0000000083100000, 0x0000000083100000, 0x0000000083200000|  0%| F|  |TAMS 0x0000000083100000, 0x0000000083100000| Untracked 
|  50|0x0000000083200000, 0x0000000083200000, 0x0000000083300000|  0%| F|  |TAMS 0x0000000083200000, 0x0000000083200000| Untracked 
|  51|0x0000000083300000, 0x0000000083300000, 0x0000000083400000|  0%| F|  |TAMS 0x0000000083300000, 0x0000000083300000| Untracked 
|  52|0x0000000083400000, 0x0000000083400000, 0x0000000083500000|  0%| F|  |TAMS 0x0000000083400000, 0x0000000083400000| Untracked 
|  53|0x0000000083500000, 0x0000000083500000, 0x0000000083600000|  0%| F|  |TAMS 0x0000000083500000, 0x0000000083500000| Untracked 
|  54|0x0000000083600000, 0x0000000083600000, 0x0000000083700000|  0%| F|  |TAMS 0x0000000083600000, 0x0000000083600000| Untracked 
|  55|0x0000000083700000, 0x0000000083700000, 0x0000000083800000|  0%| F|  |TAMS 0x0000000083700000, 0x0000000083700000| Untracked 
|  56|0x0000000083800000, 0x0000000083800000, 0x0000000083900000|  0%| F|  |TAMS 0x0000000083800000, 0x0000000083800000| Untracked 
|  57|0x0000000083900000, 0x0000000083900000, 0x0000000083a00000|  0%| F|  |TAMS 0x0000000083900000, 0x0000000083900000| Untracked 
|  58|0x0000000083a00000, 0x0000000083a00000, 0x0000000083b00000|  0%| F|  |TAMS 0x0000000083a00000, 0x0000000083a00000| Untracked 
|  59|0x0000000083b00000, 0x0000000083b00000, 0x0000000083c00000|  0%| F|  |TAMS 0x0000000083b00000, 0x0000000083b00000| Untracked 
|  60|0x0000000083c00000, 0x0000000083c00000, 0x0000000083d00000|  0%| F|  |TAMS 0x0000000083c00000, 0x0000000083c00000| Untracked 
|  61|0x0000000083d00000, 0x0000000083d00000, 0x0000000083e00000|  0%| F|  |TAMS 0x0000000083d00000, 0x0000000083d00000| Untracked 
|  62|0x0000000083e00000, 0x0000000083e00000, 0x0000000083f00000|  0%| F|  |TAMS 0x0000000083e00000, 0x0000000083e00000| Untracked 
|  63|0x0000000083f00000, 0x0000000083f00000, 0x0000000084000000|  0%| F|  |TAMS 0x0000000083f00000, 0x0000000083f00000| Untracked 
|  64|0x0000000084000000, 0x0000000084000000, 0x0000000084100000|  0%| F|  |TAMS 0x0000000084000000, 0x0000000084000000| Untracked 
|  65|0x0000000084100000, 0x0000000084100000, 0x0000000084200000|  0%| F|  |TAMS 0x0000000084100000, 0x0000000084100000| Untracked 
|  66|0x0000000084200000, 0x0000000084200000, 0x0000000084300000|  0%| F|  |TAMS 0x0000000084200000, 0x0000000084200000| Untracked 
|  67|0x0000000084300000, 0x0000000084300000, 0x0000000084400000|  0%| F|  |TAMS 0x0000000084300000, 0x0000000084300000| Untracked 
|  68|0x0000000084400000, 0x0000000084400000, 0x0000000084500000|  0%| F|  |TAMS 0x0000000084400000, 0x0000000084400000| Untracked 
|  69|0x0000000084500000, 0x0000000084500000, 0x0000000084600000|  0%| F|  |TAMS 0x0000000084500000, 0x0000000084500000| Untracked 
|  70|0x0000000084600000, 0x0000000084600000, 0x0000000084700000|  0%| F|  |TAMS 0x0000000084600000, 0x0000000084600000| Untracked 
|  71|0x0000000084700000, 0x0000000084700000, 0x0000000084800000|  0%| F|  |TAMS 0x0000000084700000, 0x0000000084700000| Untracked 
|  72|0x0000000084800000, 0x0000000084800000, 0x0000000084900000|  0%| F|  |TAMS 0x0000000084800000, 0x0000000084800000| Untracked 
|  73|0x0000000084900000, 0x0000000084900000, 0x0000000084a00000|  0%| F|  |TAMS 0x0000000084900000, 0x0000000084900000| Untracked 
|  74|0x0000000084a00000, 0x0000000084a00000, 0x0000000084b00000|  0%| F|  |TAMS 0x0000000084a00000, 0x0000000084a00000| Untracked 
|  75|0x0000000084b00000, 0x0000000084b00000, 0x0000000084c00000|  0%| F|  |TAMS 0x0000000084b00000, 0x0000000084b00000| Untracked 
|  76|0x0000000084c00000, 0x0000000084c00000, 0x0000000084d00000|  0%| F|  |TAMS 0x0000000084c00000, 0x0000000084c00000| Untracked 
|  77|0x0000000084d00000, 0x0000000084d00000, 0x0000000084e00000|  0%| F|  |TAMS 0x0000000084d00000, 0x0000000084d00000| Untracked 
|  78|0x0000000084e00000, 0x0000000084e00000, 0x0000000084f00000|  0%| F|  |TAMS 0x0000000084e00000, 0x0000000084e00000| Untracked 
|  79|0x0000000084f00000, 0x0000000084f00000, 0x0000000085000000|  0%| F|  |TAMS 0x0000000084f00000, 0x0000000084f00000| Untracked 
|  80|0x0000000085000000, 0x0000000085000000, 0x0000000085100000|  0%| F|  |TAMS 0x0000000085000000, 0x0000000085000000| Untracked 
|  81|0x0000000085100000, 0x0000000085100000, 0x0000000085200000|  0%| F|  |TAMS 0x0000000085100000, 0x0000000085100000| Untracked 
|  82|0x0000000085200000, 0x0000000085200000, 0x0000000085300000|  0%| F|  |TAMS 0x0000000085200000, 0x0000000085200000| Untracked 
|  83|0x0000000085300000, 0x0000000085300000, 0x0000000085400000|  0%| F|  |TAMS 0x0000000085300000, 0x0000000085300000| Untracked 
|  84|0x0000000085400000, 0x0000000085400000, 0x0000000085500000|  0%| F|  |TAMS 0x0000000085400000, 0x0000000085400000| Untracked 
|  85|0x0000000085500000, 0x0000000085500000, 0x0000000085600000|  0%| F|  |TAMS 0x0000000085500000, 0x0000000085500000| Untracked 
|  86|0x0000000085600000, 0x0000000085600000, 0x0000000085700000|  0%| F|  |TAMS 0x0000000085600000, 0x0000000085600000| Untracked 
|  87|0x0000000085700000, 0x0000000085700000, 0x0000000085800000|  0%| F|  |TAMS 0x0000000085700000, 0x0000000085700000| Untracked 
|  88|0x0000000085800000, 0x0000000085800000, 0x0000000085900000|  0%| F|  |TAMS 0x0000000085800000, 0x0000000085800000| Untracked 
|  89|0x0000000085900000, 0x0000000085900000, 0x0000000085a00000|  0%| F|  |TAMS 0x0000000085900000, 0x0000000085900000| Untracked 
|  90|0x0000000085a00000, 0x0000000085a00000, 0x0000000085b00000|  0%| F|  |TAMS 0x0000000085a00000, 0x0000000085a00000| Untracked 
|  91|0x0000000085b00000, 0x0000000085b00000, 0x0000000085c00000|  0%| F|  |TAMS 0x0000000085b00000, 0x0000000085b00000| Untracked 
|  92|0x0000000085c00000, 0x0000000085c00000, 0x0000000085d00000|  0%| F|  |TAMS 0x0000000085c00000, 0x0000000085c00000| Untracked 
|  93|0x0000000085d00000, 0x0000000085d00000, 0x0000000085e00000|  0%| F|  |TAMS 0x0000000085d00000, 0x0000000085d00000| Untracked 
|  94|0x0000000085e00000, 0x0000000085e00000, 0x0000000085f00000|  0%| F|  |TAMS 0x0000000085e00000, 0x0000000085e00000| Untracked 
|  95|0x0000000085f00000, 0x0000000085f00000, 0x0000000086000000|  0%| F|  |TAMS 0x0000000085f00000, 0x0000000085f00000| Untracked 
|  96|0x0000000086000000, 0x0000000086000000, 0x0000000086100000|  0%| F|  |TAMS 0x0000000086000000, 0x0000000086000000| Untracked 
|  97|0x0000000086100000, 0x0000000086100000, 0x0000000086200000|  0%| F|  |TAMS 0x0000000086100000, 0x0000000086100000| Untracked 
|  98|0x0000000086200000, 0x0000000086200000, 0x0000000086300000|  0%| F|  |TAMS 0x0000000086200000, 0x0000000086200000| Untracked 
|  99|0x0000000086300000, 0x0000000086300000, 0x0000000086400000|  0%| F|  |TAMS 0x0000000086300000, 0x0000000086300000| Untracked 
| 100|0x0000000086400000, 0x0000000086400000, 0x0000000086500000|  0%| F|  |TAMS 0x0000000086400000, 0x0000000086400000| Untracked 
| 101|0x0000000086500000, 0x0000000086500000, 0x0000000086600000|  0%| F|  |TAMS 0x0000000086500000, 0x0000000086500000| Untracked 
| 102|0x0000000086600000, 0x0000000086600000, 0x0000000086700000|  0%| F|  |TAMS 0x0000000086600000, 0x0000000086600000| Untracked 
| 103|0x0000000086700000, 0x00000000867e4370, 0x0000000086800000| 89%| E|  |TAMS 0x0000000086700000, 0x0000000086700000| Complete 
| 104|0x0000000086800000, 0x0000000086900000, 0x0000000086900000|100%| E|CS|TAMS 0x0000000086800000, 0x0000000086800000| Complete 
| 105|0x0000000086900000, 0x0000000086a00000, 0x0000000086a00000|100%| E|CS|TAMS 0x0000000086900000, 0x0000000086900000| Complete 
| 106|0x0000000086a00000, 0x0000000086b00000, 0x0000000086b00000|100%| E|CS|TAMS 0x0000000086a00000, 0x0000000086a00000| Complete 
| 107|0x0000000086b00000, 0x0000000086c00000, 0x0000000086c00000|100%| E|CS|TAMS 0x0000000086b00000, 0x0000000086b00000| Complete 
| 108|0x0000000086c00000, 0x0000000086d00000, 0x0000000086d00000|100%| E|CS|TAMS 0x0000000086c00000, 0x0000000086c00000| Complete 
| 109|0x0000000086d00000, 0x0000000086e00000, 0x0000000086e00000|100%| E|CS|TAMS 0x0000000086d00000, 0x0000000086d00000| Complete 
| 110|0x0000000086e00000, 0x0000000086f00000, 0x0000000086f00000|100%| E|CS|TAMS 0x0000000086e00000, 0x0000000086e00000| Complete 
| 111|0x0000000086f00000, 0x0000000087000000, 0x0000000087000000|100%| E|CS|TAMS 0x0000000086f00000, 0x0000000086f00000| Complete 
| 112|0x0000000087000000, 0x0000000087100000, 0x0000000087100000|100%| E|CS|TAMS 0x0000000087000000, 0x0000000087000000| Complete 
| 113|0x0000000087100000, 0x0000000087200000, 0x0000000087200000|100%| E|CS|TAMS 0x0000000087100000, 0x0000000087100000| Complete 
| 114|0x0000000087200000, 0x0000000087300000, 0x0000000087300000|100%| E|CS|TAMS 0x0000000087200000, 0x0000000087200000| Complete 
| 115|0x0000000087300000, 0x0000000087400000, 0x0000000087400000|100%| E|CS|TAMS 0x0000000087300000, 0x0000000087300000| Complete 
| 116|0x0000000087400000, 0x0000000087500000, 0x0000000087500000|100%| E|CS|TAMS 0x0000000087400000, 0x0000000087400000| Complete 
| 117|0x0000000087500000, 0x0000000087600000, 0x0000000087600000|100%| E|CS|TAMS 0x0000000087500000, 0x0000000087500000| Complete 
| 118|0x0000000087600000, 0x0000000087700000, 0x0000000087700000|100%| E|CS|TAMS 0x0000000087600000, 0x0000000087600000| Complete 
| 119|0x0000000087700000, 0x0000000087800000, 0x0000000087800000|100%| E|CS|TAMS 0x0000000087700000, 0x0000000087700000| Complete 
| 120|0x0000000087800000, 0x0000000087900000, 0x0000000087900000|100%| E|CS|TAMS 0x0000000087800000, 0x0000000087800000| Complete 
| 121|0x0000000087900000, 0x0000000087a00000, 0x0000000087a00000|100%| E|CS|TAMS 0x0000000087900000, 0x0000000087900000| Complete 
| 122|0x0000000087a00000, 0x0000000087b00000, 0x0000000087b00000|100%| E|CS|TAMS 0x0000000087a00000, 0x0000000087a00000| Complete 
| 123|0x0000000087b00000, 0x0000000087c00000, 0x0000000087c00000|100%| E|CS|TAMS 0x0000000087b00000, 0x0000000087b00000| Complete 
| 124|0x0000000087c00000, 0x0000000087d00000, 0x0000000087d00000|100%| E|CS|TAMS 0x0000000087c00000, 0x0000000087c00000| Complete 
| 125|0x0000000087d00000, 0x0000000087e00000, 0x0000000087e00000|100%| E|CS|TAMS 0x0000000087d00000, 0x0000000087d00000| Complete 
| 126|0x0000000087e00000, 0x0000000087f00000, 0x0000000087f00000|100%| E|CS|TAMS 0x0000000087e00000, 0x0000000087e00000| Complete 
| 127|0x0000000087f00000, 0x0000000088000000, 0x0000000088000000|100%| E|CS|TAMS 0x0000000087f00000, 0x0000000087f00000| Complete 

Card table byte_map: [0x000001f9a42c0000,0x000001f9a46c0000] _byte_map_base: 0x000001f9a3ec0000

Marking Bits (Prev, Next): (CMBitMap*) 0x000001f991786820, (CMBitMap*) 0x000001f9917867e0
 Prev Bits: [0x000001f9a6ac0000, 0x000001f9a8ac0000)
 Next Bits: [0x000001f9a4ac0000, 0x000001f9a6ac0000)

Polling page: 0x000001f98f610000

Metaspace:

Usage:
  Non-class:     17.87 MB used.
      Class:      2.01 MB used.
       Both:     19.88 MB used.

Virtual space:
  Non-class space:       64.00 MB reserved,      18.00 MB ( 28%) committed,  1 nodes.
      Class space:        1.00 GB reserved,       2.12 MB ( <1%) committed,  1 nodes.
             Both:        1.06 GB reserved,      20.12 MB (  2%) committed. 

Chunk freelists:
   Non-Class:  13.81 MB
       Class:  13.88 MB
        Both:  27.70 MB

MaxMetaspaceSize: unlimited
CompressedClassSpaceSize: 1.00 GB
Initial GC threshold: 21.00 MB
Current GC threshold: 33.44 MB
CDS: off
MetaspaceReclaimPolicy: balanced
 - commit_granule_bytes: 65536.
 - commit_granule_words: 8192.
 - virtual_space_node_default_size: 8388608.
 - enlarge_chunks_in_place: 1.
 - new_chunks_are_fully_committed: 0.
 - uncommit_free_chunks: 1.
 - use_allocation_guard: 0.
 - handle_deallocations: 1.


Internal statistics:

num_allocs_failed_limit: 0.
num_arena_births: 376.
num_arena_deaths: 24.
num_vsnodes_births: 2.
num_vsnodes_deaths: 0.
num_space_committed: 322.
num_space_uncommitted: 0.
num_chunks_returned_to_freelist: 32.
num_chunks_taken_from_freelist: 778.
num_chunk_merges: 1.
num_chunk_splits: 432.
num_chunks_enlarged: 187.
num_inconsistent_stats: 0.

CodeHeap 'non-profiled nmethods': size=120000Kb used=1449Kb max_used=1449Kb free=118550Kb
 bounds [0x000001f99c990000, 0x000001f99cc00000, 0x000001f9a3ec0000]
CodeHeap 'profiled nmethods': size=120000Kb used=5485Kb max_used=5485Kb free=114514Kb
 bounds [0x000001f994ec0000, 0x000001f995420000, 0x000001f99c3f0000]
CodeHeap 'non-nmethods': size=5760Kb used=1206Kb max_used=1277Kb free=4553Kb
 bounds [0x000001f99c3f0000, 0x000001f99c660000, 0x000001f99c990000]
 total_blobs=3155 nmethods=2648 adapters=419
 compilation: enabled
              stopped_count=0, restarted_count=0
 full_count=0

Compilation events (20 events):
Event: 5582.948 Thread 0x000001f9ab179c90 2643       3       java.util.concurrent.ConcurrentHashMap::keySet (26 bytes)
Event: 5582.949 Thread 0x000001f9ab179c90 nmethod 2643 0x000001f995416310 code [0x000001f9954164c0, 0x000001f995416858]
Event: 5582.949 Thread 0x000001f9ab179c90 2644       3       java.util.concurrent.ConcurrentHashMap$KeySetView::iterator (34 bytes)
Event: 5582.949 Thread 0x000001f9ab179c90 nmethod 2644 0x000001f995416990 code [0x000001f995416b40, 0x000001f995416d68]
Event: 5582.949 Thread 0x000001f9ab179c90 2645       3       java.util.concurrent.ConcurrentHashMap$KeyIterator::<init> (12 bytes)
Event: 5582.949 Thread 0x000001f9ab179c90 nmethod 2645 0x000001f995416e90 code [0x000001f995417020, 0x000001f995417168]
Event: 5582.949 Thread 0x000001f9ab179c90 2646   !   3       java.util.Vector$1::nextElement (62 bytes)
Event: 5582.950 Thread 0x000001f9ab179c90 nmethod 2646 0x000001f995417210 code [0x000001f9954173e0, 0x000001f9954177c8]
Event: 5582.950 Thread 0x000001f9ab179c90 2648   !   3       java.util.concurrent.ConcurrentHashMap::clear (176 bytes)
Event: 5582.950 Thread 0x000001f9ab179c90 nmethod 2648 0x000001f995417a10 code [0x000001f995417c40, 0x000001f995418608]
Event: 5582.950 Thread 0x000001f9ab179c90 2651       3       java.util.concurrent.ConcurrentHashMap$CollectionView::toArray (145 bytes)
Event: 5582.951 Thread 0x000001f9ab179c90 nmethod 2651 0x000001f995418a90 code [0x000001f995418d00, 0x000001f995419878]
Event: 5582.951 Thread 0x000001f9ab179c90 2649  s    3       com.intellij.execution.rmi.RemoteObject::unexportChildren (65 bytes)
Event: 5582.952 Thread 0x000001f9ab179c90 nmethod 2649 0x000001f995419c90 code [0x000001f995419ec0, 0x000001f99541a948]
Event: 5582.952 Thread 0x000001f9ab179c90 2647       3       java.util.Vector::elementData (7 bytes)
Event: 5582.952 Thread 0x000001f9ab179c90 nmethod 2647 0x000001f99541ac10 code [0x000001f99541ada0, 0x000001f99541aed8]
Event: 5582.952 Thread 0x000001f9ab179c90 2650       3       java.util.concurrent.ConcurrentHashMap::keySet (5 bytes)
Event: 5582.952 Thread 0x000001f9ab179c90 nmethod 2650 0x000001f99541af90 code [0x000001f99541b140, 0x000001f99541b288]
Event: 5582.952 Thread 0x000001f9ab179c90 2652       3       java.util.concurrent.ConcurrentHashMap::mappingCount (17 bytes)
Event: 5582.953 Thread 0x000001f9ab179c90 nmethod 2652 0x000001f99541b390 code [0x000001f99541b540, 0x000001f99541b6e8]

GC Heap History (8 events):
Event: 1.122 GC heap before
{Heap before GC invocations=0 (full 0):
 garbage-first heap   total 131072K, used 15360K [0x0000000080000000, 0x0000000100000000)
  region size 1024K, 13 young (13312K), 0 survivors (0K)
 Metaspace       used 14479K, committed 14784K, reserved 1114112K
  class space    used 1525K, committed 1664K, reserved 1048576K
}
Event: 1.131 GC heap after
{Heap after GC invocations=1 (full 0):
 garbage-first heap   total 131072K, used 6669K [0x0000000080000000, 0x0000000100000000)
  region size 1024K, 2 young (2048K), 2 survivors (2048K)
 Metaspace       used 14479K, committed 14784K, reserved 1114112K
  class space    used 1525K, committed 1664K, reserved 1048576K
}
Event: 2.254 GC heap before
{Heap before GC invocations=1 (full 0):
 garbage-first heap   total 131072K, used 15885K [0x0000000080000000, 0x0000000100000000)
  region size 1024K, 12 young (12288K), 2 survivors (2048K)
 Metaspace       used 18713K, committed 19072K, reserved 1114112K
  class space    used 1936K, committed 2112K, reserved 1048576K
}
Event: 2.260 GC heap after
{Heap after GC invocations=2 (full 0):
 garbage-first heap   total 131072K, used 8962K [0x0000000080000000, 0x0000000100000000)
  region size 1024K, 2 young (2048K), 2 survivors (2048K)
 Metaspace       used 18713K, committed 19072K, reserved 1114112K
  class space    used 1936K, committed 2112K, reserved 1048576K
}
Event: 162.503 GC heap before
{Heap before GC invocations=2 (full 0):
 garbage-first heap   total 131072K, used 30466K [0x0000000080000000, 0x0000000100000000)
  region size 1024K, 23 young (23552K), 2 survivors (2048K)
 Metaspace       used 20115K, committed 20352K, reserved 1114112K
  class space    used 2061K, committed 2176K, reserved 1048576K
}
Event: 162.509 GC heap after
{Heap after GC invocations=3 (full 0):
 garbage-first heap   total 131072K, used 9601K [0x0000000080000000, 0x0000000100000000)
  region size 1024K, 1 young (1024K), 1 survivors (1024K)
 Metaspace       used 20115K, committed 20352K, reserved 1114112K
  class space    used 2061K, committed 2176K, reserved 1048576K
}
Event: 3600.016 GC heap before
{Heap before GC invocations=3 (full 0):
 garbage-first heap   total 131072K, used 20865K [0x0000000080000000, 0x0000000100000000)
  region size 1024K, 13 young (13312K), 1 survivors (1024K)
 Metaspace       used 20238K, committed 20544K, reserved 1114112K
  class space    used 2061K, committed 2176K, reserved 1048576K
}
Event: 3600.068 GC heap after
{Heap after GC invocations=4 (full 1):
 garbage-first heap   total 131072K, used 8772K [0x0000000080000000, 0x0000000100000000)
  region size 1024K, 0 young (0K), 0 survivors (0K)
 Metaspace       used 20206K, committed 20544K, reserved 1114112K
  class space    used 2054K, committed 2176K, reserved 1048576K
}

Dll operation events (1 events):
Event: 0.011 Loaded shared library C:\Program Files\JetBrains\IntelliJ IDEA 2024.1.2\jbr\bin\java.dll

Deoptimization events (20 events):
Event: 5580.508 Thread 0x000001f9ab7b0680 DEOPT PACKING pc=0x000001f995238850 sp=0x0000003b2aefe1b0
Event: 5580.508 Thread 0x000001f9ab7b0680 DEOPT UNPACKING pc=0x000001f99c447143 sp=0x0000003b2aefd610 mode 0
Event: 5581.188 Thread 0x000001f9ab7b0680 DEOPT PACKING pc=0x000001f995238850 sp=0x0000003b2aefe1a0
Event: 5581.188 Thread 0x000001f9ab7b0680 DEOPT UNPACKING pc=0x000001f99c447143 sp=0x0000003b2aefd600 mode 0
Event: 5581.204 Thread 0x000001f9ab7b0680 Uncommon trap: trap_request=0xffffffbe fr.pc=0x000001f99caea2fc relative=0x00000000000002dc
Event: 5581.204 Thread 0x000001f9ab7b0680 Uncommon trap: reason=profile_predicate action=maybe_recompile pc=0x000001f99caea2fc method=sun.security.provider.HashDrbg.addBytes([BI[[B)V @ 36 c2
Event: 5581.204 Thread 0x000001f9ab7b0680 DEOPT PACKING pc=0x000001f99caea2fc sp=0x0000003b2aefe1d0
Event: 5581.204 Thread 0x000001f9ab7b0680 DEOPT UNPACKING pc=0x000001f99c4469a3 sp=0x0000003b2aefe120 mode 2
Event: 5581.204 Thread 0x000001f9ab7b0680 Uncommon trap: trap_request=0xffffffbe fr.pc=0x000001f99caea2fc relative=0x00000000000002dc
Event: 5581.204 Thread 0x000001f9ab7b0680 Uncommon trap: reason=profile_predicate action=maybe_recompile pc=0x000001f99caea2fc method=sun.security.provider.HashDrbg.addBytes([BI[[B)V @ 36 c2
Event: 5581.204 Thread 0x000001f9ab7b0680 DEOPT PACKING pc=0x000001f99caea2fc sp=0x0000003b2aefe1c0
Event: 5581.204 Thread 0x000001f9ab7b0680 DEOPT UNPACKING pc=0x000001f99c4469a3 sp=0x0000003b2aefe110 mode 2
Event: 5581.207 Thread 0x000001f9ab7b0680 Uncommon trap: trap_request=0xffffffbe fr.pc=0x000001f99caea2fc relative=0x00000000000002dc
Event: 5581.207 Thread 0x000001f9ab7b0680 Uncommon trap: reason=profile_predicate action=maybe_recompile pc=0x000001f99caea2fc method=sun.security.provider.HashDrbg.addBytes([BI[[B)V @ 36 c2
Event: 5581.207 Thread 0x000001f9ab7b0680 DEOPT PACKING pc=0x000001f99caea2fc sp=0x0000003b2aefe1c0
Event: 5581.207 Thread 0x000001f9ab7b0680 DEOPT UNPACKING pc=0x000001f99c4469a3 sp=0x0000003b2aefe110 mode 2
Event: 5581.207 Thread 0x000001f9ab7b0680 Uncommon trap: trap_request=0xffffffbe fr.pc=0x000001f99caea2fc relative=0x00000000000002dc
Event: 5581.207 Thread 0x000001f9ab7b0680 Uncommon trap: reason=profile_predicate action=maybe_recompile pc=0x000001f99caea2fc method=sun.security.provider.HashDrbg.addBytes([BI[[B)V @ 36 c2
Event: 5581.207 Thread 0x000001f9ab7b0680 DEOPT PACKING pc=0x000001f99caea2fc sp=0x0000003b2aefe1b0
Event: 5581.207 Thread 0x000001f9ab7b0680 DEOPT UNPACKING pc=0x000001f99c4469a3 sp=0x0000003b2aefe100 mode 2

Classes unloaded (12 events):
Event: 3600.035 Thread 0x000001f9ab140630 Unloading class 0x0000000100154800 'jdk/internal/reflect/GeneratedSerializationConstructorAccessor15'
Event: 3600.035 Thread 0x000001f9ab140630 Unloading class 0x0000000100154000 'jdk/internal/reflect/GeneratedSerializationConstructorAccessor12'
Event: 3600.035 Thread 0x000001f9ab140630 Unloading class 0x0000000100153800 'jdk/internal/reflect/GeneratedSerializationConstructorAccessor10'
Event: 3600.035 Thread 0x000001f9ab140630 Unloading class 0x0000000100152800 'jdk/internal/reflect/GeneratedSerializationConstructorAccessor7'
Event: 3600.035 Thread 0x000001f9ab140630 Unloading class 0x0000000100152400 'jdk/internal/reflect/GeneratedSerializationConstructorAccessor5'
Event: 3600.035 Thread 0x000001f9ab140630 Unloading class 0x0000000100151400 'jdk/internal/reflect/GeneratedSerializationConstructorAccessor1'
Event: 3600.035 Thread 0x000001f9ab140630 Unloading class 0x0000000100150000 'java/lang/invoke/LambdaForm$MH+0x0000000100150000'
Event: 3600.035 Thread 0x000001f9ab140630 Unloading class 0x000000010014f800 'java/lang/invoke/LambdaForm$MH+0x000000010014f800'
Event: 3600.036 Thread 0x000001f9ab140630 Unloading class 0x000000010014f000 'java/lang/invoke/LambdaForm$MH+0x000000010014f000'
Event: 3600.036 Thread 0x000001f9ab140630 Unloading class 0x000000010014e800 'java/lang/invoke/LambdaForm$MH+0x000000010014e800'
Event: 3600.036 Thread 0x000001f9ab140630 Unloading class 0x000000010014e000 'java/lang/invoke/LambdaForm$MH+0x000000010014e000'
Event: 3600.036 Thread 0x000001f9ab140630 Unloading class 0x000000010014d800 'java/lang/invoke/LambdaForm$MH+0x000000010014d800'

Classes redefined (0 events):
No events

Internal exceptions (20 events):
Event: 1.061 Thread 0x000001f9ab7b1ac0 Exception <a 'java/lang/NoSuchMethodError'{0x00000000874f40b0}: 'java.lang.Object java.lang.invoke.DirectMethodHandle$Holder.invokeVirtual(java.lang.Object, java.lang.Object, java.lang.Object, java.lang.Object)'> (0x00000000874f40b0) 
thrown [s\src\hotspot\share\interpreter\linkResolver.cpp, line 771]
Event: 1.063 Thread 0x000001f9ab7b1ac0 Exception <a 'java/lang/NoSuchMethodError'{0x00000000874fc920}: 'void java.lang.invoke.DirectMethodHandle$Holder.invokeStatic(java.lang.Object, java.lang.Object, java.lang.Object, java.lang.Object)'> (0x00000000874fc920) 
thrown [s\src\hotspot\share\interpreter\linkResolver.cpp, line 771]
Event: 1.082 Thread 0x000001f9ab7b1ac0 Exception <a 'java/lang/NoSuchMethodError'{0x00000000873667f8}: 'int java.lang.invoke.DirectMethodHandle$Holder.invokeStaticInit(java.lang.Object, java.lang.Object, java.lang.Object, java.lang.Object)'> (0x00000000873667f8) 
thrown [s\src\hotspot\share\interpreter\linkResolver.cpp, line 771]
Event: 1.084 Thread 0x000001f9ab7b1ac0 Exception <a 'java/lang/IncompatibleClassChangeError'{0x000000008736f9d8}: Found class java.lang.Object, but interface was expected> (0x000000008736f9d8) 
thrown [s\src\hotspot\share\interpreter\linkResolver.cpp, line 838]
Event: 1.086 Thread 0x000001f9ab7b1ac0 Exception <a 'java/lang/NoSuchMethodError'{0x00000000873768f8}: 'int java.lang.invoke.DirectMethodHandle$Holder.invokeStaticInit(java.lang.Object, java.lang.Object)'> (0x00000000873768f8) 
thrown [s\src\hotspot\share\interpreter\linkResolver.cpp, line 771]
Event: 1.384 Thread 0x000001f9ab7b1ac0 Exception <a 'sun/nio/fs/WindowsException'{0x0000000087c24770}> (0x0000000087c24770) 
thrown [s\src\hotspot\share\prims\jni.cpp, line 531]
Event: 1.683 Thread 0x000001f9ab7b1ac0 Exception <a 'java/lang/NoSuchMethodError'{0x0000000087aea7e0}: 'java.lang.Object java.lang.invoke.DirectMethodHandle$Holder.invokeStaticInit(java.lang.Object, java.lang.Object, java.lang.Object)'> (0x0000000087aea7e0) 
thrown [s\src\hotspot\share\interpreter\linkResolver.cpp, line 771]
Event: 1.698 Thread 0x000001f9ab7b1ac0 Exception <a 'java/lang/NoSuchMethodError'{0x00000000879443b8}: 'java.lang.Object java.lang.invoke.DirectMethodHandle$Holder.newInvokeSpecial(java.lang.Object, java.lang.Object, int)'> (0x00000000879443b8) 
thrown [s\src\hotspot\share\interpreter\linkResolver.cpp, line 771]
Event: 2.398 Thread 0x000001f9ab7b1ac0 Exception <a 'java/lang/NoSuchMethodError'{0x0000000087e7ed40}: static [Ljava/lang/Object;.<clinit>()V> (0x0000000087e7ed40) 
thrown [s\src\hotspot\share\prims\jni.cpp, line 1127]
Event: 2.528 Thread 0x000001f9ab7b1ac0 Exception <a 'java/lang/NoSuchMethodError'{0x0000000087db5230}: static Lcom/intellij/database/remote/jdba/core/ConnectionInfo;.<clinit>()V> (0x0000000087db5230) 
thrown [s\src\hotspot\share\prims\jni.cpp, line 1127]
Event: 2.530 Thread 0x000001f9ab7b1ac0 Exception <a 'java/lang/NoSuchMethodError'{0x0000000087dbf5e8}: static Ljava/lang/Object;.<clinit>()V> (0x0000000087dbf5e8) 
thrown [s\src\hotspot\share\prims\jni.cpp, line 1127]
Event: 2.531 Thread 0x000001f9ab7b1ac0 Exception <a 'java/lang/NoSuchMethodError'{0x0000000087dc3138}: static [I.<clinit>()V> (0x0000000087dc3138) 
thrown [s\src\hotspot\share\prims\jni.cpp, line 1127]
Event: 2.643 Thread 0x000001f9ab7b1ac0 Exception <a 'java/lang/NoSuchMethodError'{0x0000000087cdedf8}: static Lcom/intellij/database/remote/jdba/core/ResultLayout;.<clinit>()V> (0x0000000087cdedf8) 
thrown [s\src\hotspot\share\prims\jni.cpp, line 1127]
Event: 2.645 Thread 0x000001f9ab7b1ac0 Exception <a 'java/lang/NoSuchMethodError'{0x0000000087ceb950}: static Lcom/intellij/database/remote/jdba/core/RowLayout;.<clinit>()V> (0x0000000087ceb950) 
thrown [s\src\hotspot\share\prims\jni.cpp, line 1127]
Event: 2.646 Thread 0x000001f9ab7b1ac0 Exception <a 'java/lang/NoSuchMethodError'{0x0000000087cf8dc0}: static Lcom/intellij/database/remote/jdba/util/NameAndClass;.<clinit>()V> (0x0000000087cf8dc0) 
thrown [s\src\hotspot\share\prims\jni.cpp, line 1127]
Event: 4.897 Thread 0x000001f9ab7b3920 Exception <a 'java/lang/NoSuchMethodError'{0x00000000878e6870}: static [Ljava/lang/String;.<clinit>()V> (0x00000000878e6870) 
thrown [s\src\hotspot\share\prims\jni.cpp, line 1127]
Event: 162.384 Thread 0x000001f9ab7b1ac0 Implicit null exception at 0x000001f99c9f50ad to 0x000001f99c9f5924
Event: 162.392 Thread 0x000001f9ab7b1ac0 Implicit null exception at 0x000001f99ca0a65b to 0x000001f99ca148d0
Event: 300.870 Thread 0x000001f9ab7b10a0 Implicit null exception at 0x000001f99ca5addf to 0x000001f99ca5ae90
Event: 5580.576 Thread 0x000001f9ab7b0680 Exception <a 'java/lang/NoSuchMethodError'{0x00000000877fee38}: static [J.<clinit>()V> (0x00000000877fee38) 
thrown [s\src\hotspot\share\prims\jni.cpp, line 1127]

VM Operations (20 events):
Event: 1876.252 Executing VM operation: Cleanup
Event: 1876.252 Executing VM operation: Cleanup done
Event: 2450.616 Executing VM operation: Cleanup
Event: 2450.616 Executing VM operation: Cleanup done
Event: 2972.897 Executing VM operation: Cleanup
Event: 2972.897 Executing VM operation: Cleanup done
Event: 3261.026 Executing VM operation: Cleanup
Event: 3261.026 Executing VM operation: Cleanup done
Event: 3414.092 Executing VM operation: Cleanup
Event: 3414.092 Executing VM operation: Cleanup done
Event: 3600.015 Executing VM operation: G1CollectFull
Event: 3600.068 Executing VM operation: G1CollectFull done
Event: 5579.950 Executing VM operation: Cleanup
Event: 5579.950 Executing VM operation: Cleanup done
Event: 5580.950 Executing VM operation: Cleanup
Event: 5580.950 Executing VM operation: Cleanup done
Event: 5581.969 Executing VM operation: Cleanup
Event: 5581.972 Executing VM operation: Cleanup done
Event: 5582.991 Executing VM operation: Cleanup
Event: 5582.991 Executing VM operation: Cleanup done

Events (20 events):
Event: 5580.646 Thread 0x000001f9ab7b1ac0 Thread added: 0x000001f9ab7b1ac0
Event: 5580.646 Thread 0x000001f9ab3d4fa0 Thread added: 0x000001f9ab3d4fa0
Event: 5580.647 Thread 0x000001f9ab3d63e0 Thread added: 0x000001f9ab3d63e0
Event: 5580.647 Thread 0x000001f9ab3d3650 Thread added: 0x000001f9ab3d3650
Event: 5580.647 Thread 0x000001f9ab3d3b60 Thread added: 0x000001f9ab3d3b60
Event: 5580.647 Thread 0x000001f9ab3d54b0 Thread added: 0x000001f9ab3d54b0
Event: 5580.647 Thread 0x000001f9ab3d4580 Thread added: 0x000001f9ab3d4580
Event: 5580.648 Thread 0x000001f9ab3d3140 Thread added: 0x000001f9ab3d3140
Event: 5580.681 Thread 0x000001f9ab7b29f0 Thread exited: 0x000001f9ab7b29f0
Event: 5580.686 Thread 0x000001f9ab7b0170 Thread exited: 0x000001f9ab7b0170
Event: 5580.686 Thread 0x000001f9ab7b2f00 Thread exited: 0x000001f9ab7b2f00
Event: 5580.687 Thread 0x000001f9ab7b1ac0 Thread exited: 0x000001f9ab7b1ac0
Event: 5580.688 Thread 0x000001f9ab3d63e0 Thread exited: 0x000001f9ab3d63e0
Event: 5580.689 Thread 0x000001f9ab3d3b60 Thread exited: 0x000001f9ab3d3b60
Event: 5580.690 Thread 0x000001f9ab3d4580 Thread exited: 0x000001f9ab3d4580
Event: 5580.690 Thread 0x000001f9ab7b0b90 Thread exited: 0x000001f9ab7b0b90
Event: 5580.691 Thread 0x000001f9ab3d3650 Thread exited: 0x000001f9ab3d3650
Event: 5580.693 Thread 0x000001f9ab3d3140 Thread exited: 0x000001f9ab3d3140
Event: 5580.694 Thread 0x000001f9ab3d54b0 Thread exited: 0x000001f9ab3d54b0
Event: 5580.694 Thread 0x000001f9ab3d4fa0 Thread exited: 0x000001f9ab3d4fa0


Dynamic libraries:
0x00007ff704e30000 - 0x00007ff704e3a000 	C:\Program Files\JetBrains\IntelliJ IDEA 2024.1.2\jbr\bin\java.exe
0x00007ffaa7150000 - 0x00007ffaa7348000 	C:\WINDOWS\SYSTEM32\ntdll.dll
0x00007ffaa6990000 - 0x00007ffaa6a4d000 	C:\WINDOWS\System32\KERNEL32.DLL
0x00007ffaa4d30000 - 0x00007ffaa5026000 	C:\WINDOWS\System32\KERNELBASE.dll
0x00007ffaa4c30000 - 0x00007ffaa4d30000 	C:\WINDOWS\System32\ucrtbase.dll
0x00007ffa900d0000 - 0x00007ffa900eb000 	C:\Program Files\JetBrains\IntelliJ IDEA 2024.1.2\jbr\bin\VCRUNTIME140.dll
0x00007ffa8f000000 - 0x00007ffa8f017000 	C:\Program Files\JetBrains\IntelliJ IDEA 2024.1.2\jbr\bin\jli.dll
0x00007ffaa5a70000 - 0x00007ffaa5c0e000 	C:\WINDOWS\System32\USER32.dll
0x00007ffa953a0000 - 0x00007ffa9563a000 	C:\WINDOWS\WinSxS\amd64_microsoft.windows.common-controls_6595b64144ccf1df_6.0.19041.3636_none_60b6a03d71f818d5\COMCTL32.dll
0x00007ffaa48d0000 - 0x00007ffaa48f2000 	C:\WINDOWS\System32\win32u.dll
0x00007ffaa55c0000 - 0x00007ffaa565e000 	C:\WINDOWS\System32\msvcrt.dll
0x00007ffaa59d0000 - 0x00007ffaa59fc000 	C:\WINDOWS\System32\GDI32.dll
0x00007ffaa4900000 - 0x00007ffaa4a1a000 	C:\WINDOWS\System32\gdi32full.dll
0x00007ffaa4830000 - 0x00007ffaa48cd000 	C:\WINDOWS\System32\msvcp_win.dll
0x00007ffaa5870000 - 0x00007ffaa58a0000 	C:\WINDOWS\System32\IMM32.DLL
0x00007ffa9e160000 - 0x00007ffa9e16c000 	C:\Program Files\JetBrains\IntelliJ IDEA 2024.1.2\jbr\bin\vcruntime140_1.dll
0x00007ffa74920000 - 0x00007ffa749ad000 	C:\Program Files\JetBrains\IntelliJ IDEA 2024.1.2\jbr\bin\msvcp140.dll
0x00007ffa45660000 - 0x00007ffa462e3000 	C:\Program Files\JetBrains\IntelliJ IDEA 2024.1.2\jbr\bin\server\jvm.dll
0x00007ffaa6d00000 - 0x00007ffaa6daf000 	C:\WINDOWS\System32\ADVAPI32.dll
0x00007ffaa5290000 - 0x00007ffaa532c000 	C:\WINDOWS\System32\sechost.dll
0x00007ffaa6a50000 - 0x00007ffaa6b76000 	C:\WINDOWS\System32\RPCRT4.dll
0x00007ffaa3d50000 - 0x00007ffaa3d9b000 	C:\WINDOWS\SYSTEM32\POWRPROF.dll
0x00007ffaa1330000 - 0x00007ffaa1339000 	C:\WINDOWS\SYSTEM32\WSOCK32.dll
0x00007ffa8cc10000 - 0x00007ffa8cc37000 	C:\WINDOWS\SYSTEM32\WINMM.dll
0x00007ffaa5a00000 - 0x00007ffaa5a6b000 	C:\WINDOWS\System32\WS2_32.dll
0x00007ffa95790000 - 0x00007ffa9579a000 	C:\WINDOWS\SYSTEM32\VERSION.dll
0x00007ffaa3c10000 - 0x00007ffaa3c22000 	C:\WINDOWS\SYSTEM32\UMPDC.dll
0x00007ffaa26b0000 - 0x00007ffaa26c2000 	C:\WINDOWS\SYSTEM32\kernel.appcore.dll
0x00007ffa935d0000 - 0x00007ffa935da000 	C:\Program Files\JetBrains\IntelliJ IDEA 2024.1.2\jbr\bin\jimage.dll
0x00007ffa8ed30000 - 0x00007ffa8ef14000 	C:\WINDOWS\SYSTEM32\DBGHELP.DLL
0x00007ffa8ecf0000 - 0x00007ffa8ed24000 	C:\WINDOWS\SYSTEM32\dbgcore.DLL
0x00007ffaa50f0000 - 0x00007ffaa5172000 	C:\WINDOWS\System32\bcryptPrimitives.dll
0x00007ffa8fbc0000 - 0x00007ffa8fbe5000 	C:\Program Files\JetBrains\IntelliJ IDEA 2024.1.2\jbr\bin\java.dll
0x00007ffa8fba0000 - 0x00007ffa8fbb8000 	C:\Program Files\JetBrains\IntelliJ IDEA 2024.1.2\jbr\bin\zip.dll
0x00007ffaa60f0000 - 0x00007ffaa6835000 	C:\WINDOWS\System32\SHELL32.dll
0x00007ffaa28b0000 - 0x00007ffaa304b000 	C:\WINDOWS\SYSTEM32\windows.storage.dll
0x00007ffaa6db0000 - 0x00007ffaa7104000 	C:\WINDOWS\System32\combase.dll
0x00007ffaa4190000 - 0x00007ffaa41bd000 	C:\WINDOWS\SYSTEM32\Wldp.dll
0x00007ffaa6c50000 - 0x00007ffaa6cfd000 	C:\WINDOWS\System32\SHCORE.dll
0x00007ffaa68d0000 - 0x00007ffaa6925000 	C:\WINDOWS\System32\shlwapi.dll
0x00007ffaa4760000 - 0x00007ffaa4785000 	C:\WINDOWS\SYSTEM32\profapi.dll
0x00007ffa8fb80000 - 0x00007ffa8fb99000 	C:\Program Files\JetBrains\IntelliJ IDEA 2024.1.2\jbr\bin\net.dll
0x00007ffa9ab70000 - 0x00007ffa9ac7a000 	C:\WINDOWS\SYSTEM32\WINHTTP.dll
0x00007ffaa3f70000 - 0x00007ffaa3fda000 	C:\WINDOWS\system32\mswsock.dll
0x00007ffa8fb60000 - 0x00007ffa8fb76000 	C:\Program Files\JetBrains\IntelliJ IDEA 2024.1.2\jbr\bin\nio.dll
0x00007ffaa3c30000 - 0x00007ffaa3c6b000 	C:\WINDOWS\SYSTEM32\IPHLPAPI.DLL
0x00007ffaa54e0000 - 0x00007ffaa54e8000 	C:\WINDOWS\System32\NSI.dll
0x00007ffa9bc70000 - 0x00007ffa9bc87000 	C:\WINDOWS\SYSTEM32\dhcpcsvc6.DLL
0x00007ffa9df80000 - 0x00007ffa9df9d000 	C:\WINDOWS\SYSTEM32\dhcpcsvc.DLL
0x00007ffaa3c70000 - 0x00007ffaa3d3a000 	C:\WINDOWS\SYSTEM32\DNSAPI.dll
0x00007ffaa4330000 - 0x00007ffaa4348000 	C:\WINDOWS\SYSTEM32\CRYPTSP.dll
0x00007ffaa3850000 - 0x00007ffaa3884000 	C:\WINDOWS\system32\rsaenh.dll
0x00007ffaa5180000 - 0x00007ffaa51a7000 	C:\WINDOWS\System32\bcrypt.dll
0x00007ffaa46e0000 - 0x00007ffaa470e000 	C:\WINDOWS\SYSTEM32\USERENV.dll
0x00007ffaa4100000 - 0x00007ffaa410c000 	C:\WINDOWS\SYSTEM32\CRYPTBASE.dll
0x00007ffa8fb20000 - 0x00007ffa8fb29000 	C:\Program Files\JetBrains\IntelliJ IDEA 2024.1.2\jbr\bin\extnet.dll
0x00007ffa4c8f0000 - 0x00007ffa4c8f7000 	C:\Program Files\JetBrains\IntelliJ IDEA 2024.1.2\jbr\bin\rmi.dll
0x00007ffa95070000 - 0x00007ffa9507a000 	C:\Windows\System32\rasadhlp.dll
0x00007ffa96a00000 - 0x00007ffa96a80000 	C:\WINDOWS\System32\fwpuclnt.dll
0x00007ffa8f450000 - 0x00007ffa8f459000 	C:\Program Files\JetBrains\IntelliJ IDEA 2024.1.2\jbr\bin\management.dll
0x00007ffa8f400000 - 0x00007ffa8f40b000 	C:\Program Files\JetBrains\IntelliJ IDEA 2024.1.2\jbr\bin\management_ext.dll
0x00007ffaa5800000 - 0x00007ffaa5808000 	C:\WINDOWS\System32\PSAPI.DLL

dbghelp: loaded successfully - version: 4.0.5 - missing functions: none
symbol engine: initialized successfully - sym options: 0x614 - pdb path: .;C:\Program Files\JetBrains\IntelliJ IDEA 2024.1.2\jbr\bin;C:\WINDOWS\SYSTEM32;C:\WINDOWS\WinSxS\amd64_microsoft.windows.common-controls_6595b64144ccf1df_6.0.19041.3636_none_60b6a03d71f818d5;C:\Program Files\JetBrains\IntelliJ IDEA 2024.1.2\jbr\bin\server

VM Arguments:
jvm_args: -Djava.rmi.server.hostname=127.0.0.1 -Duser.timezone=UTC -Xmx2048m -Xms128m -Djdbc.classpath=C:\Program Files\JetBrains\IntelliJ IDEA 2024.1.2\plugins\DatabaseTools\lib\jdbc-console.jar;C:\Users\User\AppData\Roaming\JetBrains\IntelliJIdea2024.1\jdbc-drivers\PostgreSQL\42.6.0\org\postgresql\postgresql\42.6.0\postgresql-42.6.0.jar;C:\Users\User\AppData\Roaming\JetBrains\IntelliJIdea2024.1\jdbc-drivers\PostgreSQL\42.6.0\org\checkerframework\checker-qual\3.31.0\checker-qual-3.31.0.jar;C:\Users\User\AppData\Roaming\JetBrains\IntelliJIdea2024.1\jdbc-drivers\PostgreSQL\42.6.0\com\github\waffle\waffle-jna\1.9.1\waffle-jna-1.9.1.jar;C:\Users\User\AppData\Roaming\JetBrains\IntelliJIdea2024.1\jdbc-drivers\PostgreSQL\42.6.0\net\java\dev\jna\jna\4.5.1\jna-4.5.1.jar;C:\Users\User\AppData\Roaming\JetBrains\IntelliJIdea2024.1\jdbc-drivers\PostgreSQL\42.6.0\net\java\dev\jna\jna-platform\4.5.1\jna-platform-4.5.1.jar;C:\Users\User\AppData\Roaming\JetBrains\IntelliJIdea2024.1\jdbc-drivers\PostgreSQL\42.6.0\org\slf4j\jcl-over-slf4j\1.7.25\jcl-over-slf4j-1.7.25.jar;C:\Users\User\AppData\Roaming\JetBrains\IntelliJIdea2024.1\jdbc-drivers\PostgreSQL\42.6.0\org\slf4j\slf4j-api\1.7.25\slf4j-api-1.7.25.jar;C:\Users\User\AppData\Roaming\JetBrains\IntelliJIdea2024.1\jdbc-drivers\PostgreSQL\42.6.0\com\github\ben-manes\caffeine\caffeine\2.6.2\caffeine-2.6.2.jar --add-exports=java.desktop/sun.awt=ALL-UNNAMED --add-exports=java.desktop/java.awt.peer=ALL-UNNAMED --add-opens=java.desktop/java.awt=ALL-UNNAMED --add-opens=jdk.unsupported/sun.misc=ALL-UNNAMED --add-opens=java.base/java.nio=ALL-UNNAMED --add-opens=java.base/java.util=ALL-UNNAMED -Dfile.encoding=UTF-8 
java_command: com.intellij.database.remote.RemoteJdbcServer org.postgresql.Driver
java_class_path (initial): C:\Program Files\JetBrains\IntelliJ IDEA 2024.1.2\lib\util_rt.jar;C:\Program Files\JetBrains\IntelliJ IDEA 2024.1.2\lib\util-8.jar;C:\Program Files\JetBrains\IntelliJ IDEA 2024.1.2\lib\groovy.jar;C:\Program Files\JetBrains\IntelliJ IDEA 2024.1.2\plugins\DatabaseTools\lib\jdbc-console.jar;C:\Program Files\JetBrains\IntelliJ IDEA 2024.1.2\plugins\grid-core-impl\lib\jdbc-console-types.jar;C:\Program Files\JetBrains\IntelliJ IDEA 2024.1.2\lib\util.jar
Launcher Type: SUN_STANDARD

[Global flags]
     intx CICompilerCount                          = 3                                         {product} {ergonomic}
     uint ConcGCThreads                            = 1                                         {product} {ergonomic}
     uint G1ConcRefinementThreads                  = 4                                         {product} {ergonomic}
   size_t G1HeapRegionSize                         = 1048576                                   {product} {ergonomic}
    uintx GCDrainStackTargetSize                   = 64                                        {product} {ergonomic}
   size_t InitialHeapSize                          = 134217728                                 {product} {command line}
   size_t MarkStackSize                            = 4194304                                   {product} {ergonomic}
   size_t MaxHeapSize                              = 2147483648                                {product} {command line}
   size_t MaxNewSize                               = 1287651328                                {product} {ergonomic}
   size_t MinHeapDeltaBytes                        = 1048576                                   {product} {ergonomic}
   size_t MinHeapSize                              = 134217728                                 {product} {command line}
    uintx NonNMethodCodeHeapSize                   = 5832780                                {pd product} {ergonomic}
    uintx NonProfiledCodeHeapSize                  = 122912730                              {pd product} {ergonomic}
    uintx ProfiledCodeHeapSize                     = 122912730                              {pd product} {ergonomic}
    uintx ReservedCodeCacheSize                    = 251658240                              {pd product} {ergonomic}
     bool SegmentedCodeCache                       = true                                      {product} {ergonomic}
   size_t SoftMaxHeapSize                          = 2147483648                             {manageable} {ergonomic}
     bool UseCompressedClassPointers               = true                           {product lp64_product} {ergonomic}
     bool UseCompressedOops                        = true                           {product lp64_product} {ergonomic}
     bool UseG1GC                                  = true                                      {product} {ergonomic}
     bool UseLargePagesIndividualAllocation        = false                                  {pd product} {ergonomic}

Logging:
Log output configuration:
 #0: stdout all=warning uptime,level,tags
 #1: stderr all=off uptime,level,tags

Environment Variables:
JAVA_HOME=C:\Program Files\Java\jdk-21
PATH=C:\Program Files\Common Files\Oracle\Java\javapath;C:\WINDOWS\system32;C:\WINDOWS;C:\WINDOWS\System32\Wbem;C:\WINDOWS\System32\WindowsPowerShell\v1.0\;C:\WINDOWS\System32\OpenSSH\;C:\Program Files\apache-maven-3.9.7\bin;C:\Program Files\Docker\Docker\resources\bin;C:\Program Files\Java\jdk-21\bin;C:\Program Files\Git\cmd;C:\Users\User\AppData\Local\Microsoft\WindowsApps;;C:\Program Files\JetBrains\IntelliJ IDEA 2024.1.2\bin;
USERNAME=User
OS=Windows_NT
PROCESSOR_IDENTIFIER=Intel64 Family 6 Model 69 Stepping 1, GenuineIntel
TMP=C:\Users\User\AppData\Local\Temp
TEMP=C:\Users\User\AppData\Local\Temp



Periodic native trim disabled

JNI global refs:
JNI global refs: 16, weak refs: 0

JNI global refs memory usage: 843, weak refs: 209

Process memory usage:
Resident Set Size: 112760K (0% of 16658796K total physical memory with 6626120K free physical memory)

OOME stack traces (most recent first):
Classloader memory used:
Loader bootstrap                                                                       : 1982K
Loader jdk.internal.loader.ClassLoaders$AppClassLoader                                 : 268K
Loader com.intellij.database.remote.jdbc.impl.JdbcClassLoader$JdbcClassLoaderImpl      : 227K
Loader jdk.internal.loader.ClassLoaders$PlatformClassLoader                            : 39084B
Loader jdk.internal.reflect.DelegatingClassLoader                                      : 27743B
Loader com.intellij.database.remote.jdbc.impl.JdbcClassLoader$1                        : 829B


---------------  S Y S T E M  ---------------

OS:
 Windows 10 , 64 bit Build 19041 (10.0.19041.3636)
OS uptime: 0 days 3:00 hours
Hyper-V role detected

CPU: total 4 (initial active 4) (2 cores per cpu, 2 threads per core) family 6 model 69 stepping 1 microcode 0x25, cx8, cmov, fxsr, ht, mmx, sse, sse2, sse3, ssse3, sse4.1, sse4.2, popcnt, lzcnt, tsc, tscinvbit, avx, avx2, aes, erms, clmul, bmi1, bmi2, fma, vzeroupper, clflush, hv
Processor Information for all 4 processors :
  Max Mhz: 2301, Current Mhz: 2301, Mhz Limit: 2301

Memory: 4k page, system-wide physical 16268M (6470M free)
TotalPageFile size 18700M (AvailPageFile size 7030M)
current process WorkingSet (physical memory assigned to process): 110M, peak: 126M
current process commit charge ("private bytes"): 242M, peak: 256M

vm_info: OpenJDK 64-Bit Server VM (17.0.11+1-b1207.24) for windows-amd64 JRE (17.0.11+1-b1207.24), built on 2024-05-15 by "builduser" with MS VC++ 16.10 / 16.11 (VS2019)

END.
